Model: 1_Dense_W7_H1

Length of train and test sets: (2224, 556)
Train labels are the same before and after window split: True
Epoch 1/100
18/18 - 0s - loss: 2501.4114 - mae: 2501.4114 - mse: 16491647.0000 - val_loss: 6581.9292 - val_mae: 6581.9292 - val_mse: 77682040.0000
Epoch 2/100
18/18 - 0s - loss: 422.0607 - mae: 422.0607 - mse: 644698.0625 - val_loss: 1520.8287 - val_mae: 1520.8286 - val_mse: 6539267.0000
Epoch 3/100
18/18 - 0s - loss: 205.6747 - mae: 205.6747 - mse: 186572.0625 - val_loss: 987.7773 - val_mae: 987.7772 - val_mse: 3272695.2500
Epoch 4/100
18/18 - 0s - loss: 178.7779 - mae: 178.7779 - mse: 166762.2344 - val_loss: 935.0253 - val_mae: 935.0253 - val_mse: 2934035.5000
Epoch 5/100
18/18 - 0s - loss: 165.2669 - mae: 165.2669 - mse: 145353.7188 - val_loss: 911.9861 - val_mae: 911.9861 - val_mse: 2753717.7500
Epoch 6/100
18/18 - 0s - loss: 163.0622 - mae: 163.0622 - mse: 143605.0000 - val_loss: 913.4402 - val_mae: 913.4402 - val_mse: 2795664.2500
Epoch 7/100
18/18 - 0s - loss: 159.2246 - mae: 159.2246 - mse: 138825.6562 - val_loss: 878.4551 - val_mae: 878.4551 - val_mse: 2584276.2500
Epoch 8/100
18/18 - 0s - loss: 155.7259 - mae: 155.7259 - mse: 132327.5000 - val_loss: 868.4191 - val_mae: 868.4191 - val_mse: 2490763.5000
Epoch 9/100
18/18 - 0s - loss: 152.6740 - mae: 152.6740 - mse: 129598.2344 - val_loss: 877.1779 - val_mae: 877.1779 - val_mse: 2456360.5000
Epoch 10/100
18/18 - 0s - loss: 150.7989 - mae: 150.7989 - mse: 125538.8203 - val_loss: 839.6803 - val_mae: 839.6803 - val_mse: 2331536.7500
Epoch 11/100
18/18 - 0s - loss: 148.4242 - mae: 148.4242 - mse: 120939.6172 - val_loss: 817.9482 - val_mae: 817.9482 - val_mse: 2263092.0000
Epoch 12/100
18/18 - 0s - loss: 142.8907 - mae: 142.8907 - mse: 113025.9219 - val_loss: 846.8005 - val_mae: 846.8005 - val_mse: 2190248.2500
Epoch 13/100
18/18 - 0s - loss: 140.4015 - mae: 140.4015 - mse: 110545.4297 - val_loss: 806.0764 - val_mae: 806.0764 - val_mse: 2046605.1250
Epoch 14/100
18/18 - 0s - loss: 136.3403 - mae: 136.3403 - mse: 103721.0547 - val_loss: 771.5679 - val_mae: 771.5679 - val_mse: 1926231.6250
Epoch 15/100
18/18 - 0s - loss: 134.2923 - mae: 134.2923 - mse: 100768.6172 - val_loss: 761.5250 - val_mae: 761.5250 - val_mse: 1864868.1250
Epoch 16/100
18/18 - 0s - loss: 132.0900 - mae: 132.0900 - mse: 98105.6797 - val_loss: 730.9416 - val_mae: 730.9416 - val_mse: 1764706.3750
Epoch 17/100
18/18 - 0s - loss: 130.0959 - mae: 130.0959 - mse: 94806.7734 - val_loss: 707.1656 - val_mae: 707.1656 - val_mse: 1684501.7500
Epoch 18/100
18/18 - 0s - loss: 127.3007 - mae: 127.3007 - mse: 92320.0625 - val_loss: 703.2897 - val_mae: 703.2897 - val_mse: 1642384.2500
Epoch 19/100
18/18 - 0s - loss: 124.6324 - mae: 124.6324 - mse: 89172.0000 - val_loss: 706.1497 - val_mae: 706.1497 - val_mse: 1622455.5000
Epoch 20/100
18/18 - 0s - loss: 124.2810 - mae: 124.2810 - mse: 89693.1875 - val_loss: 699.5464 - val_mae: 699.5464 - val_mse: 1659108.2500
Epoch 21/100
18/18 - 0s - loss: 126.5783 - mae: 126.5783 - mse: 90264.5625 - val_loss: 665.8430 - val_mae: 665.8430 - val_mse: 1531251.7500
Epoch 22/100
18/18 - 0s - loss: 123.2909 - mae: 123.2909 - mse: 86940.8672 - val_loss: 672.7410 - val_mae: 672.7410 - val_mse: 1552042.1250
Epoch 23/100
18/18 - 0s - loss: 119.9414 - mae: 119.9414 - mse: 83642.9922 - val_loss: 644.5698 - val_mae: 644.5698 - val_mse: 1430704.3750
Epoch 24/100
18/18 - 0s - loss: 118.7447 - mae: 118.7447 - mse: 82421.4062 - val_loss: 636.5118 - val_mae: 636.5118 - val_mse: 1401940.3750
Epoch 25/100
18/18 - 0s - loss: 116.8171 - mae: 116.8171 - mse: 79319.8203 - val_loss: 630.8967 - val_mae: 630.8967 - val_mse: 1390830.7500
Epoch 26/100
18/18 - 0s - loss: 119.7075 - mae: 119.7075 - mse: 79635.6719 - val_loss: 675.2353 - val_mae: 675.2353 - val_mse: 1522506.3750
Epoch 27/100
18/18 - 0s - loss: 118.4225 - mae: 118.4225 - mse: 81546.5078 - val_loss: 626.8829 - val_mae: 626.8829 - val_mse: 1377004.5000
Epoch 28/100
18/18 - 0s - loss: 113.9983 - mae: 113.9983 - mse: 77364.8047 - val_loss: 618.0093 - val_mae: 618.0093 - val_mse: 1324339.8750
Epoch 29/100
18/18 - 0s - loss: 113.4615 - mae: 113.4615 - mse: 76590.7500 - val_loss: 615.0780 - val_mae: 615.0780 - val_mse: 1311378.7500
Epoch 30/100
18/18 - 0s - loss: 115.8198 - mae: 115.8198 - mse: 77463.5391 - val_loss: 631.2815 - val_mae: 631.2815 - val_mse: 1337596.8750
Epoch 31/100
18/18 - 0s - loss: 121.4535 - mae: 121.4535 - mse: 79915.2812 - val_loss: 812.3297 - val_mae: 812.3297 - val_mse: 1841939.6250
Epoch 32/100
18/18 - 0s - loss: 125.7373 - mae: 125.7373 - mse: 81751.1250 - val_loss: 625.4977 - val_mae: 625.4977 - val_mse: 1318376.7500
Epoch 33/100
18/18 - 0s - loss: 116.2495 - mae: 116.2495 - mse: 73838.2500 - val_loss: 600.2650 - val_mae: 600.2650 - val_mse: 1268857.0000
Epoch 34/100
18/18 - 0s - loss: 113.5498 - mae: 113.5498 - mse: 76459.0156 - val_loss: 592.9522 - val_mae: 592.9522 - val_mse: 1254898.3750
Epoch 35/100
18/18 - 0s - loss: 111.9360 - mae: 111.9360 - mse: 75551.6797 - val_loss: 590.4557 - val_mae: 590.4557 - val_mse: 1247055.6250
Epoch 36/100
18/18 - 0s - loss: 116.1720 - mae: 116.1720 - mse: 75934.9297 - val_loss: 653.3865 - val_mae: 653.3865 - val_mse: 1377737.2500
Epoch 37/100
18/18 - 0s - loss: 112.1802 - mae: 112.1802 - mse: 74390.4141 - val_loss: 590.8455 - val_mae: 590.8455 - val_mse: 1248781.3750
Epoch 38/100
18/18 - 0s - loss: 110.3252 - mae: 110.3252 - mse: 74150.3203 - val_loss: 592.7515 - val_mae: 592.7515 - val_mse: 1251657.8750
Epoch 39/100
18/18 - 0s - loss: 111.6222 - mae: 111.6222 - mse: 73669.4375 - val_loss: 642.5399 - val_mae: 642.5399 - val_mse: 1365584.0000
Epoch 40/100
18/18 - 0s - loss: 109.8411 - mae: 109.8411 - mse: 73663.6719 - val_loss: 582.7114 - val_mae: 582.7114 - val_mse: 1224345.6250
Epoch 41/100
18/18 - 0s - loss: 109.2776 - mae: 109.2776 - mse: 72687.9141 - val_loss: 626.0356 - val_mae: 626.0356 - val_mse: 1319810.1250
Epoch 42/100
18/18 - 0s - loss: 113.4539 - mae: 113.4539 - mse: 75262.5312 - val_loss: 577.3873 - val_mae: 577.3873 - val_mse: 1207370.6250
Epoch 43/100
18/18 - 0s - loss: 109.7377 - mae: 109.7377 - mse: 72064.3516 - val_loss: 589.3561 - val_mae: 589.3561 - val_mse: 1233527.6250
Epoch 44/100
18/18 - 0s - loss: 111.1948 - mae: 111.1948 - mse: 73311.2812 - val_loss: 588.4379 - val_mae: 588.4378 - val_mse: 1230681.7500
Epoch 45/100
18/18 - 0s - loss: 108.6676 - mae: 108.6676 - mse: 72493.0547 - val_loss: 581.1154 - val_mae: 581.1154 - val_mse: 1205796.8750
Epoch 46/100
18/18 - 0s - loss: 109.6053 - mae: 109.6053 - mse: 72691.2031 - val_loss: 573.9240 - val_mae: 573.9240 - val_mse: 1195097.8750
Epoch 47/100
18/18 - 0s - loss: 109.7229 - mae: 109.7229 - mse: 73471.8594 - val_loss: 628.6795 - val_mae: 628.6795 - val_mse: 1302606.8750
Epoch 48/100
18/18 - 0s - loss: 109.0218 - mae: 109.0218 - mse: 71892.6406 - val_loss: 610.8005 - val_mae: 610.8005 - val_mse: 1261837.3750
Epoch 49/100
18/18 - 0s - loss: 111.6885 - mae: 111.6885 - mse: 72497.7812 - val_loss: 571.4110 - val_mae: 571.4110 - val_mse: 1187803.8750
Epoch 50/100
18/18 - 0s - loss: 108.5153 - mae: 108.5153 - mse: 71451.3359 - val_loss: 621.8665 - val_mae: 621.8665 - val_mse: 1295146.8750
Epoch 51/100
18/18 - 0s - loss: 109.3447 - mae: 109.3447 - mse: 71506.8438 - val_loss: 580.5555 - val_mae: 580.5555 - val_mse: 1196606.3750
Epoch 52/100
18/18 - 0s - loss: 109.1774 - mae: 109.1774 - mse: 72717.4531 - val_loss: 587.2858 - val_mae: 587.2858 - val_mse: 1217179.6250
Epoch 53/100
18/18 - 0s - loss: 111.5311 - mae: 111.5311 - mse: 72859.7812 - val_loss: 568.9371 - val_mae: 568.9371 - val_mse: 1178705.3750
Epoch 54/100
18/18 - 0s - loss: 111.1914 - mae: 111.1914 - mse: 72876.9375 - val_loss: 589.5867 - val_mae: 589.5867 - val_mse: 1211916.2500
Epoch 55/100
18/18 - 0s - loss: 109.6696 - mae: 109.6696 - mse: 72688.7188 - val_loss: 606.1189 - val_mae: 606.1189 - val_mse: 1254608.7500
Epoch 56/100
18/18 - 0s - loss: 110.0777 - mae: 110.0777 - mse: 72396.2734 - val_loss: 780.5298 - val_mae: 780.5298 - val_mse: 1759102.7500
Epoch 57/100
18/18 - 0s - loss: 124.1004 - mae: 124.1004 - mse: 82027.8438 - val_loss: 682.6539 - val_mae: 682.6539 - val_mse: 1448197.5000
Epoch 58/100
18/18 - 0s - loss: 116.2730 - mae: 116.2730 - mse: 75085.3672 - val_loss: 657.4111 - val_mae: 657.4111 - val_mse: 1377990.6250
Epoch 59/100
18/18 - 0s - loss: 108.0614 - mae: 108.0614 - mse: 70275.5234 - val_loss: 599.0277 - val_mae: 599.0277 - val_mse: 1237995.2500
Epoch 60/100
18/18 - 0s - loss: 109.8599 - mae: 109.8599 - mse: 72616.9297 - val_loss: 581.6042 - val_mae: 581.6042 - val_mse: 1192177.5000
Epoch 61/100
18/18 - 0s - loss: 107.2567 - mae: 107.2567 - mse: 71287.0625 - val_loss: 597.0928 - val_mae: 597.0928 - val_mse: 1222616.3750
Epoch 62/100
18/18 - 0s - loss: 108.7038 - mae: 108.7038 - mse: 69726.1562 - val_loss: 566.3903 - val_mae: 566.3903 - val_mse: 1168861.1250
Epoch 63/100
18/18 - 0s - loss: 107.6820 - mae: 107.6820 - mse: 70633.0078 - val_loss: 612.1161 - val_mae: 612.1161 - val_mse: 1255366.2500
Epoch 64/100
18/18 - 0s - loss: 110.3757 - mae: 110.3757 - mse: 72013.2344 - val_loss: 654.3708 - val_mae: 654.3708 - val_mse: 1348279.0000
Epoch 65/100
18/18 - 0s - loss: 112.6454 - mae: 112.6454 - mse: 73641.1562 - val_loss: 570.8547 - val_mae: 570.8547 - val_mse: 1171297.0000
Epoch 66/100
18/18 - 0s - loss: 109.1307 - mae: 109.1307 - mse: 70493.8438 - val_loss: 572.0500 - val_mae: 572.0500 - val_mse: 1178657.6250
Epoch 67/100
18/18 - 0s - loss: 106.2062 - mae: 106.2062 - mse: 68790.1562 - val_loss: 594.1031 - val_mae: 594.1031 - val_mse: 1222876.1250
Epoch 68/100
18/18 - 0s - loss: 111.2959 - mae: 111.2959 - mse: 69830.3672 - val_loss: 646.5332 - val_mae: 646.5332 - val_mse: 1340540.8750
Epoch 69/100
18/18 - 0s - loss: 119.4145 - mae: 119.4145 - mse: 77430.1562 - val_loss: 647.1799 - val_mae: 647.1799 - val_mse: 1343144.7500
Epoch 70/100
18/18 - 0s - loss: 118.1423 - mae: 118.1423 - mse: 76961.7969 - val_loss: 576.2344 - val_mae: 576.2344 - val_mse: 1189073.5000
Epoch 71/100
18/18 - 0s - loss: 108.8186 - mae: 108.8186 - mse: 70850.6484 - val_loss: 603.0623 - val_mae: 603.0623 - val_mse: 1231927.7500
Epoch 72/100
18/18 - 0s - loss: 109.3414 - mae: 109.3414 - mse: 70321.5781 - val_loss: 562.9844 - val_mae: 562.9844 - val_mse: 1156619.2500
Epoch 73/100
18/18 - 0s - loss: 105.9844 - mae: 105.9844 - mse: 68995.6250 - val_loss: 564.5377 - val_mae: 564.5377 - val_mse: 1162144.7500
Epoch 74/100
18/18 - 0s - loss: 106.7872 - mae: 106.7872 - mse: 70120.9062 - val_loss: 563.1374 - val_mae: 563.1374 - val_mse: 1157512.2500
Epoch 75/100
18/18 - 0s - loss: 105.9031 - mae: 105.9031 - mse: 69026.7031 - val_loss: 576.3205 - val_mae: 576.3205 - val_mse: 1174073.6250
Epoch 76/100
18/18 - 0s - loss: 107.1318 - mae: 107.1318 - mse: 69675.7109 - val_loss: 562.3078 - val_mae: 562.3078 - val_mse: 1151670.5000
Epoch 77/100
18/18 - 0s - loss: 106.3914 - mae: 106.3914 - mse: 68316.3906 - val_loss: 564.3265 - val_mae: 564.3265 - val_mse: 1157612.8750
Epoch 78/100
18/18 - 0s - loss: 107.7346 - mae: 107.7346 - mse: 68460.6328 - val_loss: 569.1935 - val_mae: 569.1935 - val_mse: 1166409.2500
Epoch 79/100
18/18 - 0s - loss: 108.4577 - mae: 108.4577 - mse: 72089.1875 - val_loss: 611.0287 - val_mae: 611.0287 - val_mse: 1251753.2500
Epoch 80/100
18/18 - 0s - loss: 107.8363 - mae: 107.8363 - mse: 70229.8359 - val_loss: 575.8940 - val_mae: 575.8940 - val_mse: 1171856.8750
Epoch 81/100
18/18 - 0s - loss: 105.5835 - mae: 105.5835 - mse: 68601.5547 - val_loss: 561.4991 - val_mae: 561.4991 - val_mse: 1150150.3750
Epoch 82/100
18/18 - 0s - loss: 111.8481 - mae: 111.8481 - mse: 73316.7422 - val_loss: 561.1277 - val_mae: 561.1277 - val_mse: 1148970.1250
Epoch 83/100
18/18 - 0s - loss: 109.6129 - mae: 109.6129 - mse: 71023.0469 - val_loss: 641.4290 - val_mae: 641.4290 - val_mse: 1320883.6250
Epoch 84/100
18/18 - 0s - loss: 113.3058 - mae: 113.3058 - mse: 71701.7500 - val_loss: 563.0360 - val_mae: 563.0360 - val_mse: 1149971.1250
Epoch 85/100
18/18 - 0s - loss: 107.2459 - mae: 107.2459 - mse: 70371.3359 - val_loss: 562.6371 - val_mae: 562.6371 - val_mse: 1148978.5000
Epoch 86/100
18/18 - 0s - loss: 105.3484 - mae: 105.3484 - mse: 68086.3516 - val_loss: 587.5411 - val_mae: 587.5411 - val_mse: 1190703.5000
Epoch 87/100
18/18 - 0s - loss: 106.4438 - mae: 106.4438 - mse: 67952.9688 - val_loss: 560.5704 - val_mae: 560.5704 - val_mse: 1143570.0000
Epoch 88/100
18/18 - 0s - loss: 105.9178 - mae: 105.9178 - mse: 69194.9141 - val_loss: 566.7253 - val_mae: 566.7253 - val_mse: 1157274.5000
Epoch 89/100
18/18 - 0s - loss: 106.8575 - mae: 106.8575 - mse: 67852.0469 - val_loss: 572.9858 - val_mae: 572.9858 - val_mse: 1169734.8750
Epoch 90/100
18/18 - 0s - loss: 105.1891 - mae: 105.1891 - mse: 67059.9219 - val_loss: 631.9337 - val_mae: 631.9337 - val_mse: 1287195.2500
Epoch 91/100
18/18 - 0s - loss: 109.8193 - mae: 109.8193 - mse: 70600.3906 - val_loss: 606.1877 - val_mae: 606.1877 - val_mse: 1239827.2500
Epoch 92/100
18/18 - 0s - loss: 106.5127 - mae: 106.5127 - mse: 69064.3984 - val_loss: 583.0247 - val_mae: 583.0247 - val_mse: 1192777.6250
Epoch 93/100
18/18 - 0s - loss: 111.7441 - mae: 111.7441 - mse: 71053.9766 - val_loss: 589.2527 - val_mae: 589.2527 - val_mse: 1204667.7500
Epoch 94/100
18/18 - 0s - loss: 108.2181 - mae: 108.2181 - mse: 70467.0625 - val_loss: 593.5635 - val_mae: 593.5635 - val_mse: 1201131.1250
Epoch 95/100
18/18 - 0s - loss: 105.3409 - mae: 105.3409 - mse: 67224.8906 - val_loss: 563.1732 - val_mae: 563.1732 - val_mse: 1144834.7500
Epoch 96/100
18/18 - 0s - loss: 109.1649 - mae: 109.1649 - mse: 69709.1797 - val_loss: 645.8125 - val_mae: 645.8125 - val_mse: 1330027.0000
Epoch 97/100
18/18 - 0s - loss: 108.7776 - mae: 108.7776 - mse: 70794.6094 - val_loss: 585.0943 - val_mae: 585.0943 - val_mse: 1195867.8750
Epoch 98/100
18/18 - 0s - loss: 108.2624 - mae: 108.2624 - mse: 69124.2734 - val_loss: 562.6351 - val_mae: 562.6351 - val_mse: 1148094.0000
Epoch 99/100
18/18 - 0s - loss: 107.1114 - mae: 107.1114 - mse: 69257.1562 - val_loss: 565.1967 - val_mae: 565.1967 - val_mse: 1149263.6250
Epoch 100/100
18/18 - 0s - loss: 107.4744 - mae: 107.4744 - mse: 68185.8203 - val_loss: 594.6725 - val_mae: 594.6725 - val_mse: 1201989.8750

Model 1 Results:

{'MAE': 560.57043,
 'MAPE': 2.52201,
 'MASE': 0.9847668,
 'MSE': 1143570.0,
 'RMSE': 1069.3783}
