Model: 7_NBEATS


Testing N-BEATS Block Class
Dummy Input Shape: (1, 7)
Backcast: [-0.6771181  -1.1641743   1.0178783   0.4880094  -0.41826177 -1.0556253
 -0.3452627 ]
Forecast: 0.5720229744911194

Training N-BEATS Model
Epoch 1/5000
3/3 - 4s - loss: 2885.6377 - val_loss: 570459.4375
Epoch 2/5000
3/3 - 1s - loss: 15404.2344 - val_loss: 3193.8552
Epoch 3/5000
3/3 - 1s - loss: 713.5347 - val_loss: 6083.3335
Epoch 4/5000
3/3 - 1s - loss: 721.0018 - val_loss: 2622.3430
Epoch 5/5000
3/3 - 1s - loss: 1142.2650 - val_loss: 7222.1084
Epoch 6/5000
3/3 - 1s - loss: 720.3445 - val_loss: 9981.9648
Epoch 7/5000
3/3 - 1s - loss: 3174.8835 - val_loss: 2330.5278
Epoch 8/5000
3/3 - 1s - loss: 1426.8845 - val_loss: 7818.2935
Epoch 9/5000
3/3 - 1s - loss: 1270.9963 - val_loss: 4105.8174
Epoch 10/5000
3/3 - 1s - loss: 356.2438 - val_loss: 1070.3472
Epoch 11/5000
3/3 - 1s - loss: 268.6927 - val_loss: 1035.4877
Epoch 12/5000
3/3 - 1s - loss: 345.8044 - val_loss: 1281.3634
Epoch 13/5000
3/3 - 1s - loss: 407.1504 - val_loss: 1843.8469
Epoch 14/5000
3/3 - 1s - loss: 213.5438 - val_loss: 1187.4429
Epoch 15/5000
3/3 - 1s - loss: 196.8658 - val_loss: 1312.4058
Epoch 16/5000
3/3 - 1s - loss: 225.7612 - val_loss: 1082.3661
Epoch 17/5000
3/3 - 1s - loss: 290.8219 - val_loss: 1079.8323
Epoch 18/5000
3/3 - 1s - loss: 301.1745 - val_loss: 1324.9495
Epoch 19/5000
3/3 - 1s - loss: 197.2480 - val_loss: 989.9352
Epoch 20/5000
3/3 - 1s - loss: 186.7727 - val_loss: 987.8476
Epoch 21/5000
3/3 - 1s - loss: 224.9874 - val_loss: 1499.4928
Epoch 22/5000
3/3 - 1s - loss: 380.9109 - val_loss: 1387.6191
Epoch 23/5000
3/3 - 1s - loss: 205.4986 - val_loss: 1047.8578
Epoch 24/5000
3/3 - 1s - loss: 173.2564 - val_loss: 986.8041
Epoch 25/5000
3/3 - 1s - loss: 167.9780 - val_loss: 1140.2668
Epoch 26/5000
3/3 - 1s - loss: 223.9709 - val_loss: 1067.9301
Epoch 27/5000
3/3 - 1s - loss: 365.5257 - val_loss: 1103.1952
Epoch 28/5000
3/3 - 1s - loss: 351.5555 - val_loss: 1483.1971
Epoch 29/5000
3/3 - 1s - loss: 186.1540 - val_loss: 1594.3378
Epoch 30/5000
3/3 - 1s - loss: 409.1909 - val_loss: 1104.9944
Epoch 31/5000
3/3 - 1s - loss: 432.7789 - val_loss: 1121.7446
Epoch 32/5000
3/3 - 1s - loss: 212.1663 - val_loss: 1394.4126
Epoch 33/5000
3/3 - 1s - loss: 174.7191 - val_loss: 874.3192
Epoch 34/5000
3/3 - 1s - loss: 156.0460 - val_loss: 874.5045
Epoch 35/5000
3/3 - 1s - loss: 154.4701 - val_loss: 1102.3350
Epoch 36/5000
3/3 - 1s - loss: 206.6623 - val_loss: 1265.6311
Epoch 37/5000
3/3 - 1s - loss: 374.4257 - val_loss: 923.1121
Epoch 38/5000
3/3 - 1s - loss: 358.0837 - val_loss: 2103.5193
Epoch 39/5000
3/3 - 1s - loss: 210.6459 - val_loss: 937.3420
Epoch 40/5000
3/3 - 1s - loss: 176.3782 - val_loss: 1250.3020
Epoch 41/5000
3/3 - 1s - loss: 279.6491 - val_loss: 840.5822
Epoch 42/5000
3/3 - 1s - loss: 329.0403 - val_loss: 915.7613
Epoch 43/5000
3/3 - 1s - loss: 216.5290 - val_loss: 1219.9338
Epoch 44/5000
3/3 - 1s - loss: 159.3212 - val_loss: 818.9810
Epoch 45/5000
3/3 - 1s - loss: 149.1332 - val_loss: 798.1577
Epoch 46/5000
3/3 - 1s - loss: 166.8806 - val_loss: 1168.8427
Epoch 47/5000
3/3 - 1s - loss: 297.8995 - val_loss: 906.8408
Epoch 48/5000
3/3 - 1s - loss: 222.0696 - val_loss: 806.9565
Epoch 49/5000
3/3 - 1s - loss: 195.3885 - val_loss: 894.3199
Epoch 50/5000
3/3 - 1s - loss: 166.1295 - val_loss: 776.7700
Epoch 51/5000
3/3 - 1s - loss: 175.7129 - val_loss: 772.9860
Epoch 52/5000
3/3 - 1s - loss: 197.7437 - val_loss: 813.8464
Epoch 53/5000
3/3 - 1s - loss: 231.7504 - val_loss: 916.7673
Epoch 54/5000
3/3 - 1s - loss: 176.6286 - val_loss: 780.8303
Epoch 55/5000
3/3 - 1s - loss: 160.7031 - val_loss: 765.6163
Epoch 56/5000
3/3 - 1s - loss: 166.6242 - val_loss: 791.6728
Epoch 57/5000
3/3 - 1s - loss: 201.7023 - val_loss: 757.9529
Epoch 58/5000
3/3 - 1s - loss: 205.4423 - val_loss: 748.7178
Epoch 59/5000
3/3 - 1s - loss: 192.8475 - val_loss: 845.3539
Epoch 60/5000
3/3 - 1s - loss: 165.2398 - val_loss: 740.8782
Epoch 61/5000
3/3 - 1s - loss: 165.4286 - val_loss: 749.4616
Epoch 62/5000
3/3 - 1s - loss: 166.1480 - val_loss: 739.6568
Epoch 63/5000
3/3 - 1s - loss: 184.0295 - val_loss: 736.2040
Epoch 64/5000
3/3 - 1s - loss: 184.9074 - val_loss: 722.7015
Epoch 65/5000
3/3 - 1s - loss: 197.1568 - val_loss: 798.9984
Epoch 66/5000
3/3 - 1s - loss: 170.5682 - val_loss: 727.3304
Epoch 67/5000
3/3 - 1s - loss: 161.0984 - val_loss: 732.9168
Epoch 68/5000
3/3 - 1s - loss: 160.7868 - val_loss: 723.2856
Epoch 69/5000
3/3 - 1s - loss: 182.0806 - val_loss: 721.1336
Epoch 70/5000
3/3 - 1s - loss: 185.6001 - val_loss: 710.0410
Epoch 71/5000
3/3 - 1s - loss: 195.3874 - val_loss: 818.1050
Epoch 72/5000
3/3 - 1s - loss: 159.9421 - val_loss: 715.8637
Epoch 73/5000
3/3 - 1s - loss: 152.5833 - val_loss: 709.6064
Epoch 74/5000
3/3 - 1s - loss: 161.5206 - val_loss: 722.9117
Epoch 75/5000
3/3 - 1s - loss: 191.3018 - val_loss: 715.9567
Epoch 76/5000
3/3 - 1s - loss: 187.4437 - val_loss: 696.7610
Epoch 77/5000
3/3 - 1s - loss: 188.3729 - val_loss: 801.3817
Epoch 78/5000
3/3 - 1s - loss: 155.2843 - val_loss: 703.7441
Epoch 79/5000
3/3 - 1s - loss: 148.9860 - val_loss: 696.6724
Epoch 80/5000
3/3 - 1s - loss: 160.9468 - val_loss: 716.3275
Epoch 81/5000
3/3 - 1s - loss: 192.7755 - val_loss: 714.5922
Epoch 82/5000
3/3 - 1s - loss: 181.3461 - val_loss: 686.0365
Epoch 83/5000
3/3 - 1s - loss: 184.2137 - val_loss: 766.3693
Epoch 84/5000
3/3 - 1s - loss: 157.6822 - val_loss: 689.3958
Epoch 85/5000
3/3 - 1s - loss: 155.3674 - val_loss: 692.1839
Epoch 86/5000
3/3 - 1s - loss: 162.4796 - val_loss: 688.6898
Epoch 87/5000
3/3 - 1s - loss: 176.8794 - val_loss: 692.8707
Epoch 88/5000
3/3 - 1s - loss: 177.7773 - val_loss: 680.9579
Epoch 89/5000
3/3 - 1s - loss: 193.3038 - val_loss: 798.4719
Epoch 90/5000
3/3 - 1s - loss: 152.0450 - val_loss: 689.7699
Epoch 91/5000
3/3 - 1s - loss: 145.0529 - val_loss: 678.4662
Epoch 92/5000
3/3 - 1s - loss: 158.5686 - val_loss: 700.8599
Epoch 93/5000
3/3 - 1s - loss: 190.4254 - val_loss: 702.1341
Epoch 94/5000
3/3 - 1s - loss: 175.8626 - val_loss: 671.5790
Epoch 95/5000
3/3 - 1s - loss: 178.6115 - val_loss: 735.4312
Epoch 96/5000
3/3 - 1s - loss: 156.7549 - val_loss: 673.1781
Epoch 97/5000
3/3 - 1s - loss: 157.3065 - val_loss: 679.0394
Epoch 98/5000
3/3 - 1s - loss: 162.3790 - val_loss: 674.4553
Epoch 99/5000
3/3 - 1s - loss: 176.7878 - val_loss: 684.5317
Epoch 100/5000
3/3 - 1s - loss: 175.7322 - val_loss: 668.1107
Epoch 101/5000
3/3 - 1s - loss: 183.6169 - val_loss: 760.4132
Epoch 102/5000
3/3 - 1s - loss: 151.3468 - val_loss: 671.9515
Epoch 103/5000
3/3 - 1s - loss: 150.0608 - val_loss: 674.6321
Epoch 104/5000
3/3 - 1s - loss: 155.9571 - val_loss: 676.5405
Epoch 105/5000
3/3 - 1s - loss: 177.3938 - val_loss: 673.7912
Epoch 106/5000
3/3 - 1s - loss: 180.0786 - val_loss: 662.6890
Epoch 107/5000
3/3 - 1s - loss: 177.2999 - val_loss: 743.6149
Epoch 108/5000
3/3 - 1s - loss: 150.4870 - val_loss: 665.3257
Epoch 109/5000
3/3 - 1s - loss: 151.7933 - val_loss: 669.3638
Epoch 110/5000
3/3 - 1s - loss: 158.4096 - val_loss: 668.1585
Epoch 111/5000
3/3 - 1s - loss: 176.0526 - val_loss: 673.8589
Epoch 112/5000
3/3 - 1s - loss: 173.8986 - val_loss: 657.7164
Epoch 113/5000
3/3 - 1s - loss: 180.2218 - val_loss: 739.6459
Epoch 114/5000
3/3 - 1s - loss: 150.2961 - val_loss: 658.2481
Epoch 115/5000
3/3 - 1s - loss: 154.6069 - val_loss: 668.2086
Epoch 116/5000
3/3 - 1s - loss: 158.0054 - val_loss: 663.6376
Epoch 117/5000
3/3 - 1s - loss: 174.0122 - val_loss: 675.0699
Epoch 118/5000
3/3 - 1s - loss: 170.3199 - val_loss: 656.8376
Epoch 119/5000
3/3 - 1s - loss: 179.3650 - val_loss: 740.8983
Epoch 120/5000
3/3 - 1s - loss: 149.6190 - val_loss: 660.3066
Epoch 121/5000
3/3 - 1s - loss: 148.0287 - val_loss: 661.3521
Epoch 122/5000
3/3 - 1s - loss: 155.4105 - val_loss: 662.1729
Epoch 123/5000
3/3 - 1s - loss: 174.6352 - val_loss: 669.6760
Epoch 124/5000
3/3 - 1s - loss: 171.2689 - val_loss: 651.4814
Epoch 125/5000
3/3 - 1s - loss: 175.4868 - val_loss: 723.2472
Epoch 126/5000
3/3 - 1s - loss: 150.1207 - val_loss: 652.7867
Epoch 127/5000
3/3 - 1s - loss: 154.9641 - val_loss: 665.7523
Epoch 128/5000
3/3 - 1s - loss: 153.7467 - val_loss: 656.3422
Epoch 129/5000
3/3 - 1s - loss: 171.4238 - val_loss: 673.4020
Epoch 130/5000
3/3 - 1s - loss: 161.6164 - val_loss: 649.4921
Epoch 131/5000
3/3 - 1s - loss: 173.2216 - val_loss: 682.5417
Epoch 132/5000
3/3 - 1s - loss: 160.6052 - val_loss: 649.2241
Epoch 133/5000
3/3 - 1s - loss: 173.0413 - val_loss: 676.9022
Epoch 134/5000
3/3 - 1s - loss: 162.2489 - val_loss: 649.5625
Epoch 135/5000
3/3 - 1s - loss: 169.4229 - val_loss: 673.4473
Epoch 136/5000
3/3 - 1s - loss: 162.7791 - val_loss: 653.4726
Epoch 137/5000
3/3 - 1s - loss: 179.4263 - val_loss: 666.5519
Epoch 138/5000
3/3 - 1s - loss: 170.8565 - val_loss: 653.7401
Epoch 139/5000
3/3 - 1s - loss: 181.9898 - val_loss: 708.5241
Epoch 140/5000
3/3 - 1s - loss: 157.1735 - val_loss: 673.2651
Epoch 141/5000
3/3 - 1s - loss: 193.3455 - val_loss: 647.7037
Epoch 142/5000
3/3 - 1s - loss: 201.8002 - val_loss: 649.9161
Epoch 143/5000
3/3 - 1s - loss: 185.5468 - val_loss: 802.6549
Epoch 144/5000
3/3 - 1s - loss: 137.8303 - val_loss: 654.8571
Epoch 145/5000
3/3 - 1s - loss: 158.4834 - val_loss: 750.9978
Epoch 146/5000
3/3 - 1s - loss: 249.5484 - val_loss: 722.3972
Epoch 147/5000
3/3 - 1s - loss: 265.5125 - val_loss: 969.0825
Epoch 148/5000
3/3 - 1s - loss: 139.3956 - val_loss: 655.1553
Epoch 149/5000
3/3 - 1s - loss: 155.4280 - val_loss: 823.3852
Epoch 150/5000
3/3 - 1s - loss: 285.9294 - val_loss: 706.0823
Epoch 151/5000
3/3 - 1s - loss: 302.6063 - val_loss: 1533.4747
Epoch 152/5000
3/3 - 1s - loss: 154.2086 - val_loss: 838.5578
Epoch 153/5000
3/3 - 1s - loss: 139.1212 - val_loss: 934.0204
Epoch 154/5000
3/3 - 1s - loss: 216.1791 - val_loss: 653.1555
Epoch 155/5000
3/3 - 1s - loss: 213.4848 - val_loss: 687.2228
Epoch 156/5000
3/3 - 1s - loss: 175.5888 - val_loss: 841.8745
Epoch 157/5000
3/3 - 1s - loss: 130.7220 - val_loss: 651.9064
Epoch 158/5000
3/3 - 1s - loss: 133.1050 - val_loss: 649.0112
Epoch 159/5000
3/3 - 1s - loss: 154.1304 - val_loss: 691.1251
Epoch 160/5000
3/3 - 1s - loss: 193.3719 - val_loss: 739.1597
Epoch 161/5000
3/3 - 1s - loss: 149.6129 - val_loss: 648.3099
Epoch 162/5000
3/3 - 1s - loss: 146.2118 - val_loss: 649.1350
Epoch 163/5000
3/3 - 1s - loss: 149.3895 - val_loss: 649.2839
Epoch 164/5000
3/3 - 1s - loss: 171.8307 - val_loss: 667.7427
Epoch 165/5000
3/3 - 1s - loss: 158.6897 - val_loss: 638.3006
Epoch 166/5000
3/3 - 1s - loss: 160.3260 - val_loss: 682.9877
Epoch 167/5000
3/3 - 1s - loss: 144.3765 - val_loss: 636.3066
Epoch 168/5000
3/3 - 1s - loss: 155.2412 - val_loss: 654.3301
Epoch 169/5000
3/3 - 1s - loss: 150.1448 - val_loss: 637.3265
Epoch 170/5000
3/3 - 1s - loss: 163.8449 - val_loss: 670.6568
Epoch 171/5000
3/3 - 1s - loss: 147.1072 - val_loss: 639.1506
Epoch 172/5000
3/3 - 1s - loss: 168.7594 - val_loss: 635.8405
Epoch 173/5000
3/3 - 1s - loss: 174.9615 - val_loss: 634.0534
Epoch 174/5000
3/3 - 1s - loss: 171.1552 - val_loss: 729.1111
Epoch 175/5000
3/3 - 1s - loss: 139.2216 - val_loss: 634.5971
Epoch 176/5000
3/3 - 1s - loss: 143.2106 - val_loss: 633.5305
Epoch 177/5000
3/3 - 1s - loss: 152.3775 - val_loss: 640.0972
Epoch 178/5000
3/3 - 1s - loss: 173.7723 - val_loss: 688.0425
Epoch 179/5000
3/3 - 1s - loss: 148.5912 - val_loss: 632.9037
Epoch 180/5000
3/3 - 1s - loss: 148.2188 - val_loss: 652.9683
Epoch 181/5000
3/3 - 1s - loss: 140.2318 - val_loss: 633.2754
Epoch 182/5000
3/3 - 1s - loss: 160.6780 - val_loss: 653.2677
Epoch 183/5000
3/3 - 1s - loss: 147.7643 - val_loss: 625.6982
Epoch 184/5000
3/3 - 1s - loss: 156.8214 - val_loss: 665.1903
Epoch 185/5000
3/3 - 1s - loss: 141.0495 - val_loss: 625.6935
Epoch 186/5000
3/3 - 1s - loss: 156.0643 - val_loss: 653.2109
Epoch 187/5000
3/3 - 1s - loss: 143.8333 - val_loss: 624.8809
Epoch 188/5000
3/3 - 1s - loss: 157.9019 - val_loss: 655.2418
Epoch 189/5000
3/3 - 1s - loss: 144.4043 - val_loss: 624.5045
Epoch 190/5000
3/3 - 1s - loss: 161.6886 - val_loss: 654.5491
Epoch 191/5000
3/3 - 1s - loss: 146.9220 - val_loss: 622.3588
Epoch 192/5000
3/3 - 1s - loss: 152.8362 - val_loss: 649.4205
Epoch 193/5000
3/3 - 1s - loss: 141.8314 - val_loss: 624.0552
Epoch 194/5000
3/3 - 1s - loss: 162.0878 - val_loss: 644.6915
Epoch 195/5000
3/3 - 1s - loss: 149.7592 - val_loss: 619.5986
Epoch 196/5000
3/3 - 1s - loss: 159.8775 - val_loss: 670.6508
Epoch 197/5000
3/3 - 1s - loss: 140.2973 - val_loss: 619.8655
Epoch 198/5000
3/3 - 1s - loss: 152.8129 - val_loss: 637.3234
Epoch 199/5000
3/3 - 1s - loss: 145.2781 - val_loss: 622.5084
Epoch 200/5000
3/3 - 1s - loss: 165.0809 - val_loss: 663.0410
Epoch 201/5000
3/3 - 1s - loss: 145.3010 - val_loss: 618.5914
Epoch 202/5000
3/3 - 1s - loss: 152.1496 - val_loss: 648.5139
Epoch 203/5000
3/3 - 1s - loss: 140.2121 - val_loss: 618.9899
Epoch 204/5000
3/3 - 1s - loss: 157.9164 - val_loss: 637.6230
Epoch 205/5000
3/3 - 1s - loss: 148.6154 - val_loss: 616.0696
Epoch 206/5000
3/3 - 1s - loss: 162.3992 - val_loss: 662.9857
Epoch 207/5000
3/3 - 1s - loss: 142.3461 - val_loss: 616.5818
Epoch 208/5000
3/3 - 1s - loss: 155.6429 - val_loss: 633.3864
Epoch 209/5000
3/3 - 1s - loss: 147.1333 - val_loss: 618.2671
Epoch 210/5000
3/3 - 1s - loss: 163.6638 - val_loss: 654.4375
Epoch 211/5000
3/3 - 1s - loss: 144.4473 - val_loss: 616.1481
Epoch 212/5000
3/3 - 1s - loss: 159.1412 - val_loss: 640.7844
Epoch 213/5000
3/3 - 1s - loss: 146.9552 - val_loss: 614.5478
Epoch 214/5000
3/3 - 1s - loss: 160.0516 - val_loss: 650.2926
Epoch 215/5000
3/3 - 1s - loss: 142.2786 - val_loss: 616.0222
Epoch 216/5000
3/3 - 1s - loss: 158.9731 - val_loss: 621.8219
Epoch 217/5000
3/3 - 1s - loss: 156.4086 - val_loss: 635.4343
Epoch 218/5000
3/3 - 1s - loss: 184.7113 - val_loss: 615.1329
Epoch 219/5000
3/3 - 1s - loss: 182.3604 - val_loss: 684.4439
Epoch 220/5000
3/3 - 1s - loss: 221.9963 - val_loss: 746.4951
Epoch 221/5000
3/3 - 1s - loss: 146.7955 - val_loss: 620.1087
Epoch 222/5000
3/3 - 1s - loss: 147.5683 - val_loss: 617.3694
Epoch 223/5000
3/3 - 1s - loss: 163.1430 - val_loss: 658.6288
Epoch 224/5000
3/3 - 1s - loss: 203.3581 - val_loss: 710.6545
Epoch 225/5000
3/3 - 1s - loss: 148.4730 - val_loss: 619.9531
Epoch 226/5000
3/3 - 1s - loss: 167.3410 - val_loss: 617.7792
Epoch 227/5000
3/3 - 1s - loss: 173.1233 - val_loss: 631.3155
Epoch 228/5000
3/3 - 1s - loss: 196.1907 - val_loss: 733.6814
Epoch 229/5000
3/3 - 1s - loss: 141.2545 - val_loss: 619.0401
Epoch 230/5000
3/3 - 1s - loss: 149.6188 - val_loss: 618.6987
Epoch 231/5000
3/3 - 1s - loss: 157.2474 - val_loss: 646.9439
Epoch 232/5000
3/3 - 1s - loss: 194.9976 - val_loss: 767.1731
Epoch 233/5000
3/3 - 1s - loss: 136.8685 - val_loss: 627.6951
Epoch 234/5000
3/3 - 1s - loss: 135.5713 - val_loss: 615.1298
Epoch 235/5000
3/3 - 1s - loss: 145.1429 - val_loss: 642.1812
Epoch 236/5000
3/3 - 1s - loss: 178.8475 - val_loss: 692.2619
Epoch 237/5000
3/3 - 1s - loss: 143.4698 - val_loss: 622.6973
Epoch 238/5000
3/3 - 1s - loss: 141.7315 - val_loss: 629.4373
Epoch 239/5000
3/3 - 1s - loss: 138.3173 - val_loss: 621.2846
Epoch 240/5000
3/3 - 1s - loss: 161.5548 - val_loss: 654.7776
Epoch 241/5000
3/3 - 1s - loss: 141.1029 - val_loss: 610.9709
Epoch 242/5000
3/3 - 1s - loss: 149.2208 - val_loss: 639.6558
Epoch 243/5000
3/3 - 1s - loss: 137.5715 - val_loss: 610.8061
Epoch 244/5000
3/3 - 1s - loss: 153.8706 - val_loss: 643.1743
Epoch 245/5000
3/3 - 1s - loss: 138.5843 - val_loss: 608.4022
Epoch 246/5000
3/3 - 1s - loss: 152.5982 - val_loss: 641.0715
Epoch 247/5000
3/3 - 1s - loss: 137.9642 - val_loss: 607.3420
Epoch 248/5000
3/3 - 1s - loss: 153.5086 - val_loss: 635.7332
Epoch 249/5000
3/3 - 1s - loss: 141.4305 - val_loss: 606.4979
Epoch 250/5000
3/3 - 1s - loss: 153.3092 - val_loss: 643.3639
Epoch 251/5000
3/3 - 1s - loss: 138.4647 - val_loss: 606.3578
Epoch 252/5000
3/3 - 1s - loss: 149.8544 - val_loss: 632.6317
Epoch 253/5000
3/3 - 1s - loss: 138.9584 - val_loss: 605.6937
Epoch 254/5000
3/3 - 1s - loss: 153.6254 - val_loss: 637.1707
Epoch 255/5000
3/3 - 1s - loss: 140.0971 - val_loss: 604.8896
Epoch 256/5000
3/3 - 1s - loss: 151.5506 - val_loss: 634.7224
Epoch 257/5000
3/3 - 1s - loss: 139.5490 - val_loss: 604.5349
Epoch 258/5000
3/3 - 1s - loss: 153.0949 - val_loss: 640.7609
Epoch 259/5000
3/3 - 1s - loss: 138.2244 - val_loss: 604.1922
Epoch 260/5000
3/3 - 1s - loss: 150.0447 - val_loss: 636.3776
Epoch 261/5000
3/3 - 1s - loss: 136.6998 - val_loss: 603.7297
Epoch 262/5000
3/3 - 1s - loss: 151.5945 - val_loss: 631.9564
Epoch 263/5000
3/3 - 1s - loss: 139.2940 - val_loss: 602.9309
Epoch 264/5000
3/3 - 1s - loss: 152.7262 - val_loss: 638.7386
Epoch 265/5000
3/3 - 1s - loss: 138.1581 - val_loss: 603.0047
Epoch 266/5000
3/3 - 1s - loss: 147.5129 - val_loss: 613.7750
Epoch 267/5000
3/3 - 1s - loss: 148.9133 - val_loss: 630.4930
Epoch 268/5000
3/3 - 1s - loss: 179.4725 - val_loss: 709.3400
Epoch 269/5000
3/3 - 1s - loss: 135.7356 - val_loss: 614.8622
Epoch 270/5000
3/3 - 1s - loss: 134.8349 - val_loss: 609.6572
Epoch 271/5000
3/3 - 1s - loss: 134.9608 - val_loss: 612.8893
Epoch 272/5000
3/3 - 1s - loss: 158.5640 - val_loss: 632.2448
Epoch 273/5000
3/3 - 1s - loss: 142.6615 - val_loss: 601.5311
Epoch 274/5000
3/3 - 1s - loss: 151.8238 - val_loss: 647.1599
Epoch 275/5000
3/3 - 1s - loss: 134.4737 - val_loss: 602.0534
Epoch 276/5000
3/3 - 1s - loss: 146.3463 - val_loss: 624.1063
Epoch 277/5000
3/3 - 1s - loss: 137.0569 - val_loss: 601.6633
Epoch 278/5000
3/3 - 1s - loss: 153.5262 - val_loss: 633.1669
Epoch 279/5000
3/3 - 1s - loss: 138.9753 - val_loss: 599.8010
Epoch 280/5000
3/3 - 1s - loss: 153.1286 - val_loss: 644.0667
Epoch 281/5000
3/3 - 1s - loss: 135.2506 - val_loss: 600.6446
Epoch 282/5000
3/3 - 1s - loss: 145.6556 - val_loss: 622.6810
Epoch 283/5000
3/3 - 1s - loss: 136.7789 - val_loss: 601.0629
Epoch 284/5000
3/3 - 1s - loss: 153.8343 - val_loss: 630.9239
Epoch 285/5000
3/3 - 1s - loss: 139.4538 - val_loss: 599.0142
Epoch 286/5000
3/3 - 1s - loss: 151.6697 - val_loss: 637.6965
Epoch 287/5000
3/3 - 1s - loss: 136.1732 - val_loss: 599.7964
Epoch 288/5000
3/3 - 1s - loss: 147.9066 - val_loss: 625.6149
Epoch 289/5000
3/3 - 1s - loss: 137.1696 - val_loss: 599.5731
Epoch 290/5000
3/3 - 1s - loss: 153.4743 - val_loss: 635.7581
Epoch 291/5000
3/3 - 1s - loss: 137.0555 - val_loss: 598.3168
Epoch 292/5000
3/3 - 1s - loss: 150.5180 - val_loss: 630.0481
Epoch 293/5000
3/3 - 1s - loss: 137.8474 - val_loss: 599.0012
Epoch 294/5000
3/3 - 1s - loss: 147.1827 - val_loss: 625.8079
Epoch 295/5000
3/3 - 1s - loss: 136.1828 - val_loss: 598.2905
Epoch 296/5000
3/3 - 1s - loss: 148.5876 - val_loss: 620.1116
Epoch 297/5000
3/3 - 1s - loss: 139.8014 - val_loss: 598.0400
Epoch 298/5000
3/3 - 1s - loss: 154.0088 - val_loss: 646.7098
Epoch 299/5000
3/3 - 1s - loss: 133.7896 - val_loss: 598.0922
Epoch 300/5000
3/3 - 1s - loss: 143.6192 - val_loss: 615.9988
Epoch 301/5000
3/3 - 1s - loss: 136.5677 - val_loss: 597.7337
Epoch 302/5000
3/3 - 1s - loss: 152.7411 - val_loss: 627.5020
Epoch 303/5000
3/3 - 1s - loss: 138.2531 - val_loss: 596.9153
Epoch 304/5000
3/3 - 1s - loss: 151.2450 - val_loss: 635.5117
Epoch 305/5000
3/3 - 1s - loss: 135.2935 - val_loss: 597.1078
Epoch 306/5000
3/3 - 1s - loss: 147.2228 - val_loss: 622.4343
Epoch 307/5000
3/3 - 1s - loss: 136.6512 - val_loss: 596.8048
Epoch 308/5000
3/3 - 1s - loss: 150.4309 - val_loss: 627.3336
Epoch 309/5000
3/3 - 1s - loss: 137.4843 - val_loss: 596.4531
Epoch 310/5000
3/3 - 1s - loss: 149.6175 - val_loss: 620.0129
Epoch 311/5000
3/3 - 1s - loss: 140.0601 - val_loss: 597.4114
Epoch 312/5000
3/3 - 1s - loss: 155.6355 - val_loss: 647.3225
Epoch 313/5000
3/3 - 1s - loss: 133.1448 - val_loss: 597.1154
Epoch 314/5000
3/3 - 1s - loss: 143.4881 - val_loss: 612.7992
Epoch 315/5000
3/3 - 1s - loss: 137.1862 - val_loss: 597.9625
Epoch 316/5000
3/3 - 1s - loss: 153.7500 - val_loss: 635.1165
Epoch 317/5000
3/3 - 1s - loss: 136.2356 - val_loss: 595.9558
Epoch 318/5000
3/3 - 1s - loss: 149.8033 - val_loss: 623.4089
Epoch 319/5000
3/3 - 1s - loss: 138.5638 - val_loss: 596.5865
Epoch 320/5000
3/3 - 1s - loss: 151.3500 - val_loss: 637.4379
Epoch 321/5000
3/3 - 1s - loss: 134.5340 - val_loss: 596.7932
Epoch 322/5000
3/3 - 1s - loss: 143.7377 - val_loss: 620.3282
Epoch 323/5000
3/3 - 1s - loss: 133.8019 - val_loss: 596.1475
Epoch 324/5000
3/3 - 1s - loss: 148.8537 - val_loss: 615.2598
Epoch 325/5000
3/3 - 1s - loss: 140.9981 - val_loss: 594.9571
Epoch 326/5000
3/3 - 1s - loss: 150.6965 - val_loss: 644.6836
Epoch 327/5000
3/3 - 1s - loss: 131.3188 - val_loss: 595.9602
Epoch 328/5000
3/3 - 1s - loss: 139.8606 - val_loss: 613.6156
Epoch 329/5000
3/3 - 1s - loss: 132.5507 - val_loss: 597.0634
Epoch 330/5000
3/3 - 1s - loss: 149.7180 - val_loss: 615.0602
Epoch 331/5000
3/3 - 1s - loss: 139.9471 - val_loss: 594.1953
Epoch 332/5000
3/3 - 1s - loss: 150.5971 - val_loss: 621.5513
Epoch 333/5000
3/3 - 1s - loss: 138.7287 - val_loss: 595.4182
Epoch 334/5000
3/3 - 1s - loss: 149.5874 - val_loss: 618.5342
Epoch 335/5000
3/3 - 1s - loss: 139.1007 - val_loss: 618.8389
Epoch 336/5000
3/3 - 1s - loss: 176.4627 - val_loss: 602.6992
Epoch 337/5000
3/3 - 1s - loss: 165.5431 - val_loss: 600.3701
Epoch 338/5000
3/3 - 1s - loss: 160.0654 - val_loss: 729.7454
Epoch 339/5000
3/3 - 1s - loss: 121.8531 - val_loss: 616.0847
Epoch 340/5000
3/3 - 1s - loss: 117.9450 - val_loss: 596.8336
Epoch 341/5000
3/3 - 1s - loss: 127.5168 - val_loss: 667.3740
Epoch 342/5000
3/3 - 1s - loss: 172.8378 - val_loss: 626.2186
Epoch 343/5000
3/3 - 1s - loss: 149.8584 - val_loss: 616.4686
Epoch 344/5000
3/3 - 1s - loss: 138.2930 - val_loss: 627.8431
Epoch 345/5000
3/3 - 1s - loss: 127.0280 - val_loss: 595.2151
Epoch 346/5000
3/3 - 1s - loss: 141.6842 - val_loss: 601.5275
Epoch 347/5000
3/3 - 1s - loss: 138.8788 - val_loss: 594.2318
Epoch 348/5000
3/3 - 1s - loss: 153.7252 - val_loss: 640.6447
Epoch 349/5000
3/3 - 1s - loss: 132.9197 - val_loss: 593.1718
Epoch 350/5000
3/3 - 1s - loss: 140.3815 - val_loss: 608.2607
Epoch 351/5000
3/3 - 1s - loss: 135.0390 - val_loss: 592.8574
Epoch 352/5000
3/3 - 1s - loss: 149.0493 - val_loss: 618.3891
Epoch 353/5000
3/3 - 1s - loss: 137.8575 - val_loss: 592.5367
Epoch 354/5000
3/3 - 1s - loss: 145.5055 - val_loss: 622.5140
Epoch 355/5000
3/3 - 1s - loss: 134.2472 - val_loss: 592.7153
Epoch 356/5000
3/3 - 1s - loss: 141.8892 - val_loss: 616.4664
Epoch 357/5000
3/3 - 1s - loss: 132.0831 - val_loss: 592.5088
Epoch 358/5000
3/3 - 1s - loss: 145.9097 - val_loss: 607.8946
Epoch 359/5000
3/3 - 1s - loss: 140.1757 - val_loss: 591.5286
Epoch 360/5000
3/3 - 1s - loss: 149.1590 - val_loss: 643.3260
Epoch 361/5000
3/3 - 1s - loss: 129.5025 - val_loss: 594.2137
Epoch 362/5000
3/3 - 1s - loss: 135.0731 - val_loss: 607.5598
Epoch 363/5000
3/3 - 1s - loss: 128.9758 - val_loss: 593.9697
Epoch 364/5000
3/3 - 1s - loss: 144.4664 - val_loss: 601.8871
Epoch 365/5000
3/3 - 1s - loss: 137.3268 - val_loss: 597.5074
Epoch 366/5000
3/3 - 1s - loss: 161.4930 - val_loss: 589.1724
Epoch 367/5000
3/3 - 1s - loss: 170.2410 - val_loss: 590.1555
Epoch 368/5000
3/3 - 1s - loss: 172.6112 - val_loss: 790.0027
Epoch 369/5000
3/3 - 1s - loss: 119.3202 - val_loss: 632.4790
Epoch 370/5000
3/3 - 1s - loss: 112.7258 - val_loss: 593.3221
Epoch 371/5000
3/3 - 1s - loss: 117.8508 - val_loss: 627.1000
Epoch 372/5000
3/3 - 1s - loss: 143.6243 - val_loss: 588.9726
Epoch 373/5000
3/3 - 1s - loss: 152.1478 - val_loss: 588.7672
Epoch 374/5000
3/3 - 1s - loss: 161.0901 - val_loss: 700.2742
Epoch 375/5000
3/3 - 1s - loss: 124.3824 - val_loss: 591.8387
Epoch 376/5000
3/3 - 1s - loss: 127.1269 - val_loss: 591.2846
Epoch 377/5000
3/3 - 1s - loss: 128.8061 - val_loss: 603.1152
Epoch 378/5000
3/3 - 1s - loss: 152.0738 - val_loss: 602.4687
Epoch 379/5000
3/3 - 1s - loss: 144.4645 - val_loss: 591.3004
Epoch 380/5000
3/3 - 1s - loss: 145.3680 - val_loss: 636.9291
Epoch 381/5000
3/3 - 1s - loss: 127.8152 - val_loss: 588.8524
Epoch 382/5000
3/3 - 1s - loss: 137.5141 - val_loss: 597.9920
Epoch 383/5000
3/3 - 1s - loss: 134.5605 - val_loss: 591.9358
Epoch 384/5000
3/3 - 1s - loss: 152.8525 - val_loss: 630.1940
Epoch 385/5000
3/3 - 1s - loss: 133.5018 - val_loss: 590.4046
Epoch 386/5000
3/3 - 1s - loss: 138.8816 - val_loss: 610.4005
Epoch 387/5000
3/3 - 1s - loss: 130.5432 - val_loss: 590.4984
Epoch 388/5000
3/3 - 1s - loss: 146.5665 - val_loss: 604.3610
Epoch 389/5000
3/3 - 1s - loss: 140.3951 - val_loss: 588.8720
Epoch 390/5000
3/3 - 1s - loss: 147.4682 - val_loss: 633.6911
Epoch 391/5000
3/3 - 1s - loss: 129.9057 - val_loss: 589.8863
Epoch 392/5000
3/3 - 1s - loss: 136.3899 - val_loss: 608.6418
Epoch 393/5000
3/3 - 1s - loss: 128.0205 - val_loss: 589.3651
Epoch 394/5000
3/3 - 1s - loss: 141.3116 - val_loss: 597.1213
Epoch 395/5000
3/3 - 1s - loss: 137.4694 - val_loss: 587.7081
Epoch 396/5000
3/3 - 1s - loss: 151.2646 - val_loss: 639.8708
Epoch 397/5000
3/3 - 1s - loss: 129.3797 - val_loss: 588.5975
Epoch 398/5000
3/3 - 1s - loss: 137.7158 - val_loss: 595.5538
Epoch 399/5000
3/3 - 1s - loss: 137.5036 - val_loss: 594.9073
Epoch 400/5000
3/3 - 1s - loss: 158.0363 - val_loss: 642.6203
Epoch 401/5000
3/3 - 1s - loss: 131.8450 - val_loss: 592.6333
Epoch 402/5000
3/3 - 1s - loss: 134.7956 - val_loss: 613.4952
Epoch 403/5000
3/3 - 1s - loss: 124.2469 - val_loss: 595.0233
Epoch 404/5000
3/3 - 1s - loss: 145.1061 - val_loss: 589.1116
Epoch 405/5000
3/3 - 1s - loss: 149.6817 - val_loss: 587.1442
Epoch 406/5000
3/3 - 1s - loss: 153.6849 - val_loss: 614.3996
Epoch 407/5000
3/3 - 1s - loss: 142.4030 - val_loss: 678.5356
Epoch 408/5000
3/3 - 1s - loss: 200.5534 - val_loss: 695.1507
Epoch 409/5000
3/3 - 1s - loss: 147.6823 - val_loss: 608.9510
Epoch 410/5000
3/3 - 1s - loss: 143.4284 - val_loss: 618.1338
Epoch 411/5000
3/3 - 1s - loss: 135.8475 - val_loss: 597.2510
Epoch 412/5000
3/3 - 1s - loss: 156.8309 - val_loss: 628.3007
Epoch 413/5000
3/3 - 1s - loss: 139.0914 - val_loss: 592.2009
Epoch 414/5000
3/3 - 1s - loss: 151.3906 - val_loss: 622.2164
Epoch 415/5000
3/3 - 1s - loss: 137.8084 - val_loss: 592.3740
Epoch 416/5000
3/3 - 1s - loss: 145.0742 - val_loss: 616.8555
Epoch 417/5000
3/3 - 1s - loss: 135.9331 - val_loss: 591.7945
Epoch 418/5000
3/3 - 1s - loss: 144.8821 - val_loss: 616.6655
Epoch 419/5000
3/3 - 1s - loss: 135.3201 - val_loss: 591.3722
Epoch 420/5000
3/3 - 1s - loss: 144.1209 - val_loss: 616.6033
Epoch 421/5000
3/3 - 1s - loss: 134.8740 - val_loss: 591.3874
Epoch 422/5000
3/3 - 1s - loss: 143.1020 - val_loss: 620.4567
Epoch 423/5000
3/3 - 1s - loss: 131.1754 - val_loss: 590.8307
Epoch 424/5000
3/3 - 1s - loss: 141.2868 - val_loss: 611.7293
Epoch 425/5000
3/3 - 1s - loss: 133.7464 - val_loss: 590.2233
Epoch 426/5000
3/3 - 1s - loss: 143.3158 - val_loss: 611.0608
Epoch 427/5000
3/3 - 1s - loss: 134.5655 - val_loss: 589.1688
Epoch 428/5000
3/3 - 1s - loss: 144.0314 - val_loss: 611.6650
Epoch 429/5000
3/3 - 1s - loss: 135.5250 - val_loss: 589.2145
Epoch 430/5000
3/3 - 1s - loss: 143.5748 - val_loss: 616.4648
Epoch 431/5000
3/3 - 1s - loss: 133.2545 - val_loss: 589.7676
Epoch 432/5000
3/3 - 1s - loss: 139.0803 - val_loss: 615.7585
Epoch 433/5000
3/3 - 1s - loss: 128.4937 - val_loss: 588.8650
Epoch 434/5000
3/3 - 1s - loss: 137.7852 - val_loss: 611.1472
Epoch 435/5000
3/3 - 1s - loss: 125.5231 - val_loss: 589.1245
Epoch 436/5000
3/3 - 1s - loss: 139.7003 - val_loss: 598.8938
Epoch 437/5000
3/3 - 1s - loss: 134.3035 - val_loss: 587.1228
Epoch 438/5000
3/3 - 1s - loss: 146.3885 - val_loss: 621.4075
Epoch 439/5000
3/3 - 1s - loss: 132.0177 - val_loss: 588.9503
Epoch 440/5000
3/3 - 1s - loss: 136.7653 - val_loss: 611.2961
Epoch 441/5000
3/3 - 1s - loss: 127.6672 - val_loss: 587.4508
Epoch 442/5000
3/3 - 1s - loss: 135.9783 - val_loss: 612.1963
Epoch 443/5000
3/3 - 1s - loss: 123.6984 - val_loss: 588.2422
Epoch 444/5000
3/3 - 1s - loss: 138.7814 - val_loss: 598.8128
Epoch 445/5000
3/3 - 1s - loss: 130.9684 - val_loss: 586.9089
Epoch 446/5000
3/3 - 1s - loss: 146.2563 - val_loss: 610.5182
Epoch 447/5000
3/3 - 1s - loss: 134.5015 - val_loss: 586.5948
Epoch 448/5000
3/3 - 1s - loss: 139.4497 - val_loss: 610.1518
Epoch 449/5000
3/3 - 1s - loss: 130.0082 - val_loss: 585.8006
Epoch 450/5000
3/3 - 1s - loss: 140.7751 - val_loss: 606.1017
Epoch 451/5000
3/3 - 1s - loss: 131.6900 - val_loss: 585.3112
Epoch 452/5000
3/3 - 1s - loss: 142.5905 - val_loss: 605.1172
Epoch 453/5000
3/3 - 1s - loss: 133.8504 - val_loss: 585.7075
Epoch 454/5000
3/3 - 1s - loss: 143.5634 - val_loss: 607.1025
Epoch 455/5000
3/3 - 1s - loss: 134.3838 - val_loss: 586.3479
Epoch 456/5000
3/3 - 1s - loss: 145.4365 - val_loss: 607.8436
Epoch 457/5000
3/3 - 1s - loss: 135.4694 - val_loss: 586.4488
Epoch 458/5000
3/3 - 1s - loss: 144.8297 - val_loss: 610.3338
Epoch 459/5000
3/3 - 1s - loss: 134.5788 - val_loss: 587.0079
Epoch 460/5000
3/3 - 1s - loss: 141.5076 - val_loss: 607.4417
Epoch 461/5000
3/3 - 1s - loss: 133.7875 - val_loss: 587.5613
Epoch 462/5000
3/3 - 1s - loss: 144.0436 - val_loss: 609.6111
Epoch 463/5000
3/3 - 1s - loss: 135.1360 - val_loss: 587.9969
Epoch 464/5000
3/3 - 1s - loss: 142.0561 - val_loss: 614.3776
Epoch 465/5000
3/3 - 1s - loss: 131.5750 - val_loss: 588.2519
Epoch 466/5000
3/3 - 1s - loss: 137.6402 - val_loss: 607.7037
Epoch 467/5000
3/3 - 1s - loss: 129.6706 - val_loss: 586.8977
Epoch 468/5000
3/3 - 1s - loss: 138.6505 - val_loss: 608.6458
Epoch 469/5000
3/3 - 1s - loss: 129.5456 - val_loss: 586.4637
Epoch 470/5000
3/3 - 1s - loss: 137.0160 - val_loss: 616.5951
Epoch 471/5000
3/3 - 1s - loss: 123.6447 - val_loss: 586.3641
Epoch 472/5000
3/3 - 1s - loss: 135.8632 - val_loss: 600.6547
Epoch 473/5000
3/3 - 1s - loss: 126.7498 - val_loss: 586.3856
Epoch 474/5000
3/3 - 1s - loss: 140.7818 - val_loss: 601.2752
Epoch 475/5000
3/3 - 1s - loss: 132.9045 - val_loss: 584.6161
Epoch 476/5000
3/3 - 1s - loss: 141.5116 - val_loss: 610.2245
Epoch 477/5000
3/3 - 1s - loss: 131.3903 - val_loss: 586.4284
Epoch 478/5000
3/3 - 1s - loss: 137.2756 - val_loss: 619.7977
Epoch 479/5000
3/3 - 1s - loss: 123.1404 - val_loss: 585.4191
Epoch 480/5000
3/3 - 1s - loss: 132.7068 - val_loss: 600.7567
Epoch 481/5000
3/3 - 1s - loss: 124.1904 - val_loss: 586.2519
Epoch 482/5000
3/3 - 1s - loss: 139.3094 - val_loss: 603.8859
Epoch 483/5000
3/3 - 1s - loss: 127.9481 - val_loss: 583.9356
Epoch 484/5000
3/3 - 1s - loss: 139.1301 - val_loss: 598.6439
Epoch 485/5000
3/3 - 1s - loss: 134.3226 - val_loss: 591.8436
Epoch 486/5000
3/3 - 1s - loss: 150.3479 - val_loss: 624.6432
Epoch 487/5000
3/3 - 1s - loss: 131.1937 - val_loss: 592.8806
Epoch 488/5000
3/3 - 1s - loss: 131.3400 - val_loss: 618.9238
Epoch 489/5000
3/3 - 1s - loss: 118.6054 - val_loss: 586.3367
Epoch 490/5000
3/3 - 1s - loss: 131.2694 - val_loss: 588.8137
Epoch 491/5000
3/3 - 1s - loss: 128.4005 - val_loss: 589.1979
Epoch 492/5000
3/3 - 1s - loss: 147.4701 - val_loss: 611.9189
Epoch 493/5000
3/3 - 1s - loss: 132.8533 - val_loss: 589.9844
Epoch 494/5000
3/3 - 1s - loss: 135.4399 - val_loss: 625.8329
Epoch 495/5000
3/3 - 1s - loss: 122.1492 - val_loss: 585.1000
Epoch 496/5000
3/3 - 1s - loss: 134.6344 - val_loss: 596.8718
Epoch 497/5000
3/3 - 1s - loss: 127.3506 - val_loss: 585.0215
Epoch 498/5000
3/3 - 1s - loss: 142.1990 - val_loss: 604.6237
Epoch 499/5000
3/3 - 1s - loss: 132.1124 - val_loss: 583.8906
Epoch 500/5000
3/3 - 1s - loss: 138.5098 - val_loss: 613.5900
Epoch 501/5000
3/3 - 1s - loss: 125.7831 - val_loss: 583.8290
Epoch 502/5000
3/3 - 1s - loss: 132.2842 - val_loss: 603.4380
Epoch 503/5000
3/3 - 1s - loss: 122.2877 - val_loss: 585.3546
Epoch 504/5000
3/3 - 1s - loss: 138.8348 - val_loss: 595.7611
Epoch 505/5000
3/3 - 1s - loss: 130.5640 - val_loss: 582.9475
Epoch 506/5000
3/3 - 1s - loss: 143.8173 - val_loss: 611.2063
Epoch 507/5000
3/3 - 1s - loss: 131.3084 - val_loss: 586.4991
Epoch 508/5000
3/3 - 1s - loss: 134.4219 - val_loss: 618.4470
Epoch 509/5000
3/3 - 1s - loss: 120.4774 - val_loss: 584.5365
Epoch 510/5000
3/3 - 1s - loss: 134.1044 - val_loss: 591.5378
Epoch 511/5000
3/3 - 1s - loss: 128.4953 - val_loss: 583.8894
Epoch 512/5000
3/3 - 1s - loss: 142.1018 - val_loss: 602.4561
Epoch 513/5000
3/3 - 1s - loss: 132.3354 - val_loss: 583.3990
Epoch 514/5000
3/3 - 1s - loss: 138.4641 - val_loss: 614.5353
Epoch 515/5000
3/3 - 1s - loss: 125.2629 - val_loss: 583.3816
Epoch 516/5000
3/3 - 1s - loss: 132.8711 - val_loss: 600.3807
Epoch 517/5000
3/3 - 1s - loss: 124.2128 - val_loss: 584.7600
Epoch 518/5000
3/3 - 1s - loss: 139.5038 - val_loss: 604.2570
Epoch 519/5000
3/3 - 1s - loss: 127.7470 - val_loss: 582.1226
Epoch 520/5000
3/3 - 1s - loss: 137.5436 - val_loss: 609.4184
Epoch 521/5000
3/3 - 1s - loss: 125.0555 - val_loss: 582.5883
Epoch 522/5000
3/3 - 1s - loss: 134.2716 - val_loss: 603.1966
Epoch 523/5000
3/3 - 1s - loss: 123.9288 - val_loss: 583.7588
Epoch 524/5000
3/3 - 1s - loss: 138.0047 - val_loss: 601.4203
Epoch 525/5000
3/3 - 1s - loss: 126.6845 - val_loss: 589.0718
Epoch 526/5000
3/3 - 1s - loss: 147.9752 - val_loss: 582.8510
Epoch 527/5000
3/3 - 1s - loss: 153.7670 - val_loss: 586.5539
Epoch 528/5000
3/3 - 1s - loss: 149.6054 - val_loss: 696.3268
Epoch 529/5000
3/3 - 1s - loss: 116.7103 - val_loss: 589.5000
Epoch 530/5000
3/3 - 1s - loss: 119.1681 - val_loss: 584.0770
Epoch 531/5000
3/3 - 1s - loss: 126.3054 - val_loss: 616.6454
Epoch 532/5000
3/3 - 1s - loss: 157.4505 - val_loss: 593.3273
Epoch 533/5000
3/3 - 1s - loss: 146.5741 - val_loss: 583.1120
Epoch 534/5000
3/3 - 1s - loss: 152.2407 - val_loss: 658.2999
Epoch 535/5000
3/3 - 1s - loss: 124.8407 - val_loss: 585.9824
Epoch 536/5000
3/3 - 1s - loss: 129.2446 - val_loss: 587.5475
Epoch 537/5000
3/3 - 1s - loss: 128.9313 - val_loss: 600.6899
Epoch 538/5000
3/3 - 1s - loss: 154.5679 - val_loss: 618.8741
Epoch 539/5000
3/3 - 1s - loss: 134.8311 - val_loss: 587.6479
Epoch 540/5000
3/3 - 1s - loss: 135.7778 - val_loss: 613.0432
Epoch 541/5000
3/3 - 1s - loss: 125.3545 - val_loss: 590.5976
Epoch 542/5000
3/3 - 1s - loss: 144.5246 - val_loss: 590.6849
Epoch 543/5000
3/3 - 1s - loss: 142.1372 - val_loss: 585.5859
Epoch 544/5000
3/3 - 1s - loss: 143.6254 - val_loss: 635.5744
Epoch 545/5000
3/3 - 1s - loss: 124.6298 - val_loss: 586.4531
Epoch 546/5000
3/3 - 1s - loss: 129.3955 - val_loss: 597.4447
Epoch 547/5000
3/3 - 1s - loss: 123.4233 - val_loss: 591.0486
Epoch 548/5000
3/3 - 1s - loss: 143.2335 - val_loss: 594.3862
Epoch 549/5000
3/3 - 1s - loss: 137.9628 - val_loss: 586.1684
Epoch 550/5000
3/3 - 1s - loss: 138.4336 - val_loss: 618.6096
Epoch 551/5000
3/3 - 1s - loss: 125.9794 - val_loss: 585.4382
Epoch 552/5000
3/3 - 1s - loss: 129.7196 - val_loss: 602.0417
Epoch 553/5000
3/3 - 1s - loss: 121.2083 - val_loss: 587.1241
Epoch 554/5000
3/3 - 1s - loss: 139.1378 - val_loss: 599.3311
Epoch 555/5000
3/3 - 1s - loss: 128.7107 - val_loss: 582.4223
Epoch 556/5000
3/3 - 1s - loss: 139.7284 - val_loss: 610.0949
Epoch 557/5000
3/3 - 1s - loss: 125.9222 - val_loss: 584.0582
Epoch 558/5000
3/3 - 1s - loss: 142.2621 - val_loss: 583.9757
Epoch 559/5000
3/3 - 1s - loss: 148.4365 - val_loss: 585.0321
Epoch 560/5000
3/3 - 1s - loss: 155.8459 - val_loss: 688.7220
Epoch 561/5000
3/3 - 1s - loss: 119.9923 - val_loss: 598.7979
Epoch 562/5000
3/3 - 1s - loss: 118.3228 - val_loss: 585.5875
Epoch 563/5000
3/3 - 1s - loss: 119.8192 - val_loss: 598.4819
Epoch 564/5000
3/3 - 1s - loss: 141.7764 - val_loss: 600.3722
Epoch 565/5000
3/3 - 1s - loss: 129.3922 - val_loss: 582.7086
Epoch 566/5000
3/3 - 1s - loss: 136.7430 - val_loss: 616.6506
Epoch 567/5000
3/3 - 1s - loss: 121.8959 - val_loss: 582.9391
Epoch 568/5000
3/3 - 1s - loss: 131.5603 - val_loss: 598.6632
Epoch 569/5000
3/3 - 1s - loss: 123.2834 - val_loss: 583.1582
Epoch 570/5000
3/3 - 1s - loss: 136.0880 - val_loss: 601.9554
Epoch 571/5000
3/3 - 1s - loss: 125.3081 - val_loss: 582.1170
Epoch 572/5000
3/3 - 1s - loss: 133.8624 - val_loss: 603.8561
Epoch 573/5000
3/3 - 1s - loss: 122.8127 - val_loss: 582.3840
Epoch 574/5000
3/3 - 1s - loss: 137.1166 - val_loss: 603.1572
Epoch 575/5000
3/3 - 1s - loss: 125.4986 - val_loss: 581.9645
Epoch 576/5000
3/3 - 1s - loss: 132.2201 - val_loss: 600.8794
Epoch 577/5000
3/3 - 1s - loss: 122.4867 - val_loss: 582.8118
Epoch 578/5000
3/3 - 1s - loss: 137.2825 - val_loss: 599.6306
Epoch 579/5000
3/3 - 1s - loss: 127.0486 - val_loss: 581.4973
Epoch 580/5000
3/3 - 1s - loss: 136.7745 - val_loss: 615.3279
Epoch 581/5000
3/3 - 1s - loss: 122.1611 - val_loss: 582.3368
Epoch 582/5000
3/3 - 1s - loss: 133.9840 - val_loss: 602.0893
Epoch 583/5000
3/3 - 1s - loss: 123.4027 - val_loss: 582.8014
Epoch 584/5000
3/3 - 1s - loss: 137.5463 - val_loss: 602.5625
Epoch 585/5000
3/3 - 1s - loss: 126.4003 - val_loss: 581.8549
Epoch 586/5000
3/3 - 1s - loss: 135.1076 - val_loss: 607.8801
Epoch 587/5000
3/3 - 1s - loss: 122.8414 - val_loss: 582.2900
Epoch 588/5000
3/3 - 1s - loss: 134.8245 - val_loss: 604.0531
Epoch 589/5000
3/3 - 1s - loss: 123.5617 - val_loss: 582.6544
Epoch 590/5000
3/3 - 1s - loss: 136.0068 - val_loss: 599.5286
Epoch 591/5000
3/3 - 1s - loss: 127.0898 - val_loss: 582.0801
Epoch 592/5000
3/3 - 1s - loss: 135.1445 - val_loss: 609.1989
Epoch 593/5000
3/3 - 1s - loss: 122.5622 - val_loss: 582.1736
Epoch 594/5000
3/3 - 1s - loss: 135.5644 - val_loss: 601.1616
Epoch 595/5000
3/3 - 1s - loss: 123.5027 - val_loss: 582.2676
Epoch 596/5000
3/3 - 1s - loss: 137.0124 - val_loss: 602.3912
Epoch 597/5000
3/3 - 1s - loss: 126.1551 - val_loss: 582.1438
Epoch 598/5000
3/3 - 1s - loss: 133.5028 - val_loss: 606.7971
Epoch 599/5000
3/3 - 1s - loss: 121.6666 - val_loss: 582.4243
Epoch 600/5000
3/3 - 1s - loss: 133.4921 - val_loss: 597.5197
Epoch 601/5000
3/3 - 1s - loss: 124.3405 - val_loss: 581.4551
Epoch 602/5000
3/3 - 1s - loss: 137.4568 - val_loss: 603.7201
Epoch 603/5000
3/3 - 1s - loss: 125.3363 - val_loss: 581.0073
Epoch 604/5000
3/3 - 1s - loss: 134.0238 - val_loss: 602.8145
Epoch 605/5000
3/3 - 1s - loss: 123.3927 - val_loss: 581.4639
Epoch 606/5000
3/3 - 1s - loss: 134.7926 - val_loss: 597.6263
Epoch 607/5000
3/3 - 1s - loss: 126.2655 - val_loss: 581.0999
Epoch 608/5000
3/3 - 1s - loss: 136.3871 - val_loss: 604.3054
Epoch 609/5000
3/3 - 1s - loss: 124.7450 - val_loss: 581.0424
Epoch 610/5000
3/3 - 1s - loss: 133.9328 - val_loss: 600.9565
Epoch 611/5000
3/3 - 1s - loss: 123.9624 - val_loss: 581.6362
Epoch 612/5000
3/3 - 1s - loss: 135.4694 - val_loss: 598.4675
Epoch 613/5000
3/3 - 1s - loss: 126.5794 - val_loss: 581.3521
Epoch 614/5000
3/3 - 1s - loss: 137.1177 - val_loss: 612.6774
Epoch 615/5000
3/3 - 1s - loss: 122.4282 - val_loss: 581.3007
Epoch 616/5000
3/3 - 1s - loss: 132.5891 - val_loss: 598.1362
Epoch 617/5000
3/3 - 1s - loss: 123.6453 - val_loss: 581.5560
Epoch 618/5000
3/3 - 1s - loss: 136.8444 - val_loss: 600.5133
Epoch 619/5000
3/3 - 1s - loss: 126.2571 - val_loss: 580.9932
Epoch 620/5000
3/3 - 1s - loss: 136.3697 - val_loss: 607.1682
Epoch 621/5000
3/3 - 1s - loss: 123.8022 - val_loss: 581.1417
Epoch 622/5000
3/3 - 1s - loss: 134.0030 - val_loss: 604.4622
Epoch 623/5000
3/3 - 1s - loss: 122.3218 - val_loss: 581.7413
Epoch 624/5000
3/3 - 1s - loss: 135.3095 - val_loss: 598.0986
Epoch 625/5000
3/3 - 1s - loss: 126.2542 - val_loss: 581.3673
Epoch 626/5000
3/3 - 1s - loss: 135.2610 - val_loss: 604.6291
Epoch 627/5000
3/3 - 1s - loss: 124.0607 - val_loss: 581.1349
Epoch 628/5000
3/3 - 1s - loss: 132.1131 - val_loss: 601.2234
Epoch 629/5000
3/3 - 1s - loss: 121.7085 - val_loss: 581.7307
Epoch 630/5000
3/3 - 1s - loss: 136.0634 - val_loss: 596.7697
Epoch 631/5000
3/3 - 1s - loss: 126.6780 - val_loss: 581.1058
Epoch 632/5000
3/3 - 1s - loss: 136.9723 - val_loss: 612.9117
Epoch 633/5000
3/3 - 1s - loss: 122.0836 - val_loss: 581.3494
Epoch 634/5000
3/3 - 1s - loss: 131.8430 - val_loss: 597.9712
Epoch 635/5000
3/3 - 1s - loss: 123.0867 - val_loss: 581.8018
Epoch 636/5000
3/3 - 1s - loss: 136.8638 - val_loss: 601.7643
Epoch 637/5000
3/3 - 1s - loss: 125.6010 - val_loss: 581.2952
Epoch 638/5000
3/3 - 1s - loss: 134.6902 - val_loss: 606.0183
Epoch 639/5000
3/3 - 1s - loss: 122.5730 - val_loss: 581.1420
Epoch 640/5000
3/3 - 1s - loss: 133.8808 - val_loss: 597.0282
Epoch 641/5000
3/3 - 1s - loss: 125.1231 - val_loss: 580.8608
Epoch 642/5000
3/3 - 1s - loss: 136.3935 - val_loss: 606.1930
Epoch 643/5000
3/3 - 1s - loss: 123.7961 - val_loss: 581.3588
Epoch 644/5000
3/3 - 1s - loss: 133.8117 - val_loss: 602.8969
Epoch 645/5000
3/3 - 1s - loss: 122.8898 - val_loss: 581.0353
Epoch 646/5000
3/3 - 1s - loss: 134.3382 - val_loss: 599.8632
Epoch 647/5000
3/3 - 1s - loss: 124.1139 - val_loss: 580.9672
Epoch 648/5000
3/3 - 1s - loss: 135.9903 - val_loss: 603.3504
Epoch 649/5000
3/3 - 1s - loss: 124.7351 - val_loss: 581.7559
Epoch 650/5000
3/3 - 1s - loss: 133.1373 - val_loss: 602.6027
Epoch 651/5000
3/3 - 1s - loss: 122.6668 - val_loss: 581.2657
Epoch 652/5000
3/3 - 1s - loss: 134.9158 - val_loss: 598.4011
Epoch 653/5000
3/3 - 1s - loss: 125.4120 - val_loss: 580.9262
Epoch 654/5000
3/3 - 1s - loss: 134.4406 - val_loss: 602.1938
Epoch 655/5000
3/3 - 1s - loss: 124.3169 - val_loss: 581.5249
Epoch 656/5000
3/3 - 1s - loss: 133.8992 - val_loss: 605.0183
Epoch 657/5000
3/3 - 1s - loss: 122.1022 - val_loss: 581.6310
Epoch 658/5000
3/3 - 1s - loss: 134.8338 - val_loss: 598.1859
Epoch 659/5000
3/3 - 1s - loss: 125.5536 - val_loss: 581.0979
Epoch 660/5000
3/3 - 1s - loss: 135.5108 - val_loss: 604.1419
Epoch 661/5000
3/3 - 1s - loss: 123.9451 - val_loss: 581.5008
Epoch 662/5000
3/3 - 1s - loss: 134.5076 - val_loss: 604.2953
Epoch 663/5000
3/3 - 1s - loss: 123.1004 - val_loss: 580.9863
Epoch 664/5000
3/3 - 1s - loss: 133.7924 - val_loss: 600.6693
Epoch 665/5000
3/3 - 1s - loss: 123.4616 - val_loss: 581.1577
Epoch 666/5000
3/3 - 1s - loss: 135.0604 - val_loss: 598.4899
Epoch 667/5000
3/3 - 1s - loss: 125.8613 - val_loss: 581.1647
Epoch 668/5000
3/3 - 1s - loss: 134.4900 - val_loss: 600.8685
Epoch 669/5000
3/3 - 1s - loss: 124.7539 - val_loss: 580.8969
Epoch 670/5000
3/3 - 1s - loss: 135.4025 - val_loss: 601.2655
Epoch 671/5000
3/3 - 1s - loss: 125.0280 - val_loss: 581.0378
Epoch 672/5000
3/3 - 1s - loss: 134.0078 - val_loss: 602.8018
Epoch 673/5000
3/3 - 1s - loss: 123.4897 - val_loss: 581.0605
Epoch 674/5000
3/3 - 1s - loss: 132.9334 - val_loss: 598.6555
Epoch 675/5000
3/3 - 1s - loss: 124.0902 - val_loss: 581.2217
Epoch 676/5000
3/3 - 1s - loss: 136.2704 - val_loss: 598.3933
Epoch 677/5000
3/3 - 1s - loss: 128.1022 - val_loss: 587.2593
Epoch 678/5000
3/3 - 1s - loss: 142.4162 - val_loss: 604.4231
Epoch 679/5000
3/3 - 1s - loss: 128.6210 - val_loss: 583.0569
Epoch 680/5000
3/3 - 1s - loss: 133.0417 - val_loss: 608.8083
Epoch 681/5000
3/3 - 1s - loss: 120.6139 - val_loss: 581.5313
Epoch 682/5000
3/3 - 1s - loss: 128.9677 - val_loss: 589.1831
Epoch 683/5000
3/3 - 1s - loss: 123.6504 - val_loss: 585.8815
Epoch 684/5000
3/3 - 1s - loss: 142.5869 - val_loss: 606.2190
Epoch 685/5000
3/3 - 1s - loss: 127.9295 - val_loss: 583.8254
Epoch 686/5000
3/3 - 1s - loss: 132.5818 - val_loss: 605.9994
Epoch 687/5000
3/3 - 1s - loss: 121.4265 - val_loss: 582.3372
Epoch 688/5000
3/3 - 1s - loss: 132.5530 - val_loss: 598.0801
Epoch 689/5000
3/3 - 1s - loss: 123.3763 - val_loss: 581.7954
Epoch 690/5000
3/3 - 1s - loss: 138.2600 - val_loss: 606.6790
Epoch 691/5000
3/3 - 1s - loss: 124.1615 - val_loss: 581.2565
Epoch 692/5000
3/3 - 1s - loss: 133.1816 - val_loss: 597.4636
Epoch 693/5000
3/3 - 1s - loss: 124.4246 - val_loss: 582.1570
Epoch 694/5000
3/3 - 1s - loss: 138.4590 - val_loss: 607.4381
Epoch 695/5000
3/3 - 1s - loss: 124.9353 - val_loss: 581.1246
Epoch 696/5000
3/3 - 1s - loss: 133.4220 - val_loss: 602.3121
Epoch 697/5000
3/3 - 1s - loss: 122.8415 - val_loss: 582.2967
Epoch 698/5000
3/3 - 1s - loss: 136.4500 - val_loss: 601.3284
Epoch 699/5000
3/3 - 1s - loss: 125.7935 - val_loss: 581.7910
Epoch 700/5000
3/3 - 1s - loss: 135.3826 - val_loss: 610.4665
Epoch 701/5000
3/3 - 1s - loss: 121.3351 - val_loss: 581.4904
Epoch 702/5000
3/3 - 1s - loss: 133.4960 - val_loss: 597.4305
Epoch 703/5000
3/3 - 1s - loss: 124.5127 - val_loss: 581.2922
Epoch 704/5000
3/3 - 1s - loss: 136.2974 - val_loss: 608.7036
Epoch 705/5000
3/3 - 1s - loss: 122.5429 - val_loss: 581.6530
Epoch 706/5000
3/3 - 1s - loss: 133.5643 - val_loss: 602.5207
Epoch 707/5000
3/3 - 1s - loss: 122.3434 - val_loss: 581.3918
Epoch 708/5000
3/3 - 1s - loss: 135.6897 - val_loss: 604.4965
Epoch 709/5000
3/3 - 1s - loss: 122.7222 - val_loss: 581.3088
Epoch 710/5000
3/3 - 1s - loss: 133.7273 - val_loss: 605.7441
Epoch 711/5000
3/3 - 1s - loss: 120.9816 - val_loss: 581.5392
Epoch 712/5000
3/3 - 1s - loss: 129.7428 - val_loss: 586.2885
Epoch 713/5000
3/3 - 1s - loss: 126.6017 - val_loss: 608.3611
Epoch 714/5000
3/3 - 1s - loss: 155.7522 - val_loss: 626.1644
Epoch 715/5000
3/3 - 1s - loss: 129.9103 - val_loss: 595.3095
Epoch 716/5000
3/3 - 1s - loss: 125.4503 - val_loss: 605.6646
Epoch 717/5000
3/3 - 1s - loss: 115.5674 - val_loss: 581.7662
Epoch 718/5000
3/3 - 1s - loss: 121.5799 - val_loss: 581.9979
Epoch 719/5000
3/3 - 1s - loss: 128.9344 - val_loss: 614.8077
Epoch 720/5000
3/3 - 1s - loss: 158.6034 - val_loss: 633.9504
Epoch 721/5000
3/3 - 1s - loss: 130.4113 - val_loss: 594.4390
Epoch 722/5000
3/3 - 1s - loss: 126.9719 - val_loss: 606.3160
Epoch 723/5000
3/3 - 1s - loss: 116.8654 - val_loss: 583.3997
Epoch 724/5000
3/3 - 1s - loss: 128.5558 - val_loss: 583.3002
Epoch 725/5000
3/3 - 1s - loss: 127.6183 - val_loss: 592.7576
Epoch 726/5000
3/3 - 1s - loss: 149.5974 - val_loss: 632.1917
Epoch 727/5000
3/3 - 1s - loss: 127.2941 - val_loss: 588.8603
Epoch 728/5000
3/3 - 1s - loss: 126.6337 - val_loss: 601.6852
Epoch 729/5000
3/3 - 1s - loss: 117.3855 - val_loss: 581.2303
Epoch 730/5000
3/3 - 1s - loss: 128.7347 - val_loss: 584.4203
Epoch 731/5000
3/3 - 1s - loss: 125.8883 - val_loss: 583.8603
Epoch 732/5000
3/3 - 1s - loss: 142.5264 - val_loss: 614.1621
Epoch 733/5000
3/3 - 1s - loss: 126.5023 - val_loss: 587.3418
Epoch 734/5000
3/3 - 1s - loss: 127.1288 - val_loss: 604.6306
Epoch 735/5000
3/3 - 1s - loss: 117.4219 - val_loss: 582.3535
Epoch 736/5000
3/3 - 1s - loss: 128.9670 - val_loss: 588.5193
Epoch 737/5000
3/3 - 1s - loss: 124.1824 - val_loss: 583.8379
Epoch 738/5000
3/3 - 1s - loss: 140.3759 - val_loss: 616.7072
Epoch 739/5000
3/3 - 1s - loss: 122.9509 - val_loss: 582.6808
Epoch 740/5000
3/3 - 1s - loss: 129.0182 - val_loss: 602.0424
Epoch 741/5000
3/3 - 1s - loss: 116.7266 - val_loss: 585.2449

Epoch 00741: ReduceLROnPlateau reducing learning rate to 0.00010000000474974513.
Epoch 742/5000
3/3 - 1s - loss: 106.4741 - val_loss: 600.6542
Epoch 743/5000
3/3 - 1s - loss: 106.6513 - val_loss: 584.7197
Epoch 744/5000
3/3 - 1s - loss: 104.4126 - val_loss: 580.7858
Epoch 745/5000
3/3 - 1s - loss: 104.9018 - val_loss: 584.6957
Epoch 746/5000
3/3 - 1s - loss: 105.2150 - val_loss: 581.3654
Epoch 747/5000
3/3 - 1s - loss: 104.3973 - val_loss: 579.2174
Epoch 748/5000
3/3 - 1s - loss: 104.3597 - val_loss: 581.8138
Epoch 749/5000
3/3 - 1s - loss: 104.7319 - val_loss: 581.2780
Epoch 750/5000
3/3 - 1s - loss: 104.3715 - val_loss: 578.8549
Epoch 751/5000
3/3 - 1s - loss: 104.0991 - val_loss: 578.2168
Epoch 752/5000
3/3 - 1s - loss: 104.0443 - val_loss: 578.3455
Epoch 753/5000
3/3 - 1s - loss: 104.0235 - val_loss: 577.7541
Epoch 754/5000
3/3 - 1s - loss: 103.9645 - val_loss: 577.4370
Epoch 755/5000
3/3 - 1s - loss: 103.9781 - val_loss: 577.8450
Epoch 756/5000
3/3 - 1s - loss: 104.0230 - val_loss: 577.9347
Epoch 757/5000
3/3 - 1s - loss: 103.9896 - val_loss: 577.4076
Epoch 758/5000
3/3 - 1s - loss: 103.9156 - val_loss: 576.9239
Epoch 759/5000
3/3 - 1s - loss: 103.8533 - val_loss: 576.6019
Epoch 760/5000
3/3 - 1s - loss: 103.8029 - val_loss: 576.4753
Epoch 761/5000
3/3 - 1s - loss: 103.7690 - val_loss: 576.3694
Epoch 762/5000
3/3 - 1s - loss: 103.7466 - val_loss: 576.2953
Epoch 763/5000
3/3 - 1s - loss: 103.7327 - val_loss: 576.2587
Epoch 764/5000
3/3 - 1s - loss: 103.7255 - val_loss: 576.2531
Epoch 765/5000
3/3 - 1s - loss: 103.7128 - val_loss: 576.2115
Epoch 766/5000
3/3 - 1s - loss: 103.6946 - val_loss: 576.0537
Epoch 767/5000
3/3 - 1s - loss: 103.6574 - val_loss: 575.9271
Epoch 768/5000
3/3 - 1s - loss: 103.6279 - val_loss: 575.8466
Epoch 769/5000
3/3 - 1s - loss: 103.6046 - val_loss: 575.7948
Epoch 770/5000
3/3 - 1s - loss: 103.5871 - val_loss: 575.7627
Epoch 771/5000
3/3 - 1s - loss: 103.5794 - val_loss: 575.7034
Epoch 772/5000
3/3 - 1s - loss: 103.5526 - val_loss: 575.6401
Epoch 773/5000
3/3 - 1s - loss: 103.5206 - val_loss: 575.6007
Epoch 774/5000
3/3 - 1s - loss: 103.5007 - val_loss: 575.5662
Epoch 775/5000
3/3 - 1s - loss: 103.4843 - val_loss: 575.5556
Epoch 776/5000
3/3 - 1s - loss: 103.4662 - val_loss: 575.6898
Epoch 777/5000
3/3 - 1s - loss: 103.4467 - val_loss: 575.7706
Epoch 778/5000
3/3 - 1s - loss: 103.4281 - val_loss: 575.7703
Epoch 779/5000
3/3 - 1s - loss: 103.4156 - val_loss: 575.7499
Epoch 780/5000
3/3 - 1s - loss: 103.4089 - val_loss: 575.6443
Epoch 781/5000
3/3 - 1s - loss: 103.3996 - val_loss: 575.6208
Epoch 782/5000
3/3 - 1s - loss: 103.3825 - val_loss: 575.5036
Epoch 783/5000
3/3 - 1s - loss: 103.3469 - val_loss: 575.4376
Epoch 784/5000
3/3 - 1s - loss: 103.3181 - val_loss: 575.4825
Epoch 785/5000
3/3 - 1s - loss: 103.3094 - val_loss: 575.5403
Epoch 786/5000
3/3 - 1s - loss: 103.2988 - val_loss: 575.5413
Epoch 787/5000
3/3 - 1s - loss: 103.2809 - val_loss: 575.5850
Epoch 788/5000
3/3 - 1s - loss: 103.2700 - val_loss: 575.6292
Epoch 789/5000
3/3 - 1s - loss: 103.2520 - val_loss: 575.6644
Epoch 790/5000
3/3 - 1s - loss: 103.2369 - val_loss: 575.6910
Epoch 791/5000
3/3 - 1s - loss: 103.2225 - val_loss: 575.7231
Epoch 792/5000
3/3 - 1s - loss: 103.2079 - val_loss: 575.7812
Epoch 793/5000
3/3 - 1s - loss: 103.1898 - val_loss: 575.8262
Epoch 794/5000
3/3 - 1s - loss: 103.1811 - val_loss: 575.8360
Epoch 795/5000
3/3 - 1s - loss: 103.1586 - val_loss: 575.8532
Epoch 796/5000
3/3 - 1s - loss: 103.1250 - val_loss: 575.8504
Epoch 797/5000
3/3 - 1s - loss: 103.1191 - val_loss: 575.8419
Epoch 798/5000
3/3 - 1s - loss: 103.0869 - val_loss: 575.8334
Epoch 799/5000
3/3 - 1s - loss: 103.0910 - val_loss: 575.8411
Epoch 800/5000
3/3 - 1s - loss: 103.0722 - val_loss: 575.7330
Epoch 801/5000
3/3 - 1s - loss: 103.0341 - val_loss: 575.6674
Epoch 802/5000
3/3 - 1s - loss: 103.0198 - val_loss: 575.6028
Epoch 803/5000
3/3 - 1s - loss: 103.0215 - val_loss: 575.5455
Epoch 804/5000
3/3 - 1s - loss: 102.9854 - val_loss: 575.4802
Epoch 805/5000
3/3 - 1s - loss: 102.9583 - val_loss: 575.3948
Epoch 806/5000
3/3 - 1s - loss: 102.9559 - val_loss: 575.4385
Epoch 807/5000
3/3 - 1s - loss: 102.9569 - val_loss: 575.3282
Epoch 808/5000
3/3 - 1s - loss: 102.9036 - val_loss: 575.2775
Epoch 809/5000
3/3 - 1s - loss: 102.8821 - val_loss: 575.1802
Epoch 810/5000
3/3 - 1s - loss: 102.8889 - val_loss: 575.2370
Epoch 811/5000
3/3 - 1s - loss: 102.8873 - val_loss: 575.0933
Epoch 812/5000
3/3 - 1s - loss: 102.8359 - val_loss: 575.0323
Epoch 813/5000
3/3 - 1s - loss: 102.8093 - val_loss: 574.9971
Epoch 814/5000
3/3 - 1s - loss: 102.8021 - val_loss: 575.1135
Epoch 815/5000
3/3 - 1s - loss: 102.8048 - val_loss: 574.9125
Epoch 816/5000
3/3 - 1s - loss: 102.7489 - val_loss: 574.7262
Epoch 817/5000
3/3 - 1s - loss: 102.7293 - val_loss: 574.7826
Epoch 818/5000
3/3 - 1s - loss: 102.7432 - val_loss: 574.7125
Epoch 819/5000
3/3 - 1s - loss: 102.6844 - val_loss: 574.4899
Epoch 820/5000
3/3 - 1s - loss: 102.6681 - val_loss: 574.4665
Epoch 821/5000
3/3 - 1s - loss: 102.6741 - val_loss: 574.4427
Epoch 822/5000
3/3 - 1s - loss: 102.6327 - val_loss: 574.2770
Epoch 823/5000
3/3 - 1s - loss: 102.6102 - val_loss: 574.4027
Epoch 824/5000
3/3 - 1s - loss: 102.7199 - val_loss: 574.6544
Epoch 825/5000
3/3 - 1s - loss: 102.6277 - val_loss: 573.9753
Epoch 826/5000
3/3 - 1s - loss: 102.5553 - val_loss: 573.8550
Epoch 827/5000
3/3 - 1s - loss: 102.6250 - val_loss: 574.0068
Epoch 828/5000
3/3 - 1s - loss: 102.5476 - val_loss: 573.7493
Epoch 829/5000
3/3 - 1s - loss: 102.4957 - val_loss: 573.6774
Epoch 830/5000
3/3 - 1s - loss: 102.5266 - val_loss: 573.7569
Epoch 831/5000
3/3 - 1s - loss: 102.4866 - val_loss: 573.4956
Epoch 832/5000
3/3 - 1s - loss: 102.4472 - val_loss: 573.4919
Epoch 833/5000
3/3 - 1s - loss: 102.4396 - val_loss: 573.5932
Epoch 834/5000
3/3 - 1s - loss: 102.4424 - val_loss: 573.5211
Epoch 835/5000
3/3 - 1s - loss: 102.4011 - val_loss: 573.3831
Epoch 836/5000
3/3 - 1s - loss: 102.3797 - val_loss: 573.4283
Epoch 837/5000
3/3 - 1s - loss: 102.3985 - val_loss: 573.5048
Epoch 838/5000
3/3 - 1s - loss: 102.4099 - val_loss: 573.4854
Epoch 839/5000
3/3 - 1s - loss: 102.3926 - val_loss: 573.3520
Epoch 840/5000
3/3 - 1s - loss: 102.3593 - val_loss: 573.2538
Epoch 841/5000
3/3 - 1s - loss: 102.3346 - val_loss: 573.2078
Epoch 842/5000
3/3 - 1s - loss: 102.3325 - val_loss: 573.2343
Epoch 843/5000
3/3 - 1s - loss: 102.3268 - val_loss: 573.1317
Epoch 844/5000
3/3 - 1s - loss: 102.2891 - val_loss: 573.1483
Epoch 845/5000
3/3 - 1s - loss: 102.3195 - val_loss: 573.1774
Epoch 846/5000
3/3 - 1s - loss: 102.2777 - val_loss: 573.1646
Epoch 847/5000
3/3 - 1s - loss: 102.3155 - val_loss: 573.2079
Epoch 848/5000
3/3 - 1s - loss: 102.2679 - val_loss: 572.9233
Epoch 849/5000
3/3 - 1s - loss: 102.2413 - val_loss: 572.9778
Epoch 850/5000
3/3 - 1s - loss: 102.2467 - val_loss: 572.9406
Epoch 851/5000
3/3 - 1s - loss: 102.2206 - val_loss: 573.0926
Epoch 852/5000
3/3 - 1s - loss: 102.2962 - val_loss: 573.0084
Epoch 853/5000
3/3 - 1s - loss: 102.2041 - val_loss: 572.9617
Epoch 854/5000
3/3 - 1s - loss: 102.1986 - val_loss: 573.4572
Epoch 855/5000
3/3 - 1s - loss: 102.2822 - val_loss: 573.0908
Epoch 856/5000
3/3 - 1s - loss: 102.1875 - val_loss: 573.0386
Epoch 857/5000
3/3 - 1s - loss: 102.2004 - val_loss: 573.4515
Epoch 858/5000
3/3 - 1s - loss: 102.2153 - val_loss: 573.4120
Epoch 859/5000
3/3 - 1s - loss: 102.2311 - val_loss: 573.5307
Epoch 860/5000
3/3 - 1s - loss: 102.2020 - val_loss: 573.4233
Epoch 861/5000
3/3 - 1s - loss: 102.1942 - val_loss: 573.5801
Epoch 862/5000
3/3 - 1s - loss: 102.2371 - val_loss: 573.1903
Epoch 863/5000
3/3 - 1s - loss: 102.1688 - val_loss: 573.1604
Epoch 864/5000
3/3 - 1s - loss: 102.2024 - val_loss: 573.6725
Epoch 865/5000
3/3 - 1s - loss: 102.1738 - val_loss: 573.3896
Epoch 866/5000
3/3 - 1s - loss: 102.1657 - val_loss: 573.5538
Epoch 867/5000
3/3 - 1s - loss: 102.1780 - val_loss: 573.4418
Epoch 868/5000
3/3 - 1s - loss: 102.1463 - val_loss: 573.3258
Epoch 869/5000
3/3 - 1s - loss: 102.1592 - val_loss: 573.3721
Epoch 870/5000
3/3 - 1s - loss: 102.1390 - val_loss: 573.4284
Epoch 871/5000
3/3 - 1s - loss: 102.1696 - val_loss: 573.5070
Epoch 872/5000
3/3 - 1s - loss: 102.1396 - val_loss: 573.4459
Epoch 873/5000
3/3 - 1s - loss: 102.1548 - val_loss: 573.5251
Epoch 874/5000
3/3 - 1s - loss: 102.1453 - val_loss: 573.3770
Epoch 875/5000
3/3 - 1s - loss: 102.1062 - val_loss: 573.4606
Epoch 876/5000
3/3 - 1s - loss: 102.1697 - val_loss: 573.3434
Epoch 877/5000
3/3 - 1s - loss: 102.0838 - val_loss: 573.2930
Epoch 878/5000
3/3 - 1s - loss: 102.1307 - val_loss: 573.7345
Epoch 879/5000
3/3 - 1s - loss: 102.1078 - val_loss: 573.3351
Epoch 880/5000
3/3 - 1s - loss: 102.0674 - val_loss: 573.4536
Epoch 881/5000
3/3 - 1s - loss: 102.1328 - val_loss: 573.5621
Epoch 882/5000
3/3 - 1s - loss: 102.0665 - val_loss: 573.4366
Epoch 883/5000
3/3 - 1s - loss: 102.0970 - val_loss: 573.5980
Epoch 884/5000
3/3 - 1s - loss: 102.0645 - val_loss: 573.5681
Epoch 885/5000
3/3 - 1s - loss: 102.0874 - val_loss: 573.9835
Epoch 886/5000
3/3 - 1s - loss: 102.0990 - val_loss: 573.7433
Epoch 887/5000
3/3 - 1s - loss: 102.0544 - val_loss: 573.6703
Epoch 888/5000
3/3 - 1s - loss: 102.0658 - val_loss: 573.8369
Epoch 889/5000
3/3 - 1s - loss: 102.0664 - val_loss: 573.8084
Epoch 890/5000
3/3 - 1s - loss: 102.0569 - val_loss: 573.7769
Epoch 891/5000
3/3 - 1s - loss: 102.0302 - val_loss: 574.0278
Epoch 892/5000
3/3 - 1s - loss: 102.1036 - val_loss: 574.2221
Epoch 893/5000
3/3 - 1s - loss: 102.0330 - val_loss: 573.7776
Epoch 894/5000
3/3 - 1s - loss: 102.0016 - val_loss: 574.1248
Epoch 895/5000
3/3 - 1s - loss: 102.0821 - val_loss: 574.1783
Epoch 896/5000
3/3 - 1s - loss: 102.0113 - val_loss: 574.0247
Epoch 897/5000
3/3 - 1s - loss: 102.0420 - val_loss: 574.2233
Epoch 898/5000
3/3 - 1s - loss: 102.0009 - val_loss: 573.9014
Epoch 899/5000
3/3 - 1s - loss: 101.9826 - val_loss: 574.3337
Epoch 900/5000
3/3 - 1s - loss: 102.0693 - val_loss: 574.2205
Epoch 901/5000
3/3 - 1s - loss: 101.9804 - val_loss: 574.0244
Epoch 902/5000
3/3 - 1s - loss: 102.0017 - val_loss: 574.4561
Epoch 903/5000
3/3 - 1s - loss: 102.0069 - val_loss: 574.3152
Epoch 904/5000
3/3 - 1s - loss: 101.9895 - val_loss: 574.5198
Epoch 905/5000
3/3 - 1s - loss: 102.0371 - val_loss: 574.4437
Epoch 906/5000
3/3 - 1s - loss: 101.9792 - val_loss: 574.5809
Epoch 907/5000
3/3 - 1s - loss: 102.0729 - val_loss: 574.6994
Epoch 908/5000
3/3 - 1s - loss: 101.9683 - val_loss: 574.4004
Epoch 909/5000
3/3 - 1s - loss: 102.0071 - val_loss: 574.8969
Epoch 910/5000
3/3 - 1s - loss: 101.9794 - val_loss: 574.5093
Epoch 911/5000
3/3 - 1s - loss: 101.9403 - val_loss: 574.7782
Epoch 912/5000
3/3 - 1s - loss: 102.0962 - val_loss: 574.9984
Epoch 913/5000
3/3 - 1s - loss: 101.9656 - val_loss: 574.5854
Epoch 914/5000
3/3 - 1s - loss: 101.9947 - val_loss: 574.9636
Epoch 915/5000
3/3 - 1s - loss: 101.9532 - val_loss: 574.5079
Epoch 916/5000
3/3 - 1s - loss: 101.9179 - val_loss: 574.8654
Epoch 917/5000
3/3 - 1s - loss: 102.0345 - val_loss: 575.1892
Epoch 918/5000
3/3 - 1s - loss: 101.9259 - val_loss: 574.6619
Epoch 919/5000
3/3 - 1s - loss: 101.9190 - val_loss: 574.8805
Epoch 920/5000
3/3 - 1s - loss: 101.9025 - val_loss: 574.9210
Epoch 921/5000
3/3 - 1s - loss: 101.9316 - val_loss: 574.9105
Epoch 922/5000
3/3 - 1s - loss: 101.9016 - val_loss: 574.8364
Epoch 923/5000
3/3 - 1s - loss: 101.9160 - val_loss: 575.2254
Epoch 924/5000
3/3 - 1s - loss: 101.9027 - val_loss: 575.0390
Epoch 925/5000
3/3 - 1s - loss: 101.8789 - val_loss: 575.0545
Epoch 926/5000
3/3 - 1s - loss: 101.8796 - val_loss: 575.0309
Epoch 927/5000
3/3 - 1s - loss: 101.8759 - val_loss: 575.3855
Epoch 928/5000
3/3 - 1s - loss: 101.9909 - val_loss: 575.6487
Epoch 929/5000
3/3 - 1s - loss: 101.8768 - val_loss: 575.0219
Epoch 930/5000
3/3 - 1s - loss: 101.8531 - val_loss: 575.1826
Epoch 931/5000
3/3 - 1s - loss: 101.8647 - val_loss: 575.2385
Epoch 932/5000
3/3 - 1s - loss: 101.8594 - val_loss: 575.2302
Epoch 933/5000
3/3 - 1s - loss: 101.8346 - val_loss: 575.4211
Epoch 934/5000
3/3 - 1s - loss: 101.8749 - val_loss: 575.1653
Epoch 935/5000
3/3 - 1s - loss: 101.8201 - val_loss: 575.2493
Epoch 936/5000
3/3 - 1s - loss: 101.8751 - val_loss: 575.8596
Epoch 937/5000
3/3 - 1s - loss: 101.8272 - val_loss: 575.3704
Epoch 938/5000
3/3 - 1s - loss: 101.8006 - val_loss: 575.4579
Epoch 939/5000
3/3 - 1s - loss: 101.8194 - val_loss: 575.3883
Epoch 940/5000
3/3 - 1s - loss: 101.7839 - val_loss: 575.5029
Epoch 941/5000
3/3 - 1s - loss: 101.7791 - val_loss: 575.5596
Epoch 942/5000
3/3 - 1s - loss: 101.7615 - val_loss: 575.8007
Epoch 943/5000
3/3 - 1s - loss: 101.7903 - val_loss: 575.4220
Epoch 944/5000
3/3 - 1s - loss: 101.7342 - val_loss: 575.3873
Epoch 945/5000
3/3 - 1s - loss: 101.7872 - val_loss: 576.3264
Epoch 946/5000
3/3 - 1s - loss: 101.7993 - val_loss: 575.7175
Epoch 947/5000
3/3 - 1s - loss: 101.7273 - val_loss: 576.0137
Epoch 948/5000
3/3 - 1s - loss: 101.8160 - val_loss: 575.9281

Epoch 00948: ReduceLROnPlateau reducing learning rate to 1.0000000474974514e-05.
Epoch 949/5000
3/3 - 1s - loss: 101.7164 - val_loss: 575.8000
Epoch 950/5000
3/3 - 1s - loss: 101.7010 - val_loss: 575.6843
Epoch 951/5000
3/3 - 1s - loss: 101.6904 - val_loss: 575.6468
Epoch 952/5000
3/3 - 1s - loss: 101.6881 - val_loss: 575.7008
Epoch 953/5000
3/3 - 1s - loss: 101.6923 - val_loss: 575.7981
Epoch 954/5000
3/3 - 1s - loss: 101.7002 - val_loss: 575.8622
Epoch 955/5000
3/3 - 1s - loss: 101.7037 - val_loss: 575.8357
Epoch 956/5000
3/3 - 1s - loss: 101.6958 - val_loss: 575.7366
Epoch 957/5000
3/3 - 1s - loss: 101.6876 - val_loss: 575.7043
Epoch 958/5000
3/3 - 1s - loss: 101.6859 - val_loss: 575.7572
Epoch 959/5000
3/3 - 1s - loss: 101.6917 - val_loss: 575.8224
Epoch 960/5000
3/3 - 1s - loss: 101.6970 - val_loss: 575.8187
Epoch 961/5000
3/3 - 1s - loss: 101.6931 - val_loss: 575.7896
Epoch 962/5000
3/3 - 1s - loss: 101.6890 - val_loss: 575.7682
Epoch 963/5000
3/3 - 1s - loss: 101.6866 - val_loss: 575.7737
Epoch 964/5000
3/3 - 1s - loss: 101.6885 - val_loss: 575.8228
Epoch 965/5000
3/3 - 1s - loss: 101.6936 - val_loss: 575.8519
Epoch 966/5000
3/3 - 1s - loss: 101.6938 - val_loss: 575.8323
Epoch 967/5000
3/3 - 1s - loss: 101.6889 - val_loss: 575.7989
Epoch 968/5000
3/3 - 1s - loss: 101.6850 - val_loss: 575.7898
Epoch 969/5000
3/3 - 1s - loss: 101.6841 - val_loss: 575.8126
Epoch 970/5000
3/3 - 1s - loss: 101.6867 - val_loss: 575.8237
Epoch 971/5000
3/3 - 1s - loss: 101.6855 - val_loss: 575.8145
Epoch 972/5000
3/3 - 1s - loss: 101.6840 - val_loss: 575.8037
Epoch 973/5000
3/3 - 1s - loss: 101.6822 - val_loss: 575.8038
Epoch 974/5000
3/3 - 1s - loss: 101.6814 - val_loss: 575.8175
Epoch 975/5000
3/3 - 1s - loss: 101.6809 - val_loss: 575.8281
Epoch 976/5000
3/3 - 1s - loss: 101.6814 - val_loss: 575.8224
Epoch 977/5000
3/3 - 1s - loss: 101.6790 - val_loss: 575.8086
Epoch 978/5000
3/3 - 1s - loss: 101.6775 - val_loss: 575.8459
Epoch 979/5000
3/3 - 1s - loss: 101.6831 - val_loss: 575.8778
Epoch 980/5000
3/3 - 1s - loss: 101.6827 - val_loss: 575.8324
Epoch 981/5000
3/3 - 1s - loss: 101.6761 - val_loss: 575.7979
Epoch 982/5000
3/3 - 1s - loss: 101.6736 - val_loss: 575.8229
Epoch 983/5000
3/3 - 1s - loss: 101.6771 - val_loss: 575.8643
Epoch 984/5000
3/3 - 1s - loss: 101.6795 - val_loss: 575.8432
Epoch 985/5000
3/3 - 1s - loss: 101.6735 - val_loss: 575.8187
Epoch 986/5000
3/3 - 1s - loss: 101.6714 - val_loss: 575.8549
Epoch 987/5000
3/3 - 1s - loss: 101.6760 - val_loss: 575.9049
Epoch 988/5000
3/3 - 1s - loss: 101.6791 - val_loss: 575.8871
Epoch 989/5000
3/3 - 1s - loss: 101.6733 - val_loss: 575.8679
Epoch 990/5000
3/3 - 1s - loss: 101.6717 - val_loss: 575.9074
Epoch 991/5000
3/3 - 1s - loss: 101.6787 - val_loss: 575.9271
Epoch 992/5000
3/3 - 1s - loss: 101.6752 - val_loss: 575.8793
Epoch 993/5000
3/3 - 1s - loss: 101.6703 - val_loss: 575.8704
Epoch 994/5000
3/3 - 1s - loss: 101.6701 - val_loss: 575.9160
Epoch 995/5000
3/3 - 1s - loss: 101.6754 - val_loss: 575.9589
Epoch 996/5000
3/3 - 1s - loss: 101.6755 - val_loss: 575.9080
Epoch 997/5000
3/3 - 1s - loss: 101.6675 - val_loss: 575.8608
Epoch 998/5000
3/3 - 1s - loss: 101.6642 - val_loss: 575.8862
Epoch 999/5000
3/3 - 1s - loss: 101.6673 - val_loss: 575.9395
Epoch 1000/5000
3/3 - 1s - loss: 101.6712 - val_loss: 575.9623
Epoch 1001/5000
3/3 - 1s - loss: 101.6706 - val_loss: 575.9543
Epoch 1002/5000
3/3 - 1s - loss: 101.6685 - val_loss: 575.9428
Epoch 1003/5000
3/3 - 1s - loss: 101.6670 - val_loss: 575.9395
Epoch 1004/5000
3/3 - 1s - loss: 101.6661 - val_loss: 575.9483
Epoch 1005/5000
3/3 - 1s - loss: 101.6658 - val_loss: 575.9709
Epoch 1006/5000
3/3 - 1s - loss: 101.6683 - val_loss: 576.0188
Epoch 1007/5000
3/3 - 1s - loss: 101.6735 - val_loss: 575.9987
Epoch 1008/5000
3/3 - 1s - loss: 101.6643 - val_loss: 575.9160
Epoch 1009/5000
3/3 - 1s - loss: 101.6585 - val_loss: 575.9210
Epoch 1010/5000
3/3 - 1s - loss: 101.6603 - val_loss: 575.9675
Epoch 1011/5000
3/3 - 1s - loss: 101.6635 - val_loss: 575.9824
Epoch 1012/5000
3/3 - 1s - loss: 101.6614 - val_loss: 575.9861
Epoch 1013/5000
3/3 - 1s - loss: 101.6623 - val_loss: 576.0189
Epoch 1014/5000
3/3 - 1s - loss: 101.6663 - val_loss: 576.0223
Epoch 1015/5000
3/3 - 1s - loss: 101.6619 - val_loss: 575.9935
Epoch 1016/5000
3/3 - 1s - loss: 101.6585 - val_loss: 576.0027
Epoch 1017/5000
3/3 - 1s - loss: 101.6605 - val_loss: 576.0225
Epoch 1018/5000
3/3 - 1s - loss: 101.6591 - val_loss: 576.0090
Epoch 1019/5000
3/3 - 1s - loss: 101.6570 - val_loss: 576.0093
Epoch 1020/5000
3/3 - 1s - loss: 101.6569 - val_loss: 576.0281
Epoch 1021/5000
3/3 - 1s - loss: 101.6600 - val_loss: 576.0461
Epoch 1022/5000
3/3 - 1s - loss: 101.6574 - val_loss: 576.0265
Epoch 1023/5000
3/3 - 1s - loss: 101.6552 - val_loss: 576.0422
Epoch 1024/5000
3/3 - 1s - loss: 101.6569 - val_loss: 576.0900
Epoch 1025/5000
3/3 - 1s - loss: 101.6626 - val_loss: 576.0858
Epoch 1026/5000
3/3 - 1s - loss: 101.6558 - val_loss: 576.0150
Epoch 1027/5000
3/3 - 1s - loss: 101.6495 - val_loss: 575.9902
Epoch 1028/5000
3/3 - 1s - loss: 101.6488 - val_loss: 576.0386
Epoch 1029/5000
3/3 - 1s - loss: 101.6539 - val_loss: 576.0944
Epoch 1030/5000
3/3 - 1s - loss: 101.6564 - val_loss: 576.0779
Epoch 1031/5000
3/3 - 1s - loss: 101.6517 - val_loss: 576.0517
Epoch 1032/5000
3/3 - 1s - loss: 101.6497 - val_loss: 576.0900
Epoch 1033/5000
3/3 - 1s - loss: 101.6544 - val_loss: 576.1260
Epoch 1034/5000
3/3 - 1s - loss: 101.6538 - val_loss: 576.0741
Epoch 1035/5000
3/3 - 1s - loss: 101.6474 - val_loss: 576.0299
Epoch 1036/5000
3/3 - 1s - loss: 101.6445 - val_loss: 576.0581
Epoch 1037/5000
3/3 - 1s - loss: 101.6473 - val_loss: 576.1162
Epoch 1038/5000
3/3 - 1s - loss: 101.6538 - val_loss: 576.1337
Epoch 1039/5000
3/3 - 1s - loss: 101.6512 - val_loss: 576.0978
Epoch 1040/5000
3/3 - 1s - loss: 101.6460 - val_loss: 576.0703
Epoch 1041/5000
3/3 - 1s - loss: 101.6441 - val_loss: 576.1177
Epoch 1042/5000
3/3 - 1s - loss: 101.6505 - val_loss: 576.1639
Epoch 1043/5000
3/3 - 1s - loss: 101.6509 - val_loss: 576.1340
Epoch 1044/5000
3/3 - 1s - loss: 101.6448 - val_loss: 576.0996
Epoch 1045/5000
3/3 - 1s - loss: 101.6428 - val_loss: 576.1369
Epoch 1046/5000
3/3 - 1s - loss: 101.6474 - val_loss: 576.1848
Epoch 1047/5000
3/3 - 1s - loss: 101.6499 - val_loss: 576.1641
Epoch 1048/5000
3/3 - 1s - loss: 101.6431 - val_loss: 576.1357

Epoch 01048: ReduceLROnPlateau reducing learning rate to 1.0000000656873453e-06.
{'MAE': 572.92334,
 'MAPE': 2.5844097,
 'MASE': 1.0064675,
 'MSE': 1159665.4,
 'RMSE': 1076.8777}
