Model: 9_Future_Prediction

Epoch 1/100
3/3 - 0s - loss: 3680.3169
Epoch 2/100
3/3 - 0s - loss: 1884.3936
Epoch 3/100
3/3 - 0s - loss: 456.0936
Epoch 4/100
3/3 - 0s - loss: 1075.6318
Epoch 5/100
3/3 - 0s - loss: 858.7244
Epoch 6/100
3/3 - 0s - loss: 402.8551
Epoch 7/100
3/3 - 0s - loss: 606.7301
Epoch 8/100
3/3 - 0s - loss: 546.6384
Epoch 9/100
3/3 - 0s - loss: 370.7159
Epoch 10/100
3/3 - 0s - loss: 482.7808
Epoch 11/100
3/3 - 0s - loss: 386.3962
Epoch 12/100
3/3 - 0s - loss: 388.4723
Epoch 13/100
3/3 - 0s - loss: 355.5590
Epoch 14/100
3/3 - 0s - loss: 344.0709
Epoch 15/100
3/3 - 0s - loss: 318.8313
Epoch 16/100
3/3 - 0s - loss: 321.9196
Epoch 17/100
3/3 - 0s - loss: 289.3147
Epoch 18/100
3/3 - 0s - loss: 292.5319
Epoch 19/100
3/3 - 0s - loss: 285.9969
Epoch 20/100
3/3 - 0s - loss: 274.2475
Epoch 21/100
3/3 - 0s - loss: 274.1155
Epoch 22/100
3/3 - 0s - loss: 273.9476
Epoch 23/100
3/3 - 0s - loss: 269.3730
Epoch 24/100
3/3 - 0s - loss: 265.4062
Epoch 25/100
3/3 - 0s - loss: 262.8486
Epoch 26/100
3/3 - 0s - loss: 261.1207
Epoch 27/100
3/3 - 0s - loss: 259.0456
Epoch 28/100
3/3 - 0s - loss: 257.1886
Epoch 29/100
3/3 - 0s - loss: 255.8054
Epoch 30/100
3/3 - 0s - loss: 254.5781
Epoch 31/100
3/3 - 0s - loss: 253.4830
Epoch 32/100
3/3 - 0s - loss: 252.5050
Epoch 33/100
3/3 - 0s - loss: 251.5126
Epoch 34/100
3/3 - 0s - loss: 250.7744
Epoch 35/100
3/3 - 0s - loss: 250.9483
Epoch 36/100
3/3 - 0s - loss: 256.2725
Epoch 37/100
3/3 - 0s - loss: 285.6057
Epoch 38/100
3/3 - 0s - loss: 360.2585
Epoch 39/100
3/3 - 0s - loss: 334.7396
Epoch 40/100
3/3 - 0s - loss: 275.0038
Epoch 41/100
3/3 - 0s - loss: 247.9897
Epoch 42/100
3/3 - 0s - loss: 244.3070
Epoch 43/100
3/3 - 0s - loss: 246.2792
Epoch 44/100
3/3 - 0s - loss: 253.9094
Epoch 45/100
3/3 - 0s - loss: 272.7072
Epoch 46/100
3/3 - 0s - loss: 284.2094
Epoch 47/100
3/3 - 0s - loss: 292.8434
Epoch 48/100
3/3 - 0s - loss: 277.5218
Epoch 49/100
3/3 - 0s - loss: 266.7036
Epoch 50/100
3/3 - 0s - loss: 251.2718
Epoch 51/100
3/3 - 0s - loss: 247.1120
Epoch 52/100
3/3 - 0s - loss: 248.7500
Epoch 53/100
3/3 - 0s - loss: 257.6025
Epoch 54/100
3/3 - 0s - loss: 264.4293
Epoch 55/100
3/3 - 0s - loss: 270.1222
Epoch 56/100
3/3 - 0s - loss: 268.8094
Epoch 57/100
3/3 - 0s - loss: 269.1018
Epoch 58/100
3/3 - 0s - loss: 261.6558
Epoch 59/100
3/3 - 0s - loss: 257.3200
Epoch 60/100
3/3 - 0s - loss: 251.6183
Epoch 61/100
3/3 - 0s - loss: 249.0564
Epoch 62/100
3/3 - 0s - loss: 253.2091
Epoch 63/100
3/3 - 0s - loss: 258.3746
Epoch 64/100
3/3 - 0s - loss: 266.0897
Epoch 65/100
3/3 - 0s - loss: 300.9924
Epoch 66/100
3/3 - 0s - loss: 288.0823
Epoch 67/100
3/3 - 0s - loss: 256.5022
Epoch 68/100
3/3 - 0s - loss: 237.1119
Epoch 69/100
3/3 - 0s - loss: 232.4371
Epoch 70/100
3/3 - 0s - loss: 229.9672
Epoch 71/100
3/3 - 0s - loss: 230.8175
Epoch 72/100
3/3 - 0s - loss: 240.7819
Epoch 73/100
3/3 - 0s - loss: 268.6687
Epoch 74/100
3/3 - 0s - loss: 290.2012
Epoch 75/100
3/3 - 0s - loss: 281.3594
Epoch 76/100
3/3 - 0s - loss: 254.5067
Epoch 77/100
3/3 - 0s - loss: 245.7911
Epoch 78/100
3/3 - 0s - loss: 245.1863
Epoch 79/100
3/3 - 0s - loss: 251.3923
Epoch 80/100
3/3 - 0s - loss: 254.5972
Epoch 81/100
3/3 - 0s - loss: 269.6116
Epoch 82/100
3/3 - 0s - loss: 262.1642
Epoch 83/100
3/3 - 0s - loss: 254.9995
Epoch 84/100
3/3 - 0s - loss: 247.6912
Epoch 85/100
3/3 - 0s - loss: 248.3172
Epoch 86/100
3/3 - 0s - loss: 247.2218
Epoch 87/100
3/3 - 0s - loss: 253.2748
Epoch 88/100
3/3 - 0s - loss: 256.5447
Epoch 89/100
3/3 - 0s - loss: 265.8314
Epoch 90/100
3/3 - 0s - loss: 255.0397
Epoch 91/100
3/3 - 0s - loss: 252.6730
Epoch 92/100
3/3 - 0s - loss: 246.8111
Epoch 93/100
3/3 - 0s - loss: 247.7064
Epoch 94/100
3/3 - 0s - loss: 243.6282
Epoch 95/100
3/3 - 0s - loss: 246.3109
Epoch 96/100
3/3 - 0s - loss: 245.6886
Epoch 97/100
3/3 - 0s - loss: 252.6998
Epoch 98/100
3/3 - 0s - loss: 254.7988
Epoch 99/100
3/3 - 0s - loss: 259.3546
Epoch 100/100
3/3 - 0s - loss: 249.9049
Prediction on:
 [56573.5554719  52147.82118698 49764.1320816  50032.69313676
 47885.62525472 45604.61575361 43144.47129086] -> Prediction: 55631.1640625

Prediction on:
 [52147.82118698 49764.1320816  50032.69313676 47885.62525472
 45604.61575361 43144.47129086 55631.1640625 ] -> Prediction: 50220.17578125

Prediction on:
 [49764.1320816  50032.69313676 47885.62525472 45604.61575361
 43144.47129086 55631.1640625  50220.17578125] -> Prediction: 50367.66015625

Prediction on:
 [50032.69313676 47885.62525472 45604.61575361 43144.47129086
 55631.1640625  50220.17578125 50367.66015625] -> Prediction: 48676.52734375

Prediction on:
 [47885.62525472 45604.61575361 43144.47129086 55631.1640625
 50220.17578125 50367.66015625 48676.52734375] -> Prediction: 46497.47265625

Prediction on:
 [45604.61575361 43144.47129086 55631.1640625  50220.17578125
 50367.66015625 48676.52734375 46497.47265625] -> Prediction: 45026.0

Prediction on:
 [43144.47129086 55631.1640625  50220.17578125 50367.66015625
 48676.52734375 46497.47265625 45026.        ] -> Prediction: 50561.78125

Prediction on:
 [55631.1640625  50220.17578125 50367.66015625 48676.52734375
 46497.47265625 45026.         50561.78125   ] -> Prediction: 53095.07421875

Prediction on:
 [50220.17578125 50367.66015625 48676.52734375 46497.47265625
 45026.         50561.78125    53095.07421875] -> Prediction: 50276.27734375

Prediction on:
 [50367.66015625 48676.52734375 46497.47265625 45026.
 50561.78125    53095.07421875 50276.27734375] -> Prediction: 49607.96875

Prediction on:
 [48676.52734375 46497.47265625 45026.         50561.78125
 53095.07421875 50276.27734375 49607.96875   ] -> Prediction: 47326.5859375

Prediction on:
 [46497.47265625 45026.         50561.78125    53095.07421875
 50276.27734375 49607.96875    47326.5859375 ] -> Prediction: 46095.49609375

Prediction on:
 [45026.         50561.78125    53095.07421875 50276.27734375
 49607.96875    47326.5859375  46095.49609375] -> Prediction: 48631.36328125

Prediction on:
 [50561.78125    53095.07421875 50276.27734375 49607.96875
 47326.5859375  46095.49609375 48631.36328125] -> Prediction: 52437.44921875

