Model: "Model7_Tri_Embed_GLoVe"
__________________________________________________________________________________________________
Layer (type)                    Output Shape         Param #     Connected to                     
==================================================================================================
token_inputs (InputLayer)       [(None,)]            0                                            
__________________________________________________________________________________________________
text_vectorization (TextVectori (None, 55)           0           token_inputs[0][0]               
__________________________________________________________________________________________________
char_inputs (InputLayer)        [(None, 1)]          0                                            
__________________________________________________________________________________________________
GLoVe_Embedding (Embedding)     (None, 55, 300)      19452900    text_vectorization[0][0]         
__________________________________________________________________________________________________
char_vectoriser (TextVectorizat (None, 55)           0           char_inputs[0][0]                
__________________________________________________________________________________________________
global_average_pooling1d (Globa (None, 300)          0           GLoVe_Embedding[0][0]            
__________________________________________________________________________________________________
char_embed (Embedding)          (None, 55, 25)       700         char_vectoriser[0][0]            
__________________________________________________________________________________________________
dense (Dense)                   (None, 128)          38528       global_average_pooling1d[0][0]   
__________________________________________________________________________________________________
bidirectional (Bidirectional)   (None, 48)           9600        char_embed[0][0]                 
__________________________________________________________________________________________________
M7_char_token_hybrid_embedding  (None, 176)          0           dense[0][0]                      
                                                                 bidirectional[0][0]              
__________________________________________________________________________________________________
line_num_inputs (InputLayer)    [(None, 15)]         0                                            
__________________________________________________________________________________________________
total_num_inputs (InputLayer)   [(None, 20)]         0                                            
__________________________________________________________________________________________________
dense_3 (Dense)                 (None, 256)          45312       M7_char_token_hybrid_embedding[0]
__________________________________________________________________________________________________
dense_1 (Dense)                 (None, 32)           512         line_num_inputs[0][0]            
__________________________________________________________________________________________________
dense_2 (Dense)                 (None, 32)           672         total_num_inputs[0][0]           
__________________________________________________________________________________________________
dropout (Dropout)               (None, 256)          0           dense_3[0][0]                    
__________________________________________________________________________________________________
M7_char_token_pos_embed (Concat (None, 320)          0           dense_1[0][0]                    
                                                                 dense_2[0][0]                    
                                                                 dropout[0][0]                    
__________________________________________________________________________________________________
output_layer (Dense)            (None, 5)            1605        M7_char_token_pos_embed[0][0]    
==================================================================================================
Total params: 19,549,829
Trainable params: 19,549,829
Non-trainable params: 0
__________________________________________________________________________________________________
Epoch 1/5
562/562 - 69s - loss: 1.0993 - accuracy: 0.7215 - val_loss: 0.9540 - val_accuracy: 0.8195
Epoch 2/5
562/562 - 66s - loss: 0.9470 - accuracy: 0.8279 - val_loss: 0.9284 - val_accuracy: 0.8391
Epoch 3/5
562/562 - 71s - loss: 0.9247 - accuracy: 0.8409 - val_loss: 0.9094 - val_accuracy: 0.8451
Epoch 4/5
562/562 - 68s - loss: 0.9138 - accuracy: 0.8494 - val_loss: 0.9072 - val_accuracy: 0.8524
Epoch 5/5
562/562 - 71s - loss: 0.9110 - accuracy: 0.8526 - val_loss: 0.8936 - val_accuracy: 0.8551

Model 7 Results:
{'accuracy': 85.74738514497551,
 'f1': 0.8559153573147171,
 'precision': 0.8592974193951082,
 'recall': 0.8574738514497551}
                        accuracy        f1  precision    recall
Model7_Tri_Embed_GLoVe  0.857474  0.855915   0.859297  0.857474
