Model: 4_Conv1D

Testing lambda layer
----------------------------------------
Original shape: (7,)
Expanded shape: (7, 1)
Original values with expanded shape:
 [[123.65499]
 [125.455  ]
 [108.58483]
 [118.67466]
 [121.33866]
 [120.65533]
 [121.795  ]]
Epoch 1/100
18/18 - 0s - loss: 1604.9854 - mae: 1604.9854 - mse: 7718198.5000 - val_loss: 1401.7406 - val_mae: 1401.7406 - val_mse: 5043572.5000
Epoch 2/100
18/18 - 0s - loss: 293.5963 - mae: 293.5963 - mse: 351710.8438 - val_loss: 1361.1324 - val_mae: 1361.1324 - val_mse: 4800993.5000
Epoch 3/100
18/18 - 0s - loss: 208.5359 - mae: 208.5359 - mse: 212699.5469 - val_loss: 1020.3930 - val_mae: 1020.3930 - val_mse: 3420805.2500
Epoch 4/100
18/18 - 0s - loss: 183.9769 - mae: 183.9769 - mse: 176482.5000 - val_loss: 1007.1115 - val_mae: 1007.1115 - val_mse: 3408453.2500
Epoch 5/100
18/18 - 0s - loss: 179.5856 - mae: 179.5856 - mse: 170005.7500 - val_loss: 1001.1883 - val_mae: 1001.1883 - val_mse: 3273889.2500
Epoch 6/100
18/18 - 0s - loss: 178.0058 - mae: 178.0058 - mse: 168251.6719 - val_loss: 990.6431 - val_mae: 990.6431 - val_mse: 3319178.7500
Epoch 7/100
18/18 - 0s - loss: 176.7851 - mae: 176.7851 - mse: 166715.7969 - val_loss: 969.1590 - val_mae: 969.1590 - val_mse: 3154084.5000
Epoch 8/100
18/18 - 0s - loss: 172.2088 - mae: 172.2088 - mse: 160270.6875 - val_loss: 960.7538 - val_mae: 960.7538 - val_mse: 3058167.2500
Epoch 9/100
18/18 - 0s - loss: 170.5696 - mae: 170.5696 - mse: 157126.4375 - val_loss: 985.9908 - val_mae: 985.9908 - val_mse: 3057066.7500
Epoch 10/100
18/18 - 0s - loss: 168.3135 - mae: 168.3135 - mse: 153453.2188 - val_loss: 946.4434 - val_mae: 946.4434 - val_mse: 2922229.5000
Epoch 11/100
18/18 - 0s - loss: 166.7385 - mae: 166.7385 - mse: 150023.5469 - val_loss: 923.3976 - val_mae: 923.3976 - val_mse: 2876575.7500
Epoch 12/100
18/18 - 0s - loss: 167.2370 - mae: 167.2370 - mse: 148887.3125 - val_loss: 935.4047 - val_mae: 935.4047 - val_mse: 2803513.2500
Epoch 13/100
18/18 - 0s - loss: 163.2939 - mae: 163.2939 - mse: 143172.2344 - val_loss: 965.7479 - val_mae: 965.7479 - val_mse: 2844007.0000
Epoch 14/100
18/18 - 0s - loss: 160.3671 - mae: 160.3671 - mse: 139610.4219 - val_loss: 916.0511 - val_mae: 916.0511 - val_mse: 2675596.5000
Epoch 15/100
18/18 - 0s - loss: 158.9832 - mae: 158.9832 - mse: 138973.2812 - val_loss: 905.3093 - val_mae: 905.3093 - val_mse: 2608453.5000
Epoch 16/100
18/18 - 0s - loss: 155.0136 - mae: 155.0136 - mse: 132700.0312 - val_loss: 865.8671 - val_mae: 865.8671 - val_mse: 2489369.2500
Epoch 17/100
18/18 - 0s - loss: 153.0850 - mae: 153.0850 - mse: 129996.8359 - val_loss: 894.5216 - val_mae: 894.5216 - val_mse: 2502418.5000
Epoch 18/100
18/18 - 0s - loss: 151.9087 - mae: 151.9087 - mse: 127998.5234 - val_loss: 845.6491 - val_mae: 845.6491 - val_mse: 2358942.2500
Epoch 19/100
18/18 - 0s - loss: 148.8022 - mae: 148.8022 - mse: 123421.8281 - val_loss: 884.1164 - val_mae: 884.1164 - val_mse: 2408150.5000
Epoch 20/100
18/18 - 0s - loss: 148.3646 - mae: 148.3646 - mse: 122267.5547 - val_loss: 829.9865 - val_mae: 829.9864 - val_mse: 2332796.0000
Epoch 21/100
18/18 - 0s - loss: 147.1493 - mae: 147.1493 - mse: 120422.3672 - val_loss: 809.6086 - val_mae: 809.6086 - val_mse: 2169889.5000
Epoch 22/100
18/18 - 0s - loss: 144.0251 - mae: 144.0251 - mse: 115211.8906 - val_loss: 809.6663 - val_mae: 809.6663 - val_mse: 2132353.0000
Epoch 23/100
18/18 - 0s - loss: 141.6945 - mae: 141.6945 - mse: 112517.9609 - val_loss: 805.9394 - val_mae: 805.9394 - val_mse: 2091147.1250
Epoch 24/100
18/18 - 0s - loss: 142.6277 - mae: 142.6277 - mse: 111767.6406 - val_loss: 804.9233 - val_mae: 804.9233 - val_mse: 2060245.6250
Epoch 25/100
18/18 - 0s - loss: 138.5459 - mae: 138.5459 - mse: 107852.4609 - val_loss: 765.1888 - val_mae: 765.1888 - val_mse: 1952645.3750
Epoch 26/100
18/18 - 0s - loss: 137.3683 - mae: 137.3683 - mse: 105243.3516 - val_loss: 756.3919 - val_mae: 756.3919 - val_mse: 1942303.6250
Epoch 27/100
18/18 - 0s - loss: 136.6673 - mae: 136.6673 - mse: 105512.3984 - val_loss: 744.7913 - val_mae: 744.7913 - val_mse: 1858745.6250
Epoch 28/100
18/18 - 0s - loss: 133.0934 - mae: 133.0934 - mse: 100132.1094 - val_loss: 746.1152 - val_mae: 746.1152 - val_mse: 1826936.5000
Epoch 29/100
18/18 - 0s - loss: 131.9261 - mae: 131.9261 - mse: 98781.6094 - val_loss: 728.4892 - val_mae: 728.4891 - val_mse: 1775566.1250
Epoch 30/100
18/18 - 0s - loss: 134.3090 - mae: 134.3090 - mse: 98660.8594 - val_loss: 881.9030 - val_mae: 881.9030 - val_mse: 2191521.7500
Epoch 31/100
18/18 - 0s - loss: 140.0767 - mae: 140.0767 - mse: 107144.7969 - val_loss: 741.3542 - val_mae: 741.3542 - val_mse: 1765557.6250
Epoch 32/100
18/18 - 0s - loss: 132.2069 - mae: 132.2069 - mse: 95485.7109 - val_loss: 713.4048 - val_mae: 713.4048 - val_mse: 1687063.8750
Epoch 33/100
18/18 - 0s - loss: 129.5305 - mae: 129.5305 - mse: 91980.2109 - val_loss: 703.4692 - val_mae: 703.4692 - val_mse: 1656114.6250
Epoch 34/100
18/18 - 0s - loss: 126.8870 - mae: 126.8870 - mse: 92697.1875 - val_loss: 694.8815 - val_mae: 694.8815 - val_mse: 1631316.7500
Epoch 35/100
18/18 - 0s - loss: 125.6386 - mae: 125.6386 - mse: 91582.6484 - val_loss: 692.4381 - val_mae: 692.4381 - val_mse: 1600952.2500
Epoch 36/100
18/18 - 0s - loss: 126.9642 - mae: 126.9642 - mse: 91141.9062 - val_loss: 719.8616 - val_mae: 719.8616 - val_mse: 1654898.5000
Epoch 37/100
18/18 - 0s - loss: 125.4161 - mae: 125.4161 - mse: 89256.9219 - val_loss: 675.5715 - val_mae: 675.5715 - val_mse: 1553854.2500
Epoch 38/100
18/18 - 0s - loss: 124.0586 - mae: 124.0586 - mse: 89457.6875 - val_loss: 671.4833 - val_mae: 671.4833 - val_mse: 1556426.3750
Epoch 39/100
18/18 - 0s - loss: 125.5223 - mae: 125.5223 - mse: 89032.6016 - val_loss: 720.4792 - val_mae: 720.4792 - val_mse: 1736269.8750
Epoch 40/100
18/18 - 0s - loss: 123.5847 - mae: 123.5847 - mse: 86902.9688 - val_loss: 662.3094 - val_mae: 662.3094 - val_mse: 1492674.8750
Epoch 41/100
18/18 - 0s - loss: 122.2581 - mae: 122.2581 - mse: 87081.7734 - val_loss: 655.4196 - val_mae: 655.4196 - val_mse: 1478351.2500
Epoch 42/100
18/18 - 0s - loss: 123.1623 - mae: 123.1623 - mse: 88331.3203 - val_loss: 655.6839 - val_mae: 655.6839 - val_mse: 1462086.5000
Epoch 43/100
18/18 - 0s - loss: 120.0153 - mae: 120.0153 - mse: 83447.7734 - val_loss: 649.9520 - val_mae: 649.9520 - val_mse: 1474750.0000
Epoch 44/100
18/18 - 0s - loss: 120.6725 - mae: 120.6725 - mse: 84096.9766 - val_loss: 658.2085 - val_mae: 658.2085 - val_mse: 1506615.1250
Epoch 45/100
18/18 - 0s - loss: 122.0446 - mae: 122.0446 - mse: 86430.1797 - val_loss: 642.9572 - val_mae: 642.9572 - val_mse: 1445224.7500
Epoch 46/100
18/18 - 0s - loss: 120.4305 - mae: 120.4305 - mse: 82065.8594 - val_loss: 638.8859 - val_mae: 638.8859 - val_mse: 1412460.6250
Epoch 47/100
18/18 - 0s - loss: 124.6762 - mae: 124.6762 - mse: 87565.0078 - val_loss: 674.7134 - val_mae: 674.7134 - val_mse: 1483260.7500
Epoch 48/100
18/18 - 0s - loss: 123.0433 - mae: 123.0433 - mse: 85047.7656 - val_loss: 685.0449 - val_mae: 685.0449 - val_mse: 1505824.2500
Epoch 49/100
18/18 - 0s - loss: 120.3641 - mae: 120.3641 - mse: 83384.5469 - val_loss: 648.7684 - val_mae: 648.7684 - val_mse: 1416142.7500
Epoch 50/100
18/18 - 0s - loss: 125.0978 - mae: 125.0978 - mse: 84036.5781 - val_loss: 630.7051 - val_mae: 630.7051 - val_mse: 1398957.3750
Epoch 51/100
18/18 - 0s - loss: 116.8256 - mae: 116.8256 - mse: 79449.9141 - val_loss: 671.7452 - val_mae: 671.7452 - val_mse: 1465374.6250
Epoch 52/100
18/18 - 0s - loss: 120.1735 - mae: 120.1735 - mse: 83633.7734 - val_loss: 653.5813 - val_mae: 653.5813 - val_mse: 1419742.1250
Epoch 53/100
18/18 - 0s - loss: 118.4164 - mae: 118.4164 - mse: 81686.4688 - val_loss: 629.9807 - val_mae: 629.9807 - val_mse: 1363316.8750
Epoch 54/100
18/18 - 0s - loss: 119.7578 - mae: 119.7578 - mse: 82252.5625 - val_loss: 655.2284 - val_mae: 655.2284 - val_mse: 1420347.6250
Epoch 55/100
18/18 - 0s - loss: 116.7384 - mae: 116.7384 - mse: 79616.5391 - val_loss: 619.9792 - val_mae: 619.9792 - val_mse: 1359307.7500
Epoch 56/100
18/18 - 0s - loss: 117.9839 - mae: 117.9839 - mse: 81212.8281 - val_loss: 699.0294 - val_mae: 699.0294 - val_mse: 1596915.8750
Epoch 57/100
18/18 - 0s - loss: 129.2745 - mae: 129.2745 - mse: 88520.1875 - val_loss: 630.1838 - val_mae: 630.1838 - val_mse: 1389275.0000
Epoch 58/100
18/18 - 0s - loss: 118.6697 - mae: 118.6697 - mse: 81127.3984 - val_loss: 639.3163 - val_mae: 639.3163 - val_mse: 1415073.1250
Epoch 59/100
18/18 - 0s - loss: 113.9459 - mae: 113.9459 - mse: 76999.3281 - val_loss: 618.4226 - val_mae: 618.4226 - val_mse: 1351014.1250
Epoch 60/100
18/18 - 0s - loss: 114.4844 - mae: 114.4844 - mse: 77930.5938 - val_loss: 616.0524 - val_mae: 616.0524 - val_mse: 1321189.3750
Epoch 61/100
18/18 - 0s - loss: 113.3410 - mae: 113.3410 - mse: 77569.1641 - val_loss: 617.4907 - val_mae: 617.4907 - val_mse: 1317049.3750
Epoch 62/100
18/18 - 0s - loss: 113.9964 - mae: 113.9964 - mse: 74990.3047 - val_loss: 608.9273 - val_mae: 608.9273 - val_mse: 1308830.8750
Epoch 63/100
18/18 - 0s - loss: 115.5067 - mae: 115.5067 - mse: 77527.1875 - val_loss: 625.1459 - val_mae: 625.1459 - val_mse: 1328283.7500
Epoch 64/100
18/18 - 0s - loss: 114.7550 - mae: 114.7550 - mse: 77463.3438 - val_loss: 688.8701 - val_mae: 688.8701 - val_mse: 1475362.6250
Epoch 65/100
18/18 - 0s - loss: 118.3472 - mae: 118.3472 - mse: 80711.6875 - val_loss: 666.1653 - val_mae: 666.1653 - val_mse: 1417565.2500
Epoch 66/100
18/18 - 0s - loss: 113.8440 - mae: 113.8440 - mse: 77051.8125 - val_loss: 623.2065 - val_mae: 623.2065 - val_mse: 1318563.7500
Epoch 67/100
18/18 - 0s - loss: 115.1527 - mae: 115.1527 - mse: 77842.4453 - val_loss: 616.7603 - val_mae: 616.7603 - val_mse: 1337629.6250
Epoch 68/100
18/18 - 0s - loss: 117.7629 - mae: 117.7629 - mse: 76867.4922 - val_loss: 642.5446 - val_mae: 642.5446 - val_mse: 1405209.2500
Epoch 69/100
18/18 - 0s - loss: 121.8570 - mae: 121.8570 - mse: 81614.7812 - val_loss: 693.4022 - val_mae: 693.4022 - val_mse: 1549533.1250
Epoch 70/100
18/18 - 0s - loss: 120.7015 - mae: 120.7015 - mse: 81596.9922 - val_loss: 623.7008 - val_mae: 623.7008 - val_mse: 1350760.0000
Epoch 71/100
18/18 - 0s - loss: 112.5603 - mae: 112.5603 - mse: 74884.2266 - val_loss: 611.2942 - val_mae: 611.2942 - val_mse: 1286206.0000
Epoch 72/100
18/18 - 0s - loss: 113.8240 - mae: 113.8240 - mse: 76053.5312 - val_loss: 598.4691 - val_mae: 598.4691 - val_mse: 1268672.5000
Epoch 73/100
18/18 - 0s - loss: 112.0312 - mae: 112.0312 - mse: 75151.9922 - val_loss: 609.5428 - val_mae: 609.5428 - val_mse: 1311171.2500
Epoch 74/100
18/18 - 0s - loss: 111.8789 - mae: 111.8789 - mse: 75293.0781 - val_loss: 593.7800 - val_mae: 593.7800 - val_mse: 1262970.2500
Epoch 75/100
18/18 - 0s - loss: 111.3637 - mae: 111.3637 - mse: 74253.5234 - val_loss: 604.6990 - val_mae: 604.6990 - val_mse: 1269773.7500
Epoch 76/100
18/18 - 0s - loss: 113.1198 - mae: 113.1198 - mse: 75596.2578 - val_loss: 604.4432 - val_mae: 604.4432 - val_mse: 1291951.8750
Epoch 77/100
18/18 - 0s - loss: 113.8623 - mae: 113.8623 - mse: 73945.4609 - val_loss: 590.2647 - val_mae: 590.2647 - val_mse: 1252725.5000
Epoch 78/100
18/18 - 0s - loss: 111.2435 - mae: 111.2435 - mse: 73725.5938 - val_loss: 595.5355 - val_mae: 595.5355 - val_mse: 1252538.7500
Epoch 79/100
18/18 - 0s - loss: 112.3567 - mae: 112.3567 - mse: 76302.0625 - val_loss: 606.4443 - val_mae: 606.4443 - val_mse: 1296305.0000
Epoch 80/100
18/18 - 0s - loss: 118.6986 - mae: 118.6986 - mse: 78930.8828 - val_loss: 628.6464 - val_mae: 628.6464 - val_mse: 1312033.1250
Epoch 81/100
18/18 - 0s - loss: 113.6028 - mae: 113.6028 - mse: 74355.5781 - val_loss: 595.4257 - val_mae: 595.4257 - val_mse: 1248963.0000
Epoch 82/100
18/18 - 0s - loss: 114.5900 - mae: 114.5900 - mse: 77534.0547 - val_loss: 590.1754 - val_mae: 590.1754 - val_mse: 1241216.2500
Epoch 83/100
18/18 - 0s - loss: 111.8881 - mae: 111.8881 - mse: 74491.6094 - val_loss: 640.0276 - val_mae: 640.0276 - val_mse: 1374350.2500
Epoch 84/100
18/18 - 0s - loss: 112.5233 - mae: 112.5233 - mse: 73765.0391 - val_loss: 587.1685 - val_mae: 587.1685 - val_mse: 1244484.6250
Epoch 85/100
18/18 - 0s - loss: 110.1290 - mae: 110.1290 - mse: 74291.4453 - val_loss: 587.0355 - val_mae: 587.0355 - val_mse: 1234152.1250
Epoch 86/100
18/18 - 0s - loss: 109.4832 - mae: 109.4832 - mse: 72919.1953 - val_loss: 636.1127 - val_mae: 636.1127 - val_mse: 1320393.1250
Epoch 87/100
18/18 - 0s - loss: 113.8959 - mae: 113.8959 - mse: 74523.8047 - val_loss: 600.2242 - val_mae: 600.2242 - val_mse: 1248328.7500
Epoch 88/100
18/18 - 0s - loss: 110.4079 - mae: 110.4079 - mse: 73211.4453 - val_loss: 585.6813 - val_mae: 585.6813 - val_mse: 1239669.5000
Epoch 89/100
18/18 - 0s - loss: 114.6982 - mae: 114.6982 - mse: 72937.3047 - val_loss: 591.6053 - val_mae: 591.6053 - val_mse: 1232327.8750
Epoch 90/100
18/18 - 0s - loss: 112.1619 - mae: 112.1619 - mse: 71587.3359 - val_loss: 774.6373 - val_mae: 774.6373 - val_mse: 1695148.8750
Epoch 91/100
18/18 - 0s - loss: 113.7468 - mae: 113.7468 - mse: 76217.9141 - val_loss: 587.7477 - val_mae: 587.7477 - val_mse: 1229635.2500
Epoch 92/100
18/18 - 0s - loss: 111.9645 - mae: 111.9645 - mse: 74795.0938 - val_loss: 607.9571 - val_mae: 607.9571 - val_mse: 1258191.0000
Epoch 93/100
18/18 - 0s - loss: 112.2069 - mae: 112.2069 - mse: 74997.4766 - val_loss: 623.8890 - val_mae: 623.8890 - val_mse: 1320983.0000
Epoch 94/100
18/18 - 0s - loss: 110.2864 - mae: 110.2864 - mse: 73379.0078 - val_loss: 591.7626 - val_mae: 591.7626 - val_mse: 1247860.7500
Epoch 95/100
18/18 - 0s - loss: 109.8933 - mae: 109.8933 - mse: 73513.3594 - val_loss: 583.7905 - val_mae: 583.7905 - val_mse: 1216965.5000
Epoch 96/100
18/18 - 0s - loss: 109.1677 - mae: 109.1677 - mse: 71869.8203 - val_loss: 589.3189 - val_mae: 589.3189 - val_mse: 1243645.3750
Epoch 97/100
18/18 - 0s - loss: 110.6294 - mae: 110.6294 - mse: 72656.5547 - val_loss: 629.0193 - val_mae: 629.0193 - val_mse: 1329584.5000
Epoch 98/100
18/18 - 0s - loss: 109.8737 - mae: 109.8737 - mse: 72297.0469 - val_loss: 583.6854 - val_mae: 583.6854 - val_mse: 1230597.8750
Epoch 99/100
18/18 - 0s - loss: 109.1464 - mae: 109.1464 - mse: 72131.2109 - val_loss: 580.1008 - val_mae: 580.1008 - val_mse: 1208714.0000
Epoch 100/100
18/18 - 0s - loss: 110.7984 - mae: 110.7984 - mse: 71932.7500 - val_loss: 635.1714 - val_mae: 635.1714 - val_mse: 1308944.2500
Model: "4_Conv1D"
_________________________________________________________________
Layer (type)                 Output Shape              Param #   
=================================================================
lambda_1 (Lambda)            (None, 1, 7)              0         
_________________________________________________________________
conv1d (Conv1D)              (None, 1, 128)            4608      
_________________________________________________________________
dense (Dense)                (None, 1, 1)              129       
=================================================================
Total params: 4,737
Trainable params: 4,737
Non-trainable params: 0
_________________________________________________________________
None

Model 4 Results:

{'MAE': 580.1008,
 'MAPE': 2.6000774,
 'MASE': 1.0190763,
 'MSE': 1208714.0,
 'RMSE': 1099.4153}
