Model: 3_Dense_W30_H7

Length of train and test sets: (2200, 551)
Train labels are the same before and after window split: False
Epoch 1/100
18/18 - 0s - loss: 1681.3739 - mae: 1681.3739 - mse: 13048166.0000 - val_loss: 3076.6318 - val_mae: 3076.6318 - val_mse: 26533640.0000
Epoch 2/100
18/18 - 0s - loss: 531.9628 - mae: 531.9628 - mse: 1286534.8750 - val_loss: 2173.3325 - val_mae: 2173.3325 - val_mse: 14044564.0000
Epoch 3/100
18/18 - 0s - loss: 427.0768 - mae: 427.0768 - mse: 884737.1250 - val_loss: 2233.1577 - val_mae: 2233.1577 - val_mse: 14929193.0000
Epoch 4/100
18/18 - 0s - loss: 393.5024 - mae: 393.5024 - mse: 769035.8750 - val_loss: 2168.1538 - val_mae: 2168.1538 - val_mse: 14021240.0000
Epoch 5/100
18/18 - 0s - loss: 365.6072 - mae: 365.6072 - mse: 678087.2500 - val_loss: 2141.3833 - val_mae: 2141.3833 - val_mse: 13477596.0000
Epoch 6/100
18/18 - 0s - loss: 345.9907 - mae: 345.9907 - mse: 589063.1875 - val_loss: 1692.2148 - val_mae: 1692.2148 - val_mse: 9216052.0000
Epoch 7/100
18/18 - 0s - loss: 324.7925 - mae: 324.7925 - mse: 530246.5000 - val_loss: 1575.3793 - val_mae: 1575.3793 - val_mse: 8164842.5000
Epoch 8/100
18/18 - 0s - loss: 318.1343 - mae: 318.1343 - mse: 493401.9062 - val_loss: 1636.3666 - val_mae: 1636.3666 - val_mse: 8618989.0000
Epoch 9/100
18/18 - 0s - loss: 305.5035 - mae: 305.5035 - mse: 463609.0938 - val_loss: 1660.5807 - val_mae: 1660.5807 - val_mse: 8397016.0000
Epoch 10/100
18/18 - 0s - loss: 301.2621 - mae: 301.2621 - mse: 437943.7500 - val_loss: 1553.5009 - val_mae: 1553.5009 - val_mse: 7755491.5000
Epoch 11/100
18/18 - 0s - loss: 292.8219 - mae: 292.8219 - mse: 425109.5938 - val_loss: 1526.6483 - val_mae: 1526.6483 - val_mse: 7546804.5000
Epoch 12/100
18/18 - 0s - loss: 282.1862 - mae: 282.1862 - mse: 406351.0000 - val_loss: 1586.7228 - val_mae: 1586.7228 - val_mse: 7947335.5000
Epoch 13/100
18/18 - 0s - loss: 279.5311 - mae: 279.5311 - mse: 396179.8438 - val_loss: 1479.7300 - val_mae: 1479.7300 - val_mse: 7145956.0000
Epoch 14/100
18/18 - 0s - loss: 278.5835 - mae: 278.5835 - mse: 392633.8125 - val_loss: 1458.9543 - val_mae: 1458.9543 - val_mse: 7016333.0000
Epoch 15/100
18/18 - 0s - loss: 275.6613 - mae: 275.6613 - mse: 391649.3438 - val_loss: 1621.6792 - val_mae: 1621.6792 - val_mse: 7881291.5000
Epoch 16/100
18/18 - 0s - loss: 270.2527 - mae: 270.2527 - mse: 372606.4375 - val_loss: 1498.2791 - val_mae: 1498.2791 - val_mse: 7089768.0000
Epoch 17/100
18/18 - 0s - loss: 267.2344 - mae: 267.2344 - mse: 369097.6875 - val_loss: 1633.3995 - val_mae: 1633.3995 - val_mse: 8045655.5000
Epoch 18/100
18/18 - 0s - loss: 269.4843 - mae: 269.4843 - mse: 367322.3750 - val_loss: 1636.2885 - val_mae: 1636.2885 - val_mse: 7816601.0000
Epoch 19/100
18/18 - 0s - loss: 263.0274 - mae: 263.0274 - mse: 356868.0000 - val_loss: 1564.9041 - val_mae: 1564.9041 - val_mse: 7629371.0000
Epoch 20/100
18/18 - 0s - loss: 267.1674 - mae: 267.1674 - mse: 362152.4688 - val_loss: 1410.0812 - val_mae: 1410.0812 - val_mse: 6584913.0000
Epoch 21/100
18/18 - 0s - loss: 255.6282 - mae: 255.6282 - mse: 342652.4688 - val_loss: 1429.9479 - val_mae: 1429.9479 - val_mse: 6659281.0000
Epoch 22/100
18/18 - 0s - loss: 254.2473 - mae: 254.2473 - mse: 338726.4062 - val_loss: 1397.0587 - val_mae: 1397.0587 - val_mse: 6483079.0000
Epoch 23/100
18/18 - 0s - loss: 257.0168 - mae: 257.0168 - mse: 340212.8750 - val_loss: 1373.8429 - val_mae: 1373.8429 - val_mse: 6426374.5000
Epoch 24/100
18/18 - 0s - loss: 261.8648 - mae: 261.8648 - mse: 349857.4062 - val_loss: 1363.4436 - val_mae: 1363.4436 - val_mse: 6303030.5000
Epoch 25/100
18/18 - 0s - loss: 253.8415 - mae: 253.8415 - mse: 331825.5000 - val_loss: 1610.0520 - val_mae: 1610.0520 - val_mse: 7640847.0000
Epoch 26/100
18/18 - 0s - loss: 254.8907 - mae: 254.8907 - mse: 331764.4688 - val_loss: 1444.1779 - val_mae: 1444.1779 - val_mse: 6621348.5000
Epoch 27/100
18/18 - 0s - loss: 247.2237 - mae: 247.2237 - mse: 324979.8125 - val_loss: 1376.2207 - val_mae: 1376.2207 - val_mse: 6298598.0000
Epoch 28/100
18/18 - 0s - loss: 247.0229 - mae: 247.0229 - mse: 322442.6250 - val_loss: 1386.7646 - val_mae: 1386.7646 - val_mse: 6297188.5000
Epoch 29/100
18/18 - 0s - loss: 246.2357 - mae: 246.2357 - mse: 321579.2188 - val_loss: 1423.9109 - val_mae: 1423.9109 - val_mse: 6511687.0000
Epoch 30/100
18/18 - 0s - loss: 244.3053 - mae: 244.3053 - mse: 319574.5625 - val_loss: 1411.1818 - val_mae: 1411.1818 - val_mse: 6531752.0000
Epoch 31/100
18/18 - 0s - loss: 242.7992 - mae: 242.7992 - mse: 311601.4688 - val_loss: 1339.8989 - val_mae: 1339.8989 - val_mse: 6152405.5000
Epoch 32/100
18/18 - 0s - loss: 244.0473 - mae: 244.0473 - mse: 315517.3438 - val_loss: 1329.2190 - val_mae: 1329.2190 - val_mse: 6016233.5000
Epoch 33/100
18/18 - 0s - loss: 246.0598 - mae: 246.0598 - mse: 317862.0000 - val_loss: 1375.6343 - val_mae: 1375.6343 - val_mse: 6182930.5000
Epoch 34/100
18/18 - 0s - loss: 244.4471 - mae: 244.4471 - mse: 315632.4688 - val_loss: 1422.9177 - val_mae: 1422.9177 - val_mse: 6487888.5000
Epoch 35/100
18/18 - 0s - loss: 247.7753 - mae: 247.7753 - mse: 318114.6562 - val_loss: 1413.7756 - val_mae: 1413.7756 - val_mse: 6453442.5000
Epoch 36/100
18/18 - 0s - loss: 243.2914 - mae: 243.2914 - mse: 313160.6250 - val_loss: 1384.7637 - val_mae: 1384.7637 - val_mse: 6336639.5000
Epoch 37/100
18/18 - 0s - loss: 254.0907 - mae: 254.0907 - mse: 325863.0000 - val_loss: 1354.1766 - val_mae: 1354.1766 - val_mse: 6072205.5000
Epoch 38/100
18/18 - 0s - loss: 238.0722 - mae: 238.0722 - mse: 304045.5000 - val_loss: 1384.8833 - val_mae: 1384.8833 - val_mse: 6230289.5000
Epoch 39/100
18/18 - 0s - loss: 244.4289 - mae: 244.4289 - mse: 308836.5312 - val_loss: 1332.0170 - val_mae: 1332.0170 - val_mse: 5960290.5000
Epoch 40/100
18/18 - 0s - loss: 239.2410 - mae: 239.2410 - mse: 306162.5938 - val_loss: 1519.5520 - val_mae: 1519.5520 - val_mse: 6876047.0000
Epoch 41/100
18/18 - 0s - loss: 244.3238 - mae: 244.3238 - mse: 306826.4688 - val_loss: 1491.4845 - val_mae: 1491.4845 - val_mse: 6759955.0000
Epoch 42/100
18/18 - 0s - loss: 246.0790 - mae: 246.0790 - mse: 313651.4375 - val_loss: 1311.4686 - val_mae: 1311.4686 - val_mse: 5890041.0000
Epoch 43/100
18/18 - 0s - loss: 237.9401 - mae: 237.9401 - mse: 297422.1250 - val_loss: 1308.8262 - val_mae: 1308.8262 - val_mse: 5819936.0000
Epoch 44/100
18/18 - 0s - loss: 238.2295 - mae: 238.2295 - mse: 300650.8438 - val_loss: 1323.2252 - val_mae: 1323.2252 - val_mse: 5935184.0000
Epoch 45/100
18/18 - 0s - loss: 234.5627 - mae: 234.5627 - mse: 294380.9062 - val_loss: 1414.7396 - val_mae: 1414.7396 - val_mse: 6288365.0000
Epoch 46/100
18/18 - 0s - loss: 239.2114 - mae: 239.2114 - mse: 298841.8438 - val_loss: 1328.3009 - val_mae: 1328.3009 - val_mse: 5882602.0000
Epoch 47/100
18/18 - 0s - loss: 237.9687 - mae: 237.9687 - mse: 300294.4375 - val_loss: 1421.9075 - val_mae: 1421.9075 - val_mse: 6375637.0000
Epoch 48/100
18/18 - 0s - loss: 237.2862 - mae: 237.2862 - mse: 294866.7500 - val_loss: 1288.8413 - val_mae: 1288.8413 - val_mse: 5685317.5000
Epoch 49/100
18/18 - 0s - loss: 243.4594 - mae: 243.4594 - mse: 299842.5938 - val_loss: 1361.1382 - val_mae: 1361.1382 - val_mse: 6250440.0000
Epoch 50/100
18/18 - 0s - loss: 238.4382 - mae: 238.4382 - mse: 295649.4375 - val_loss: 1328.2786 - val_mae: 1328.2786 - val_mse: 5833012.5000
Epoch 51/100
18/18 - 0s - loss: 231.1438 - mae: 231.1438 - mse: 286655.9375 - val_loss: 1466.0867 - val_mae: 1466.0867 - val_mse: 6690296.5000
Epoch 52/100
18/18 - 0s - loss: 232.5616 - mae: 232.5616 - mse: 287383.0938 - val_loss: 1341.2704 - val_mae: 1341.2704 - val_mse: 5884294.0000
Epoch 53/100
18/18 - 0s - loss: 233.3457 - mae: 233.3457 - mse: 289528.3750 - val_loss: 1283.9343 - val_mae: 1283.9343 - val_mse: 5665487.0000
Epoch 54/100
18/18 - 0s - loss: 232.1131 - mae: 232.1131 - mse: 289218.3438 - val_loss: 1294.9656 - val_mae: 1294.9656 - val_mse: 5682598.0000
Epoch 55/100
18/18 - 0s - loss: 232.2119 - mae: 232.2119 - mse: 283909.5625 - val_loss: 1335.9211 - val_mae: 1335.9211 - val_mse: 5874261.5000
Epoch 56/100
18/18 - 0s - loss: 234.6268 - mae: 234.6268 - mse: 290754.5938 - val_loss: 1313.5840 - val_mae: 1313.5840 - val_mse: 5754467.0000
Epoch 57/100
18/18 - 0s - loss: 232.9547 - mae: 232.9547 - mse: 289559.0625 - val_loss: 1316.8784 - val_mae: 1316.8784 - val_mse: 5776226.0000
Epoch 58/100
18/18 - 0s - loss: 230.7004 - mae: 230.7004 - mse: 280474.2812 - val_loss: 1312.6353 - val_mae: 1312.6353 - val_mse: 5724794.0000
Epoch 59/100
18/18 - 0s - loss: 230.8561 - mae: 230.8561 - mse: 285464.4375 - val_loss: 1281.8851 - val_mae: 1281.8851 - val_mse: 5614785.0000
Epoch 60/100
18/18 - 0s - loss: 230.1430 - mae: 230.1430 - mse: 282379.9375 - val_loss: 1278.9844 - val_mae: 1278.9844 - val_mse: 5657658.5000
Epoch 61/100
18/18 - 0s - loss: 228.5137 - mae: 228.5137 - mse: 279389.6562 - val_loss: 1402.4052 - val_mae: 1402.4052 - val_mse: 6151970.5000
Epoch 62/100
18/18 - 0s - loss: 233.2510 - mae: 233.2510 - mse: 286607.2812 - val_loss: 1305.6343 - val_mae: 1305.6343 - val_mse: 5934795.0000
Epoch 63/100
18/18 - 0s - loss: 235.3808 - mae: 235.3808 - mse: 286352.8750 - val_loss: 1367.0095 - val_mae: 1367.0095 - val_mse: 6112756.0000
Epoch 64/100
18/18 - 0s - loss: 231.6098 - mae: 231.6098 - mse: 283595.7500 - val_loss: 1273.0110 - val_mae: 1273.0110 - val_mse: 5537323.5000
Epoch 65/100
18/18 - 0s - loss: 234.2903 - mae: 234.2903 - mse: 287868.5625 - val_loss: 1363.5514 - val_mae: 1363.5514 - val_mse: 5921503.0000
Epoch 66/100
18/18 - 0s - loss: 229.7984 - mae: 229.7984 - mse: 279965.1562 - val_loss: 1519.3936 - val_mae: 1519.3936 - val_mse: 6852984.5000
Epoch 67/100
18/18 - 0s - loss: 236.1735 - mae: 236.1735 - mse: 288569.8750 - val_loss: 1285.1045 - val_mae: 1285.1045 - val_mse: 5553210.0000
Epoch 68/100
18/18 - 0s - loss: 232.2807 - mae: 232.2807 - mse: 281210.1562 - val_loss: 1270.5853 - val_mae: 1270.5853 - val_mse: 5499447.5000
Epoch 69/100
18/18 - 0s - loss: 228.8696 - mae: 228.8696 - mse: 269175.5938 - val_loss: 1602.4708 - val_mae: 1602.4708 - val_mse: 7540653.0000
Epoch 70/100
18/18 - 0s - loss: 235.2762 - mae: 235.2762 - mse: 288091.0000 - val_loss: 1259.9606 - val_mae: 1259.9606 - val_mse: 5452037.5000
Epoch 71/100
18/18 - 0s - loss: 229.6882 - mae: 229.6882 - mse: 280311.0938 - val_loss: 1265.5615 - val_mae: 1265.5615 - val_mse: 5468265.0000
Epoch 72/100
18/18 - 0s - loss: 227.7411 - mae: 227.7411 - mse: 275279.4062 - val_loss: 1260.5645 - val_mae: 1260.5645 - val_mse: 5457129.0000
Epoch 73/100
18/18 - 0s - loss: 223.8550 - mae: 223.8550 - mse: 271496.2500 - val_loss: 1252.8958 - val_mae: 1252.8958 - val_mse: 5433560.5000
Epoch 74/100
18/18 - 0s - loss: 225.7888 - mae: 225.7888 - mse: 276902.5625 - val_loss: 1332.6824 - val_mae: 1332.6824 - val_mse: 5766240.5000
Epoch 75/100
18/18 - 0s - loss: 228.0296 - mae: 228.0296 - mse: 274778.6875 - val_loss: 1391.2504 - val_mae: 1391.2504 - val_mse: 6167309.5000
Epoch 76/100
18/18 - 0s - loss: 230.8778 - mae: 230.8778 - mse: 282241.5312 - val_loss: 1280.7316 - val_mae: 1280.7316 - val_mse: 5589481.0000
Epoch 77/100
18/18 - 0s - loss: 226.9706 - mae: 226.9706 - mse: 276610.4375 - val_loss: 1275.6482 - val_mae: 1275.6482 - val_mse: 5524190.0000
Epoch 78/100
18/18 - 0s - loss: 226.6876 - mae: 226.6876 - mse: 272534.7812 - val_loss: 1293.0751 - val_mae: 1293.0751 - val_mse: 5622197.0000
Epoch 79/100
18/18 - 0s - loss: 229.7003 - mae: 229.7003 - mse: 272419.9688 - val_loss: 1331.0579 - val_mae: 1331.0579 - val_mse: 5686209.5000
Epoch 80/100
18/18 - 0s - loss: 229.0449 - mae: 229.0449 - mse: 275598.1250 - val_loss: 1307.8390 - val_mae: 1307.8390 - val_mse: 5728187.5000
Epoch 81/100
18/18 - 0s - loss: 228.2821 - mae: 228.2821 - mse: 277258.4375 - val_loss: 1257.0616 - val_mae: 1257.0616 - val_mse: 5569396.5000
Epoch 82/100
18/18 - 0s - loss: 224.0373 - mae: 224.0373 - mse: 270599.3438 - val_loss: 1356.3876 - val_mae: 1356.3876 - val_mse: 5896169.5000
Epoch 83/100
18/18 - 0s - loss: 227.8836 - mae: 227.8836 - mse: 273371.6875 - val_loss: 1313.7395 - val_mae: 1313.7395 - val_mse: 5750696.0000
Epoch 84/100
18/18 - 0s - loss: 225.0087 - mae: 225.0087 - mse: 272774.5000 - val_loss: 1255.1588 - val_mae: 1255.1588 - val_mse: 5468659.0000
Epoch 85/100
18/18 - 0s - loss: 223.5584 - mae: 223.5584 - mse: 269279.6562 - val_loss: 1287.1423 - val_mae: 1287.1423 - val_mse: 5525210.5000
Epoch 86/100
18/18 - 0s - loss: 222.9654 - mae: 222.9654 - mse: 268721.5000 - val_loss: 1326.0664 - val_mae: 1326.0664 - val_mse: 5824027.0000
Epoch 87/100
18/18 - 0s - loss: 232.8735 - mae: 232.8735 - mse: 275564.0938 - val_loss: 1332.3669 - val_mae: 1332.3669 - val_mse: 5710267.5000
Epoch 88/100
18/18 - 0s - loss: 234.9093 - mae: 234.9093 - mse: 281123.5938 - val_loss: 1752.3467 - val_mae: 1752.3467 - val_mse: 7993553.0000
Epoch 89/100
18/18 - 0s - loss: 241.9821 - mae: 241.9821 - mse: 285017.5938 - val_loss: 1264.7655 - val_mae: 1264.7655 - val_mse: 5435946.0000
Epoch 90/100
18/18 - 0s - loss: 230.7197 - mae: 230.7197 - mse: 275799.1875 - val_loss: 1297.0499 - val_mae: 1297.0499 - val_mse: 5627527.0000
Epoch 91/100
18/18 - 0s - loss: 234.7368 - mae: 234.7368 - mse: 280445.6875 - val_loss: 1299.8517 - val_mae: 1299.8517 - val_mse: 5668630.0000
Epoch 92/100
18/18 - 0s - loss: 225.7002 - mae: 225.7002 - mse: 272977.3438 - val_loss: 1257.3739 - val_mae: 1257.3739 - val_mse: 5548777.5000
Epoch 93/100
18/18 - 0s - loss: 229.3636 - mae: 229.3636 - mse: 275897.0312 - val_loss: 1359.5942 - val_mae: 1359.5942 - val_mse: 5961915.5000
Epoch 94/100
18/18 - 0s - loss: 228.3096 - mae: 228.3096 - mse: 273945.0312 - val_loss: 1314.4874 - val_mae: 1314.4874 - val_mse: 5686827.5000
Epoch 95/100
18/18 - 0s - loss: 224.8077 - mae: 224.8077 - mse: 268535.4688 - val_loss: 1270.8044 - val_mae: 1270.8044 - val_mse: 5512170.5000
Epoch 96/100
18/18 - 0s - loss: 227.2867 - mae: 227.2867 - mse: 273254.5000 - val_loss: 1385.1107 - val_mae: 1385.1107 - val_mse: 6033272.5000
Epoch 97/100
18/18 - 0s - loss: 233.4494 - mae: 233.4494 - mse: 275474.5000 - val_loss: 1406.7135 - val_mae: 1406.7135 - val_mse: 6111046.0000
Epoch 98/100
18/18 - 0s - loss: 225.6676 - mae: 225.6676 - mse: 270973.9688 - val_loss: 1285.9392 - val_mae: 1285.9392 - val_mse: 5549060.5000
Epoch 99/100
18/18 - 0s - loss: 222.3333 - mae: 222.3333 - mse: 266641.1875 - val_loss: 1233.3652 - val_mae: 1233.3652 - val_mse: 5297854.5000
Epoch 100/100
18/18 - 0s - loss: 224.5652 - mae: 224.5652 - mse: 269909.6562 - val_loss: 1408.1840 - val_mae: 1408.1840 - val_mse: 6118788.5000

Model 3 Results:

{'MAE': array([  567.3138  ,   446.56433 ,   428.3887  ,   620.33514 ,
         573.842   ,   596.90985 ,   554.1465  ,   465.12677 ,
         585.24744 ,   624.93616 ,   830.94305 ,   840.26447 ,
         985.1826  ,   994.21216 ,   657.50964 ,   317.28125 ,
         266.55664 ,   264.61386 ,   207.96172 ,   230.13248 ,
         176.63652 ,   214.45705 ,   336.75043 ,   333.2706  ,
         241.21109 ,   197.34537 ,   120.67244 ,    64.78404 ,
         136.92809 ,   165.67725 ,   196.35812 ,   405.87418 ,
         316.07822 ,   355.0033  ,   277.83652 ,   327.94547 ,
         291.04834 ,   220.20593 ,   241.57632 ,   251.26111 ,
         525.0321  ,    79.84822 ,    71.22231 ,   142.2385  ,
         192.85939 ,   166.56718 ,   121.263535,   121.341385,
          56.928226,   112.44881 ,   123.73375 ,   141.42844 ,
         281.1748  ,   222.6121  ,   243.65529 ,   347.055   ,
         503.96088 ,   505.88275 ,   479.43027 ,   512.76306 ,
         300.5805  ,   229.12277 ,   279.24597 ,   334.4408  ,
         380.24954 ,   437.90793 ,   394.4579  ,   482.2987  ,
         123.40751 ,   147.22266 ,   280.43945 ,   440.26202 ,
         590.36414 ,   444.8841  ,   328.58984 ,   398.52277 ,
         372.89566 ,   400.00616 ,   581.7718  ,   645.94885 ,
         765.3995  ,   517.22894 ,   172.6264  ,   201.0833  ,
         226.71527 ,   283.1253  ,   251.73914 ,   328.91895 ,
         443.60577 ,   547.4763  ,   410.97253 ,   374.94937 ,
         309.6472  ,   172.99959 ,   222.67216 ,   238.15529 ,
         333.74054 ,   641.8234  ,   646.11554 ,   813.5628  ,
         545.83636 ,   356.05597 ,   195.32701 ,   395.97797 ,
         401.835   ,   506.2139  ,   583.0193  ,   745.74335 ,
        1045.0619  ,  1055.2617  ,   913.9172  ,   405.64664 ,
         230.77959 ,   217.5886  ,   202.58148 ,   288.54962 ,
         312.78314 ,   404.83295 ,   618.68335 ,  1098.4602  ,
        1693.8296  ,  2210.1702  ,  2102.6882  ,  2087.9224  ,
        2234.7012  ,  2470.3923  ,  1174.7946  ,   747.1092  ,
         555.5302  ,   385.9772  ,   427.85953 ,   486.84796 ,
         485.92523 ,   264.6022  ,   286.3006  ,   252.24924 ,
         277.45126 ,   198.61594 ,   380.75113 ,   355.8827  ,
         391.58087 ,   350.7563  ,   444.92328 ,   736.25073 ,
         520.5422  ,   632.7033  ,   319.44678 ,   323.30283 ,
         180.51054 ,   167.69246 ,   174.26486 ,   216.91867 ,
         370.1585  ,   600.58936 ,   709.7772  ,   283.4925  ,
         284.11658 ,   221.19113 ,   161.49394 ,   235.18263 ,
         248.52332 ,   245.80002 ,   237.29117 ,   274.56195 ,
         260.7535  ,   400.74045 ,   484.52054 ,   719.4006  ,
         453.43314 ,   552.10675 ,   680.4354  ,   875.4323  ,
         896.5354  ,  1040.3053  ,   441.10312 ,   274.3082  ,
         327.1341  ,   390.45886 ,   400.82718 ,   439.01215 ,
         452.1599  ,   500.7863  ,   691.3346  ,  1011.0796  ,
         867.74194 ,   316.16632 ,   561.751   ,   685.25323 ,
         354.01355 ,   311.21613 ,   277.97754 ,   240.70119 ,
         377.72574 ,   572.322   ,   625.85425 ,   711.7026  ,
         459.97882 ,   315.26773 ,   386.64594 ,   320.16797 ,
         576.7693  ,   805.6186  ,   668.45984 ,   244.43068 ,
         261.8068  ,   266.3718  ,   213.08482 ,   526.2015  ,
         219.86357 ,    81.2408  ,   251.59265 ,   123.4329  ,
         216.85031 ,   353.20148 ,   400.39148 ,   337.21848 ,
         564.2538  ,   254.4092  ,   323.65417 ,   134.09334 ,
         182.00056 ,   205.81349 ,   250.10129 ,   244.44574 ,
         247.90906 ,   119.64328 ,   233.39552 ,   266.35675 ,
         463.40054 ,   632.6574  ,   349.87628 ,   318.7482  ,
         170.2761  ,    51.688618,   138.18137 ,   121.02289 ,
         115.338036,   201.11162 ,   147.2415  ,   102.4608  ,
          69.083984,   149.18082 ,    99.76535 ,   172.09431 ,
         305.15445 ,   232.67914 ,   147.10869 ,   139.2454  ,
         123.900955,   152.05498 ,   202.42746 ,   204.61385 ,
         177.06837 ,   197.49387 ,   229.96848 ,   294.25894 ,
         585.6483  ,   598.28394 ,   701.53796 ,   790.96295 ,
        1037.5648  ,  1229.139   ,  1284.4443  ,   414.24777 ,
         160.59543 ,   249.16422 ,   272.3976  ,   252.73174 ,
         396.92746 ,   116.137   ,   224.4011  ,   282.6578  ,
         125.67076 ,   294.12305 ,   348.94464 ,   283.26633 ,
         275.37    ,   428.47336 ,   155.09724 ,   216.64816 ,
         150.2468  ,   158.6271  ,   306.91016 ,   253.6532  ,
         568.7775  ,   595.08484 ,   480.09503 ,   579.3701  ,
         358.3432  ,   324.81125 ,   290.54953 ,   319.7475  ,
         223.53517 ,   190.12543 ,   232.11134 ,   372.3259  ,
         658.4949  ,   964.9282  ,  1220.7054  ,  1551.6418  ,
        1434.7678  ,   925.09186 ,   524.43695 ,   230.5992  ,
         195.19379 ,   157.27539 ,   199.3785  ,   370.21878 ,
         341.35843 ,   290.43    ,   294.8446  ,   434.9396  ,
         182.97629 ,   180.70174 ,   418.9089  ,   434.5833  ,
         344.10703 ,   407.40167 ,   345.3478  ,   137.92564 ,
         171.07758 ,   225.34181 ,   127.55148 ,   154.8358  ,
         233.48885 ,   188.90305 ,   287.08398 ,   355.23312 ,
         378.32214 ,   308.8037  ,   158.73117 ,   272.912   ,
         338.8164  ,   389.162   ,   530.8117  ,   603.0399  ,
         508.17288 ,   284.47226 ,   155.78516 ,   218.66617 ,
         299.47882 ,   306.97156 ,   442.87167 ,   591.4672  ,
         771.04803 ,   997.29956 ,  1130.2676  ,  1004.71375 ,
        1097.47    ,   324.98145 ,   270.35464 ,   165.50531 ,
         335.40988 ,   283.3393  ,   274.3351  ,   183.74039 ,
         210.89496 ,   438.57648 ,   695.3181  ,   703.03687 ,
         791.51276 ,  1002.0134  ,   963.4417  ,   988.30963 ,
         399.18695 ,   444.95316 ,   345.2094  ,   459.01245 ,
         552.1383  ,   794.905   ,   809.7393  ,   692.4127  ,
         908.6997  ,  1242.3066  ,  1494.6616  ,  1518.8374  ,
        1026.2322  ,   544.3828  ,   433.7514  ,   769.1867  ,
        1045.4941  ,  1087.7478  ,   983.2057  ,  1183.8307  ,
        1071.2816  ,   819.7771  ,  1099.9398  ,  1387.6655  ,
        1088.7441  ,   277.77847 ,   517.08374 ,   605.8203  ,
         982.72296 ,   859.68085 ,  1002.24475 ,   702.1702  ,
         712.0179  ,   515.6914  ,   813.56476 ,  1576.4066  ,
        2269.1863  ,  2588.8706  ,  2738.6619  ,  2985.862   ,
        3211.8796  ,  2111.0205  ,   777.752   ,   481.81085 ,
        1007.1638  ,  1197.0527  ,  1415.8192  ,  1748.84    ,
        2418.6707  ,  2860.1025  ,  3086.519   ,  2509.646   ,
        2508.861   ,  2661.3975  ,  3375.174   ,  3063.2534  ,
        3692.505   ,  4652.787   ,  4291.0415  ,  4471.171   ,
        4836.439   ,  3467.5159  ,  2653.9048  ,  2198.2095  ,
        4152.4644  ,  5620.7144  ,  5344.0107  ,  1074.8265  ,
        1368.4448  ,   562.5854  ,  2589.5095  ,  2985.0564  ,
        3665.061   ,  3174.611   ,  3339.3052  ,  3984.6545  ,
        4412.0244  ,   987.4624  ,  1380.7269  ,  1544.8352  ,
        1301.2643  ,  2127.2637  ,  2775.5728  ,  3314.4182  ,
        2634.7449  ,  1833.7847  ,  1916.3951  ,  2446.894   ,
        4363.4688  ,  5025.0693  ,  5301.2056  ,  5767.6694  ,
        6756.6025  ,  5697.22    ,  6980.544   ,  3460.1274  ,
        1791.586   ,  1494.7272  ,  1690.3265  ,  2379.2144  ,
        2318.403   ,  3352.773   ,  4215.3154  ,  3270.5688  ,
        2543.5845  ,  3232.2446  ,  5825.4     ,  7099.6855  ,
       10096.715   , 10116.078   ,  5487.354   ,  2806.042   ,
        1833.845   ,  2396.1648  ,  2180.1548  ,  4281.339   ,
        2903.3076  ,  2535.711   ,  2071.2524  ,  2946.0876  ,
        3716.3193  ,  5570.915   ,  5930.865   ,  5708.9546  ,
        4921.4844  ,  2030.259   ,  1643.0883  ,  1653.004   ,
        1897.6826  ,  3897.0815  ,  2396.6262  ,  2203.6023  ,
        2638.4192  ,  4048.5771  ,  3551.7998  ,  4812.8145  ,
        4602.62    ,  2504.904   ,  1841.3009  ,  2007.9744  ,
        3381.6814  ,  3046.822   ,  1936.4465  ,  1761.8762  ,
        1714.4572  ,   507.7729  ,  1015.15906 ,  2056.8242  ,
        1772.9995  ,  1465.942   ,  1284.7836  ,  1609.197   ,
        1808.7998  ,  2481.417   ,  3599.7234  ,  3565.5442  ,
        2148.7178  ,  1743.9381  ,  2801.637   ,  3942.248   ,
        5920.844   ,  7879.565   ,  8378.611   ,  8573.646   ,
        6255.1826  ,  5017.849   ,  4942.1245  ,  3050.565   ,
        2070.7747  ,  2944.0754  ,  3729.6426  ,  5622.7725  ,
        3547.8066  ,  1504.6501  ,  1335.0898  ,  1679.879   ,
         909.4487  ,  1875.7646  ,  1652.7473  ,  2082.5916  ,
        1485.3231  ,  1438.3656  ,  2497.7734  ,  3873.0254  ,
        5866.9233  ,  7606.9688  ,  8006.468   ], dtype=float32),
 'MAPE': array([ 6.4783626,  5.1384788,  4.973416 ,  7.2200217,  6.7557054,
        7.115233 ,  6.6503673,  5.7578664,  7.5670824,  8.271209 ,
       11.2234745, 11.538926 , 13.608381 , 13.69     ,  9.094485 ,
        4.352773 ,  3.6099308,  3.5090044,  2.7696922,  3.0667336,
        2.3876007,  2.8977838,  4.590554 ,  4.5462656,  3.28269  ,
        2.657876 ,  1.6233033,  0.8680172,  1.8511415,  2.2746372,
        2.7266886,  5.6480694,  4.4605675,  5.1717315,  4.046529 ,
        4.784292 ,  4.2508492,  3.2425246,  3.486163 ,  3.5409837,
        7.245858 ,  1.1042966,  0.9874221,  1.9695066,  2.6696644,
        2.3037667,  1.6725941,  1.6696784,  0.7888205,  1.5743643,
        1.7157387,  1.9886007,  3.9253395,  3.0611145,  3.222173 ,
        4.462261 ,  6.439858 ,  6.397757 ,  5.993484 ,  6.379591 ,
        3.7195604,  2.7324626,  3.313832 ,  3.86193  ,  4.31911  ,
        4.9772253,  4.498989 ,  5.476814 ,  1.3897889,  1.6951352,
        3.2641258,  5.137131 ,  6.9387527,  5.250054 ,  3.8795161,
        4.685437 ,  4.3284454,  4.3693137,  6.2989435,  6.923734 ,
        8.200477 ,  5.5197806,  1.8322207,  2.1539254,  2.43912  ,
        3.0284479,  2.669354 ,  3.3918135,  4.504691 ,  5.4882827,
        4.0611744,  3.680092 ,  3.0208097,  1.7052706,  2.2281744,
        2.3941057,  3.3767323,  6.5005264,  6.612632 ,  8.312306 ,
        5.6161933,  3.6761534,  1.9883407,  4.118891 ,  4.3482785,
        5.616029 ,  6.498149 ,  8.434198 , 11.88351  , 12.040838 ,
       10.466658 ,  4.6637077,  2.6385744,  2.4515395,  2.2593725,
        3.267514 ,  3.7946918,  4.953777 ,  7.6314406, 15.918277 ,
       25.938793 , 35.8712   , 36.383266 , 38.408356 , 41.31275  ,
       45.933903 , 22.08313  , 13.967021 ,  9.859634 ,  6.757536 ,
        6.9202003,  7.685583 ,  7.5179615,  4.2233663,  4.551908 ,
        4.039903 ,  4.3126917,  3.0317183,  6.066785 ,  5.7338076,
        6.232841 ,  5.4970355,  6.8164244, 10.964415 ,  7.6189594,
        9.100532 ,  4.535782 ,  4.509498 ,  2.5479658,  2.3931117,
        2.421562 ,  3.0940826,  5.3654346,  8.707798 , 10.30355  ,
        4.1180277,  4.052122 ,  3.1256886,  2.2910388,  3.343659 ,
        3.4713383,  3.4158852,  3.3473988,  3.884928 ,  3.6445544,
        5.319255 ,  6.3253074,  8.987091 ,  5.2717414,  6.3424883,
        7.7306533,  9.905698 , 10.138636 , 11.718915 ,  4.89777  ,
        2.8759637,  3.4327853,  4.0858107,  4.232462 ,  4.63215  ,
        4.7583175,  5.4842668,  7.781133 , 11.25014  ,  9.657657 ,
        3.5504215,  5.881103 ,  7.117419 ,  3.6799595,  3.3073559,
        2.9851224,  2.5907886,  4.091708 ,  6.2668247,  6.922716 ,
        7.8807206,  5.106411 ,  3.5043962,  4.2111554,  3.4581828,
        5.9421835,  8.2877445,  6.8601093,  2.462951 ,  2.6341372,
        2.723344 ,  2.1469107,  5.4346514,  2.262808 ,  0.8342216,
        2.6116438,  1.2974313,  2.2800121,  3.7615888,  4.2530904,
        3.5727918,  5.9993787,  2.6982338,  3.4484994,  1.4280899,
        1.9473864,  2.1932194,  2.66966  ,  2.6076937,  2.6488693,
        1.2705388,  2.5202258,  2.8591352,  5.055706 ,  6.9143114,
        3.82947  ,  3.497535 ,  1.8710716,  0.5661395,  1.5118966,
        1.3273307,  1.2647533,  2.20307  ,  1.5940759,  1.1071339,
        0.7510023,  1.6012717,  1.072693 ,  1.856333 ,  3.300509 ,
        2.5232232,  1.5948445,  1.5116681,  1.3512423,  1.657746 ,
        2.2042134,  2.2163012,  1.8899746,  2.0936134,  2.4012365,
        3.0326235,  5.6466   ,  5.574457 ,  6.35178  ,  7.147397 ,
        9.29767  , 10.882658 , 11.360142 ,  3.6392727,  1.4011871,
        2.2051756,  2.3808944,  2.2170682,  3.5002608,  1.015712 ,
        1.929445 ,  2.414039 ,  1.0816125,  2.5357256,  3.0123637,
        2.4521399,  2.371808 ,  3.652401 ,  1.3052558,  1.7943501,
        1.2495785,  1.3259124,  2.5864232,  2.1399658,  4.849384 ,
        5.1153374,  4.148935 ,  5.036997 ,  3.135341 ,  2.8370183,
        2.5458107,  2.7995028,  1.9331939,  1.6271029,  2.043781 ,
        3.4013982,  6.185926 ,  9.252203 , 11.711687 , 15.02471  ,
       13.962591 ,  9.037342 ,  5.15224  ,  2.2360704,  1.8837011,
        1.5133256,  1.8748144,  3.4375277,  3.1439145,  2.6758063,
        2.7048812,  3.9787629,  1.6808964,  1.6866475,  3.9496117,
        4.114692 ,  3.2682848,  3.8843386,  3.2854767,  1.3075824,
        1.6114084,  2.0950844,  1.1881092,  1.4509865,  2.1942995,
        1.7743092,  2.6996012,  3.3483937,  3.561914 ,  2.9007857,
        1.480369 ,  2.480412 ,  3.030009 ,  3.4520726,  4.6656375,
        5.2879844,  4.444516 ,  2.4809756,  1.3593899,  1.9102318,
        2.626399 ,  2.679419 ,  3.6121168,  4.6770015,  5.989525 ,
        7.724309 ,  8.736524 ,  7.70299  ,  8.321765 ,  2.430327 ,
        2.0447845,  1.2591105,  2.5082302,  2.0886023,  2.0010464,
        1.3558019,  1.5201665,  2.9952838,  4.597657 ,  4.669346 ,
        5.214534 ,  6.5766497,  6.2631683,  6.3857517,  2.55077  ,
        2.890692 ,  2.1558187,  2.8890018,  3.4023125,  4.7249985,
        4.7278414,  3.95534  ,  5.141506 ,  6.901695 ,  8.17462  ,
        8.281302 ,  5.5169263,  2.9071736,  2.4295442,  4.387052 ,
        5.9328012,  6.1910777,  5.611843 ,  6.709794 ,  6.0800257,
        4.395215 ,  5.7441893,  7.2566347,  5.6832285,  1.4615178,
        2.7276905,  3.219484 ,  5.2380104,  4.6293917,  5.4059258,
        3.7935662,  3.8605623,  2.777125 ,  4.081194 ,  7.4187574,
       10.441608 , 11.453411 , 11.964717 , 12.962124 , 13.864581 ,
        9.040234 ,  3.3062682,  2.0153952,  4.178876 ,  4.81178  ,
        5.441487 ,  6.6519938,  8.947813 , 10.373355 , 10.984143 ,
        8.436576 ,  8.065165 ,  8.479992 , 10.4903   ,  9.018459 ,
       10.222746 , 12.474313 , 11.080514 , 11.597175 , 12.457598 ,
        8.809189 ,  6.823198 ,  6.157887 , 11.608539 , 15.614346 ,
       14.914415 ,  3.0221822,  3.6981254,  1.524887 ,  7.609117 ,
        8.919326 , 11.136456 ,  9.7872925, 10.366711 , 12.375883 ,
       13.932649 ,  3.1256213,  4.236294 ,  4.6231785,  3.9423103,
        6.342534 ,  8.146834 ,  9.388819 ,  7.343059 ,  5.0058527,
        5.078789 ,  6.3578963, 10.808316 , 11.752022 , 12.0311985,
       12.794952 , 14.691602 , 12.253458 , 14.820848 ,  7.280003 ,
        3.7258573,  2.9978387,  3.3368304,  4.617469 ,  4.296331 ,
        6.1070514,  7.687247 ,  6.0226254,  4.872345 ,  6.3027577,
       12.120901 , 14.862323 , 21.386606 , 21.478146 , 11.687567 ,
        6.0680656,  3.9168568,  4.8744926,  4.4696407,  8.664902 ,
        5.780246 ,  4.8738813,  3.808384 ,  5.342267 ,  6.6453323,
        9.70622  , 10.189102 ,  9.793112 ,  8.42434  ,  3.4403384,
        2.77049  ,  2.8289967,  3.290312 ,  6.763573 ,  4.2378893,
        3.9455082,  4.840235 ,  7.521717 ,  6.6088705,  8.915771 ,
        8.567645 ,  4.6747518,  3.3639092,  3.550197 ,  5.849881 ,
        5.2267776,  3.3258386,  3.008861 ,  2.9301913,  0.8699511,
        1.7632103,  3.5611484,  3.078855 ,  2.5431116,  2.222363 ,
        2.7640636,  2.9952288,  4.0180826,  5.794308 ,  5.737313 ,
        3.4484506,  2.9167051,  4.7463574,  6.83851  , 10.429349 ,
       14.21858  , 15.4900465, 16.138878 , 12.166169 ,  9.834329 ,
        9.680803 ,  6.0238047,  4.028019 ,  5.4556174,  6.762834 ,
       10.062413 ,  6.290881 ,  2.6665854,  2.3755288,  2.9509077,
        1.6575625,  3.3435078,  2.9372487,  3.700769 ,  2.5712554,
        2.6110215,  4.6502476,  7.492458 , 11.633414 , 15.560958 ,
       17.055025 ], dtype=float32),
 'MASE': 2.1947045,
 'MSE': array([3.61946531e+05, 2.28514422e+05, 2.45521969e+05, 4.40221938e+05,
       3.82456125e+05, 4.00080719e+05, 3.30517938e+05, 2.60959406e+05,
       5.05347531e+05, 5.69416125e+05, 9.04164062e+05, 9.49548500e+05,
       1.14042575e+06, 1.02543006e+06, 4.62198750e+05, 1.20982539e+05,
       9.31449297e+04, 1.13817812e+05, 6.22565469e+04, 6.79899922e+04,
       4.15873047e+04, 5.86985000e+04, 1.50070969e+05, 1.41387328e+05,
       7.41132734e+04, 4.94669219e+04, 2.09603867e+04, 6.60834717e+03,
       2.39643027e+04, 3.96391758e+04, 4.96574648e+04, 1.79960812e+05,
       1.21856312e+05, 2.08243516e+05, 1.35881062e+05, 1.88921297e+05,
       1.52014734e+05, 1.12994633e+05, 9.45464062e+04, 8.28216016e+04,
       2.91000688e+05, 1.16590410e+04, 8.86795898e+03, 2.24756484e+04,
       4.70811172e+04, 2.98275098e+04, 2.07467695e+04, 1.74874004e+04,
       5.44845117e+03, 2.42800547e+04, 2.54124453e+04, 3.67859883e+04,
       9.53403516e+04, 7.24804688e+04, 1.02997133e+05, 2.10436141e+05,
       3.41702500e+05, 3.22422812e+05, 2.85662219e+05, 2.93505844e+05,
       1.09566961e+05, 1.09805445e+05, 1.25243602e+05, 1.96095547e+05,
       2.57426266e+05, 2.49919875e+05, 1.79707406e+05, 2.54581156e+05,
       2.93506621e+04, 3.77961367e+04, 1.13855109e+05, 2.22084266e+05,
       3.74940062e+05, 2.48662828e+05, 1.53985828e+05, 2.00051188e+05,
       1.77083062e+05, 2.58170406e+05, 4.61054531e+05, 5.32461250e+05,
       6.32513500e+05, 2.92616375e+05, 4.79332344e+04, 5.06243945e+04,
       9.47082578e+04, 1.10613859e+05, 8.66765000e+04, 1.47847188e+05,
       2.46495906e+05, 3.56381938e+05, 2.25623219e+05, 1.89998656e+05,
       1.24031609e+05, 3.67678555e+04, 6.97893359e+04, 8.53817188e+04,
       1.91899188e+05, 4.95096656e+05, 5.26358500e+05, 6.73331750e+05,
       3.28711875e+05, 1.61438594e+05, 4.67177344e+04, 1.83692438e+05,
       2.72946438e+05, 4.82622531e+05, 4.98649406e+05, 7.67576750e+05,
       1.24485150e+06, 1.20324625e+06, 8.58310438e+05, 1.96132438e+05,
       7.21372656e+04, 7.11288984e+04, 5.59920117e+04, 1.19829109e+05,
       2.10614359e+05, 2.62302688e+05, 5.33881812e+05, 2.16846725e+06,
       4.14197275e+06, 6.21795500e+06, 5.84577350e+06, 5.72815700e+06,
       5.72587450e+06, 6.18959250e+06, 1.60268038e+06, 6.61110188e+05,
       3.19464438e+05, 1.90355812e+05, 2.63665750e+05, 3.18995719e+05,
       3.37381375e+05, 1.27524227e+05, 1.20169773e+05, 1.11724570e+05,
       9.53641797e+04, 4.32526250e+04, 2.30761266e+05, 2.22285328e+05,
       2.28592688e+05, 1.94202719e+05, 2.51354516e+05, 5.93716312e+05,
       2.88914469e+05, 4.67260156e+05, 1.11521844e+05, 1.41526406e+05,
       4.12681797e+04, 4.11714375e+04, 4.27416484e+04, 6.13272695e+04,
       2.24752688e+05, 4.32214562e+05, 5.37083875e+05, 9.88976562e+04,
       1.00896227e+05, 7.28509297e+04, 3.31278984e+04, 5.83715469e+04,
       8.66491719e+04, 8.49616406e+04, 8.57060000e+04, 1.13100922e+05,
       8.18483125e+04, 1.99085203e+05, 3.11243875e+05, 7.07432625e+05,
       5.40249438e+05, 6.10600312e+05, 7.64387750e+05, 1.04832225e+06,
       9.15346062e+05, 1.08867588e+06, 2.18333109e+05, 1.93408891e+05,
       1.73705312e+05, 2.28079375e+05, 2.04281656e+05, 2.50901047e+05,
       2.83950062e+05, 3.27444875e+05, 7.56323188e+05, 1.23564050e+06,
       8.79881062e+05, 2.03764547e+05, 3.86971906e+05, 5.33662625e+05,
       1.33686969e+05, 1.31137109e+05, 1.31621922e+05, 8.66863281e+04,
       1.86650906e+05, 4.02767188e+05, 4.58691156e+05, 5.42559750e+05,
       2.76313469e+05, 1.48202500e+05, 1.71598438e+05, 1.15046539e+05,
       4.80121344e+05, 8.38814875e+05, 5.24950812e+05, 1.19206250e+05,
       1.54613562e+05, 8.11134375e+04, 9.21689062e+04, 2.90587094e+05,
       6.46038477e+04, 1.00688262e+04, 8.35582734e+04, 2.97010625e+04,
       7.49325391e+04, 2.15607422e+05, 2.01815016e+05, 1.21789734e+05,
       3.51281156e+05, 7.60789531e+04, 1.35527359e+05, 3.55722891e+04,
       4.68758945e+04, 6.45612266e+04, 8.94217344e+04, 7.18912422e+04,
       6.73845938e+04, 2.61439551e+04, 6.81765391e+04, 7.89877344e+04,
       2.50246781e+05, 4.24756594e+05, 1.35527625e+05, 1.36698500e+05,
       3.86691992e+04, 4.21420947e+03, 2.68235410e+04, 2.21989199e+04,
       1.93936250e+04, 6.52787734e+04, 3.07921719e+04, 1.87524121e+04,
       7.47059814e+03, 2.66815605e+04, 1.42875117e+04, 3.88957344e+04,
       1.00741531e+05, 6.04089688e+04, 2.42602422e+04, 2.63229805e+04,
       2.35703418e+04, 3.20819707e+04, 5.17734844e+04, 4.86825859e+04,
       3.86819219e+04, 4.60464570e+04, 7.76449062e+04, 1.27961578e+05,
       7.02691625e+05, 7.81757312e+05, 1.01245806e+06, 1.00548631e+06,
       1.45981362e+06, 1.76911538e+06, 1.73616738e+06, 2.20156516e+05,
       4.51015898e+04, 9.16180391e+04, 9.05934688e+04, 7.79108672e+04,
       2.29270969e+05, 2.16341641e+04, 5.57986523e+04, 9.64146562e+04,
       2.82432871e+04, 1.04559945e+05, 1.64769719e+05, 1.44396609e+05,
       1.11140969e+05, 2.41866969e+05, 4.10365273e+04, 7.40529688e+04,
       3.29647695e+04, 3.33608945e+04, 1.21441859e+05, 7.46234375e+04,
       3.45654469e+05, 3.74190312e+05, 2.63650250e+05, 3.73597719e+05,
       1.82583078e+05, 1.26862391e+05, 1.24833359e+05, 1.41730891e+05,
       5.87527891e+04, 6.63881875e+04, 1.22039594e+05, 2.47597938e+05,
       6.76547625e+05, 1.42804150e+06, 1.86191475e+06, 2.66575325e+06,
       2.12518075e+06, 8.78223188e+05, 3.37966094e+05, 6.28531016e+04,
       5.04951289e+04, 4.02664297e+04, 7.71531875e+04, 2.30756438e+05,
       2.05535062e+05, 1.18676203e+05, 9.88995547e+04, 2.25381141e+05,
       3.51163711e+04, 4.95800508e+04, 2.21286359e+05, 2.45683594e+05,
       1.67092906e+05, 2.54880438e+05, 1.62015859e+05, 3.01335215e+04,
       3.79070742e+04, 6.01364570e+04, 2.53206289e+04, 3.86428672e+04,
       7.29553281e+04, 4.76083594e+04, 1.07623828e+05, 1.63138906e+05,
       1.60273109e+05, 1.12672609e+05, 3.45697070e+04, 1.18222453e+05,
       2.09301188e+05, 2.19130047e+05, 3.75479781e+05, 4.38167188e+05,
       2.76773750e+05, 9.40258828e+04, 3.54804922e+04, 5.34075820e+04,
       1.21399859e+05, 1.30356422e+05, 3.87868531e+05, 6.89956312e+05,
       1.08160288e+06, 1.41693862e+06, 1.52378662e+06, 1.16849675e+06,
       1.25760788e+06, 1.84511016e+05, 9.32726328e+04, 4.09282969e+04,
       1.25613734e+05, 1.02001578e+05, 1.00215461e+05, 4.92149805e+04,
       6.91294609e+04, 4.35991406e+05, 1.09877150e+06, 8.99898312e+05,
       9.39098125e+05, 1.25905625e+06, 1.18272738e+06, 1.08460788e+06,
       2.39869266e+05, 2.87363594e+05, 1.80688984e+05, 2.96861344e+05,
       4.39623906e+05, 1.06976375e+06, 9.80531312e+05, 8.39049438e+05,
       1.15638888e+06, 1.98090275e+06, 2.73480800e+06, 2.48519100e+06,
       1.25900200e+06, 4.19415312e+05, 4.56463000e+05, 1.13418500e+06,
       1.58915838e+06, 1.72815775e+06, 1.62011825e+06, 1.96986312e+06,
       1.71367150e+06, 8.84391375e+05, 1.62653175e+06, 2.13594175e+06,
       1.20454350e+06, 1.25001219e+05, 3.37530875e+05, 5.01548031e+05,
       1.02608862e+06, 8.69863250e+05, 1.20998150e+06, 6.59873000e+05,
       7.67404625e+05, 3.66985719e+05, 1.39955412e+06, 4.99903100e+06,
       8.15458150e+06, 1.05350600e+07, 1.00654540e+07, 1.04845390e+07,
       1.07220190e+07, 4.58295700e+06, 7.67671875e+05, 3.43380375e+05,
       1.30250038e+06, 1.85046012e+06, 3.54820425e+06, 4.50826950e+06,
       7.77350300e+06, 9.87098400e+06, 1.10549990e+07, 9.68666000e+06,
       1.03934590e+07, 1.05050880e+07, 1.48834530e+07, 1.48303210e+07,
       2.32806960e+07, 3.12890800e+07, 2.77248420e+07, 2.52035500e+07,
       2.88794040e+07, 1.76625000e+07, 8.86319300e+06, 8.69450100e+06,
       2.37415600e+07, 3.40279800e+07, 2.99932320e+07, 2.15475050e+06,
       2.19425300e+06, 5.70884562e+05, 9.11173900e+06, 1.26768040e+07,
       1.81045660e+07, 1.35967610e+07, 1.41643010e+07, 1.74449400e+07,
       2.11761080e+07, 1.91002238e+06, 2.34242500e+06, 3.85371600e+06,
       2.29394600e+06, 5.45844750e+06, 8.68220500e+06, 1.39874410e+07,
       8.58882400e+06, 4.94762750e+06, 5.57372650e+06, 9.44326600e+06,
       2.76493260e+07, 3.99644680e+07, 4.42111920e+07, 4.62497800e+07,
       5.73714400e+07, 3.89052160e+07, 5.07219160e+07, 1.25317630e+07,
       3.80093625e+06, 4.13867150e+06, 5.84348350e+06, 8.72346800e+06,
       1.06231670e+07, 1.81184320e+07, 2.36343140e+07, 1.28938630e+07,
       8.66587000e+06, 1.28860690e+07, 5.19029280e+07, 6.40725800e+07,
       1.12154672e+08, 1.06093280e+08, 3.26573820e+07, 1.31255900e+07,
       4.59978350e+06, 9.16290200e+06, 5.61746500e+06, 1.90882500e+07,
       1.09877120e+07, 1.09660000e+07, 1.01988160e+07, 1.39841540e+07,
       1.98993060e+07, 4.14809880e+07, 4.26933680e+07, 3.79215040e+07,
       2.69820440e+07, 6.11035800e+06, 4.18313100e+06, 3.34761175e+06,
       4.20139350e+06, 1.59536830e+07, 8.83463200e+06, 8.37147750e+06,
       1.18685170e+07, 2.41761240e+07, 1.67098570e+07, 2.63915620e+07,
       2.52285500e+07, 9.61156800e+06, 4.51336750e+06, 5.78878450e+06,
       1.41272500e+07, 1.12626580e+07, 4.10090925e+06, 3.81526650e+06,
       3.35660875e+06, 3.32159219e+05, 1.48841838e+06, 5.28007700e+06,
       4.07720125e+06, 3.05648025e+06, 2.60466075e+06, 3.08036725e+06,
       5.51894800e+06, 1.06778980e+07, 1.81686400e+07, 1.49719610e+07,
       6.02296350e+06, 6.19359050e+06, 1.17615560e+07, 2.36007580e+07,
       4.54388240e+07, 7.34091040e+07, 7.86428560e+07, 7.85795520e+07,
       4.63140600e+07, 3.14714660e+07, 2.99219440e+07, 1.35252040e+07,
       6.45658350e+06, 1.10200430e+07, 1.70079000e+07, 3.48073560e+07,
       1.40822820e+07, 2.84916475e+06, 2.39809550e+06, 3.79474525e+06,
       2.35966000e+06, 4.99105850e+06, 3.97175850e+06, 5.37032200e+06,
       3.44105275e+06, 3.85650275e+06, 8.66379400e+06, 2.42615920e+07,
       4.88809080e+07, 7.64178640e+07, 8.24984800e+07], dtype=float32),
 'RMSE': array([  601.61993 ,   478.03183 ,   495.50174 ,   663.49225 ,
         618.43036 ,   632.51935 ,   574.9069  ,   510.84186 ,
         710.878   ,   754.5967  ,   950.8754  ,   974.4478  ,
        1067.9072  ,  1012.6352  ,   679.85205 ,   347.82544 ,
         305.19656 ,   337.36896 ,   249.51263 ,   260.7489  ,
         203.92966 ,   242.27774 ,   387.38995 ,   376.01508 ,
         272.23755 ,   222.4116  ,   144.77702 ,    81.29175 ,
         154.80408 ,   199.0959  ,   222.83957 ,   424.21786 ,
         349.07922 ,   456.33707 ,   368.62048 ,   434.6508  ,
         389.8907  ,   336.14676 ,   307.484   ,   287.78745 ,
         539.4448  ,   107.977036,    94.169846,   149.91881 ,
         216.98184 ,   172.70644 ,   144.0374  ,   132.23994 ,
          73.81363 ,   155.82059 ,   159.41281 ,   191.79674 ,
         308.77234 ,   269.22195 ,   320.93167 ,   458.73322 ,
         584.5532  ,   567.8229  ,   534.4738  ,   541.7618  ,
         331.009   ,   331.36905 ,   353.89774 ,   442.82678 ,
         507.37192 ,   499.9199  ,   423.9191  ,   504.56033 ,
         171.32034 ,   194.4123  ,   337.42422 ,   471.25818 ,
         612.3235  ,   498.66107 ,   392.41028 ,   447.2708  ,
         420.81238 ,   508.10474 ,   679.00995 ,   729.69946 ,
         795.3072  ,   540.94025 ,   218.9366  ,   224.99866 ,
         307.74707 ,   332.58664 ,   294.40872 ,   384.50903 ,
         496.48355 ,   596.97736 ,   474.9981  ,   435.88837 ,
         352.1812  ,   191.74947 ,   264.17673 ,   292.2015  ,
         438.06302 ,   703.6311  ,   725.50574 ,   820.568   ,
         573.334   ,   401.79422 ,   216.14285 ,   428.59357 ,
         522.44275 ,   694.71045 ,   706.1511  ,   876.11456 ,
        1115.7292  ,  1096.9258  ,   926.45044 ,   442.86844 ,
         268.5838  ,   266.7     ,   236.62631 ,   346.1634  ,
         458.92743 ,   512.1549  ,   730.6722  ,  1472.5717  ,
        2035.1837  ,  2493.5828  ,  2417.8035  ,  2393.357   ,
        2392.88    ,  2487.8892  ,  1265.9701  ,   813.08685 ,
         565.21185 ,   436.29788 ,   513.48395 ,   564.79706 ,
         580.8454  ,   357.10535 ,   346.65512 ,   334.25226 ,
         308.8109  ,   207.97266 ,   480.3762  ,   471.47144 ,
         478.11368 ,   440.68436 ,   501.35272 ,   770.5299  ,
         537.5077  ,   683.56433 ,   333.94888 ,   376.19995 ,
         203.14572 ,   202.90747 ,   206.74052 ,   247.64343 ,
         474.0809  ,   657.4303  ,   732.8601  ,   314.47998 ,
         317.64166 ,   269.90912 ,   182.01071 ,   241.60204 ,
         294.3623  ,   291.4818  ,   292.7559  ,   336.3048  ,
         286.09146 ,   446.18967 ,   557.8924  ,   841.0902  ,
         735.01666 ,   781.40924 ,   874.2927  ,  1023.8761  ,
         956.73724 ,  1043.3964  ,   467.26132 ,   439.78278 ,
         416.7797  ,   477.57657 ,   451.9753  ,   500.90027 ,
         532.8696  ,   572.228   ,   869.6685  ,  1111.5936  ,
         938.0198  ,   451.40286 ,   622.0707  ,   730.52216 ,
         365.6323  ,   362.1286  ,   362.79736 ,   294.4254  ,
         432.03116 ,   634.6394  ,   677.26746 ,   736.58655 ,
         525.6553  ,   384.97076 ,   414.24442 ,   339.18512 ,
         692.9079  ,   915.8684  ,   724.5349  ,   345.2626  ,
         393.20932 ,   284.8042  ,   303.59332 ,   539.06134 ,
         254.17288 ,   100.34354 ,   289.06448 ,   172.33997 ,
         273.73807 ,   464.33548 ,   449.23828 ,   348.98386 ,
         592.68976 ,   275.82413 ,   368.1404  ,   188.60617 ,
         216.50842 ,   254.089   ,   299.03467 ,   268.12543 ,
         259.58542 ,   161.69092 ,   261.10638 ,   281.04755 ,
         500.2467  ,   651.7335  ,   368.14078 ,   369.7276  ,
         196.64487 ,    64.91694 ,   163.77895 ,   148.99301 ,
         139.261   ,   255.4971  ,   175.47699 ,   136.93945 ,
          86.432625,   163.34491 ,   119.53039 ,   197.22003 ,
         317.39807 ,   245.78238 ,   155.757   ,   162.24359 ,
         153.52635 ,   179.11441 ,   227.53789 ,   220.64131 ,
         196.67722 ,   214.58438 ,   278.64835 ,   357.7172  ,
         838.267   ,   884.1704  ,  1006.20984 ,  1002.73944 ,
        1208.2275  ,  1330.081   ,  1317.6371  ,   469.2084  ,
         212.37137 ,   302.68472 ,   300.9875  ,   279.12518 ,
         478.82248 ,   147.08557 ,   236.21738 ,   310.5071  ,
         168.0574  ,   323.35733 ,   405.91837 ,   379.99554 ,
         333.3781  ,   491.7997  ,   202.57475 ,   272.12674 ,
         181.56203 ,   182.64966 ,   348.48508 ,   273.1729  ,
         587.9238  ,   611.711   ,   513.4689  ,   611.2264  ,
         427.29742 ,   356.1775  ,   353.31766 ,   376.47162 ,
         242.38976 ,   257.65906 ,   349.34167 ,   497.59216 ,
         822.52515 ,  1195.007   ,  1364.52    ,  1632.7135  ,
        1457.8     ,   937.1357  ,   581.3485  ,   250.70522 ,
         224.71121 ,   200.66498 ,   277.76465 ,   480.37112 ,
         453.35977 ,   344.49414 ,   314.483   ,   474.74326 ,
         187.39363 ,   222.66579 ,   470.41083 ,   495.6648  ,
         408.77002 ,   504.85684 ,   402.51193 ,   173.59009 ,
         194.69739 ,   245.22736 ,   159.12457 ,   196.5779  ,
         270.10245 ,   218.1934  ,   328.06073 ,   403.90457 ,
         400.34125 ,   335.6674  ,   185.9293  ,   343.83493 ,
         457.49445 ,   468.1133  ,   612.76404 ,   661.942   ,
         526.0929  ,   306.6364  ,   188.36267 ,   231.1008  ,
         348.42484 ,   361.04907 ,   622.79095 ,   830.6361  ,
        1040.0013  ,  1190.3523  ,  1234.4175  ,  1080.9703  ,
        1121.4312  ,   429.54745 ,   305.4057  ,   202.30743 ,
         354.4203  ,   319.37686 ,   316.56827 ,   221.84451 ,
         262.92484 ,   660.29645 ,  1048.223   ,   948.62976 ,
         969.0708  ,  1122.0768  ,  1087.5327  ,  1041.4451  ,
         489.7645  ,   536.06305 ,   425.07526 ,   544.84985 ,
         663.04144 ,  1034.2938  ,   990.2178  ,   915.99646 ,
        1075.3552  ,  1407.4454  ,  1653.7255  ,  1576.449   ,
        1122.0526  ,   647.62286 ,   675.6205  ,  1064.9812  ,
        1260.6183  ,  1314.5941  ,  1272.8387  ,  1403.5181  ,
        1309.0728  ,   940.4209  ,  1275.3556  ,  1461.4861  ,
        1097.517   ,   353.5551  ,   580.97406 ,   708.20056 ,
        1012.9604  ,   932.6647  ,  1099.9917  ,   812.3257  ,
         876.01636 ,   605.7935  ,  1183.0275  ,  2235.8513  ,
        2855.6228  ,  3245.776   ,  3172.61    ,  3237.984   ,
        3274.4497  ,  2140.7842  ,   876.1689  ,   585.9867  ,
        1141.2714  ,  1360.3163  ,  1883.6678  ,  2123.2686  ,
        2788.1003  ,  3141.8123  ,  3324.906   ,  3112.3398  ,
        3223.889   ,  3241.1555  ,  3857.908   ,  3851.0156  ,
        4825.0073  ,  5593.6646  ,  5265.4385  ,  5020.314   ,
        5373.9565  ,  4202.6777  ,  2977.1116  ,  2948.644   ,
        4872.5312  ,  5833.3506  ,  5476.608   ,  1467.9069  ,
        1481.3011  ,   755.56903 ,  3018.5657  ,  3560.45    ,
        4254.9463  ,  3687.3787  ,  3763.549   ,  4176.714   ,
        4601.7505  ,  1382.0355  ,  1530.4983  ,  1963.0885  ,
        1514.5779  ,  2336.332   ,  2946.558   ,  3739.9788  ,
        2930.6694  ,  2224.3262  ,  2360.874   ,  3072.99    ,
        5258.2627  ,  6321.746   ,  6649.15    ,  6800.719   ,
        7574.3936  ,  6237.4043  ,  7121.932   ,  3540.0232  ,
        1949.5991  ,  2034.3724  ,  2417.3298  ,  2953.552   ,
        3259.32    ,  4256.575   ,  4861.5137  ,  3590.8027  ,
        2943.785   ,  3589.717   ,  7204.3687  ,  8004.535   ,
       10590.311   , 10300.159   ,  5714.664   ,  3622.9258  ,
        2144.7107  ,  3027.0286  ,  2370.1191  ,  4369.0103  ,
        3314.7717  ,  3311.495   ,  3193.5586  ,  3739.5393  ,
        4460.864   ,  6440.5737  ,  6534.016   ,  6158.044   ,
        5194.4243  ,  2471.9138  ,  2045.2703  ,  1829.6481  ,
        2049.7302  ,  3994.2063  ,  2972.3108  ,  2893.3506  ,
        3445.0715  ,  4916.9224  ,  4087.7693  ,  5137.272   ,
        5022.803   ,  3100.253   ,  2124.4688  ,  2405.9893  ,
        3758.6233  ,  3355.9885  ,  2025.0702  ,  1953.2708  ,
        1832.105   ,   576.3326  ,  1220.0076  ,  2297.8418  ,
        2019.208   ,  1748.2793  ,  1613.8961  ,  1755.0977  ,
        2349.2441  ,  3267.7053  ,  4262.4688  ,  3869.362   ,
        2454.1726  ,  2488.6924  ,  3429.5127  ,  4858.061   ,
        6740.8325  ,  8567.911   ,  8868.081   ,  8864.511   ,
        6805.4434  ,  5609.944   ,  5470.0957  ,  3677.6628  ,
        2540.981   ,  3319.6453  ,  4124.0635  ,  5899.7764  ,
        3752.6367  ,  1687.9469  ,  1548.5786  ,  1948.0106  ,
        1536.1185  ,  2234.0676  ,  1992.9271  ,  2317.3955  ,
        1855.0076  ,  1963.798   ,  2943.4324  ,  4925.6055  ,
        6991.4883  ,  8741.731   ,  9082.867   ], dtype=float32)}
