Model: 2_Dense_W30_H1

Length of train and test sets: (2205, 552)
Train labels are the same before and after window split: False
Epoch 1/100
18/18 - 0s - loss: 813.3785 - mae: 813.3785 - mse: 2537024.2500 - val_loss: 2404.4109 - val_mae: 2404.4109 - val_mse: 13317809.0000
Epoch 2/100
18/18 - 0s - loss: 308.8327 - mae: 308.8327 - mse: 403761.8125 - val_loss: 1541.1418 - val_mae: 1541.1418 - val_mse: 6659181.0000
Epoch 3/100
18/18 - 0s - loss: 245.0572 - mae: 245.0572 - mse: 269396.0625 - val_loss: 1177.7452 - val_mae: 1177.7452 - val_mse: 4373544.0000
Epoch 4/100
18/18 - 0s - loss: 221.4772 - mae: 221.4772 - mse: 236455.7188 - val_loss: 1162.2614 - val_mae: 1162.2614 - val_mse: 3919472.7500
Epoch 5/100
18/18 - 0s - loss: 197.8341 - mae: 197.8341 - mse: 194520.7344 - val_loss: 1181.6326 - val_mae: 1181.6326 - val_mse: 3905562.0000
Epoch 6/100
18/18 - 0s - loss: 219.6624 - mae: 219.6624 - mse: 221496.8906 - val_loss: 1377.1409 - val_mae: 1377.1409 - val_mse: 4831656.0000
Epoch 7/100
18/18 - 0s - loss: 210.4606 - mae: 210.4606 - mse: 200714.7969 - val_loss: 1260.3540 - val_mae: 1260.3540 - val_mse: 4134960.7500
Epoch 8/100
18/18 - 0s - loss: 187.5662 - mae: 187.5662 - mse: 170617.8281 - val_loss: 1012.7902 - val_mae: 1012.7902 - val_mse: 3244793.0000
Epoch 9/100
18/18 - 0s - loss: 181.3979 - mae: 181.3979 - mse: 165624.5938 - val_loss: 1002.3315 - val_mae: 1002.3315 - val_mse: 3118336.0000
Epoch 10/100
18/18 - 0s - loss: 182.9622 - mae: 182.9622 - mse: 163654.5156 - val_loss: 978.9792 - val_mae: 978.9792 - val_mse: 3040450.7500
Epoch 11/100
18/18 - 0s - loss: 175.9642 - mae: 175.9642 - mse: 153126.3281 - val_loss: 1006.1694 - val_mae: 1006.1694 - val_mse: 3262790.5000
Epoch 12/100
18/18 - 0s - loss: 173.6339 - mae: 173.6339 - mse: 150696.9219 - val_loss: 965.4670 - val_mae: 965.4670 - val_mse: 2902735.2500
Epoch 13/100
18/18 - 0s - loss: 169.7836 - mae: 169.7836 - mse: 149462.0000 - val_loss: 1034.3933 - val_mae: 1034.3933 - val_mse: 3419914.2500
Epoch 14/100
18/18 - 0s - loss: 165.7546 - mae: 165.7546 - mse: 147599.2812 - val_loss: 951.3563 - val_mae: 951.3563 - val_mse: 2934439.5000
Epoch 15/100
18/18 - 0s - loss: 166.5890 - mae: 166.5890 - mse: 140618.9531 - val_loss: 946.2814 - val_mae: 946.2814 - val_mse: 2907346.2500
Epoch 16/100
18/18 - 0s - loss: 168.2973 - mae: 168.2973 - mse: 144673.0312 - val_loss: 944.0638 - val_mae: 944.0638 - val_mse: 2894894.2500
Epoch 17/100
18/18 - 0s - loss: 166.4418 - mae: 166.4418 - mse: 141595.7188 - val_loss: 1026.7988 - val_mae: 1026.7988 - val_mse: 2967896.7500
Epoch 18/100
18/18 - 0s - loss: 161.0559 - mae: 161.0559 - mse: 133229.6875 - val_loss: 943.1732 - val_mae: 943.1732 - val_mse: 2639111.5000
Epoch 19/100
18/18 - 0s - loss: 157.2160 - mae: 157.2160 - mse: 126917.5312 - val_loss: 907.5090 - val_mae: 907.5090 - val_mse: 2709464.0000
Epoch 20/100
18/18 - 0s - loss: 152.6020 - mae: 152.6020 - mse: 126744.7734 - val_loss: 859.9158 - val_mae: 859.9158 - val_mse: 2443740.7500
Epoch 21/100
18/18 - 0s - loss: 162.4409 - mae: 162.4409 - mse: 134207.1094 - val_loss: 836.5189 - val_mae: 836.5189 - val_mse: 2273728.0000
Epoch 22/100
18/18 - 0s - loss: 146.6196 - mae: 146.6196 - mse: 115176.7266 - val_loss: 895.6585 - val_mae: 895.6585 - val_mse: 2385455.5000
Epoch 23/100
18/18 - 0s - loss: 147.2426 - mae: 147.2426 - mse: 116843.0859 - val_loss: 950.5394 - val_mae: 950.5394 - val_mse: 2537429.7500
Epoch 24/100
18/18 - 0s - loss: 147.2618 - mae: 147.2618 - mse: 115016.4219 - val_loss: 879.0823 - val_mae: 879.0823 - val_mse: 2568375.5000
Epoch 25/100
18/18 - 0s - loss: 148.0276 - mae: 148.0276 - mse: 113383.1328 - val_loss: 894.7026 - val_mae: 894.7026 - val_mse: 2328819.5000
Epoch 26/100
18/18 - 0s - loss: 142.1209 - mae: 142.1209 - mse: 108618.0547 - val_loss: 851.9412 - val_mae: 851.9412 - val_mse: 2419935.0000
Epoch 27/100
18/18 - 0s - loss: 154.6767 - mae: 154.6767 - mse: 117000.1328 - val_loss: 788.7565 - val_mae: 788.7565 - val_mse: 2060999.5000
Epoch 28/100
18/18 - 0s - loss: 138.3855 - mae: 138.3855 - mse: 105580.9844 - val_loss: 912.3306 - val_mae: 912.3306 - val_mse: 2680789.0000
Epoch 29/100
18/18 - 0s - loss: 145.2013 - mae: 145.2013 - mse: 113205.6797 - val_loss: 845.6744 - val_mae: 845.6744 - val_mse: 2137629.7500
Epoch 30/100
18/18 - 0s - loss: 142.5172 - mae: 142.5172 - mse: 106869.7891 - val_loss: 935.8624 - val_mae: 935.8624 - val_mse: 2460344.7500
Epoch 31/100
18/18 - 0s - loss: 140.3943 - mae: 140.3943 - mse: 105495.9766 - val_loss: 765.7138 - val_mae: 765.7138 - val_mse: 1947568.5000
Epoch 32/100
18/18 - 0s - loss: 148.4911 - mae: 148.4911 - mse: 115198.7578 - val_loss: 757.3268 - val_mae: 757.3268 - val_mse: 1900083.6250
Epoch 33/100
18/18 - 0s - loss: 141.8922 - mae: 141.8922 - mse: 106253.3984 - val_loss: 760.2493 - val_mae: 760.2493 - val_mse: 1884465.0000
Epoch 34/100
18/18 - 0s - loss: 133.4725 - mae: 133.4725 - mse: 99132.0781 - val_loss: 939.4834 - val_mae: 939.4834 - val_mse: 2738136.2500
Epoch 35/100
18/18 - 0s - loss: 152.0353 - mae: 152.0353 - mse: 116502.3047 - val_loss: 763.0506 - val_mae: 763.0506 - val_mse: 1864269.6250
Epoch 36/100
18/18 - 0s - loss: 135.0433 - mae: 135.0433 - mse: 99234.5625 - val_loss: 1033.8855 - val_mae: 1033.8855 - val_mse: 2798646.5000
Epoch 37/100
18/18 - 0s - loss: 150.8662 - mae: 150.8662 - mse: 112317.2734 - val_loss: 740.4554 - val_mae: 740.4554 - val_mse: 1764579.0000
Epoch 38/100
18/18 - 0s - loss: 139.5873 - mae: 139.5873 - mse: 100110.1172 - val_loss: 772.4122 - val_mae: 772.4122 - val_mse: 1851209.1250
Epoch 39/100
18/18 - 0s - loss: 130.5334 - mae: 130.5334 - mse: 92603.3906 - val_loss: 728.6412 - val_mae: 728.6412 - val_mse: 1744117.3750
Epoch 40/100
18/18 - 0s - loss: 131.9945 - mae: 131.9945 - mse: 93319.7812 - val_loss: 743.0277 - val_mae: 743.0277 - val_mse: 1784287.7500
Epoch 41/100
18/18 - 0s - loss: 130.5867 - mae: 130.5867 - mse: 93204.4141 - val_loss: 725.6898 - val_mae: 725.6898 - val_mse: 1729521.0000
Epoch 42/100
18/18 - 0s - loss: 136.3951 - mae: 136.3951 - mse: 100393.4453 - val_loss: 782.1422 - val_mae: 782.1422 - val_mse: 1874610.0000
Epoch 43/100
18/18 - 0s - loss: 132.2382 - mae: 132.2382 - mse: 94103.7031 - val_loss: 724.6029 - val_mae: 724.6029 - val_mse: 1770471.6250
Epoch 44/100
18/18 - 0s - loss: 132.8400 - mae: 132.8400 - mse: 95795.8984 - val_loss: 712.8936 - val_mae: 712.8936 - val_mse: 1666293.0000
Epoch 45/100
18/18 - 0s - loss: 131.8665 - mae: 131.8665 - mse: 91555.4062 - val_loss: 756.9163 - val_mae: 756.9163 - val_mse: 1923296.1250
Epoch 46/100
18/18 - 0s - loss: 134.9265 - mae: 134.9265 - mse: 95175.2266 - val_loss: 769.1423 - val_mae: 769.1423 - val_mse: 1949324.1250
Epoch 47/100
18/18 - 0s - loss: 137.9382 - mae: 137.9382 - mse: 101604.9922 - val_loss: 748.8157 - val_mae: 748.8157 - val_mse: 1747347.5000
Epoch 48/100
18/18 - 0s - loss: 133.6956 - mae: 133.6956 - mse: 97185.6797 - val_loss: 750.0347 - val_mae: 750.0346 - val_mse: 1750570.6250
Epoch 49/100
18/18 - 0s - loss: 130.6103 - mae: 130.6103 - mse: 91462.3281 - val_loss: 753.1666 - val_mae: 753.1666 - val_mse: 1895719.6250
Epoch 50/100
18/18 - 0s - loss: 141.7211 - mae: 141.7211 - mse: 96521.6562 - val_loss: 787.3174 - val_mae: 787.3174 - val_mse: 1991279.3750
Epoch 51/100
18/18 - 0s - loss: 127.3710 - mae: 127.3710 - mse: 86360.8906 - val_loss: 807.8935 - val_mae: 807.8935 - val_mse: 2081094.1250
Epoch 52/100
18/18 - 0s - loss: 129.0806 - mae: 129.0806 - mse: 91842.7031 - val_loss: 688.9563 - val_mae: 688.9563 - val_mse: 1592287.5000
Epoch 53/100
18/18 - 0s - loss: 132.1507 - mae: 132.1507 - mse: 89451.0781 - val_loss: 849.4375 - val_mae: 849.4375 - val_mse: 2238293.5000
Epoch 54/100
18/18 - 0s - loss: 131.7043 - mae: 131.7043 - mse: 93265.0391 - val_loss: 885.3378 - val_mae: 885.3378 - val_mse: 2177307.2500
Epoch 55/100
18/18 - 0s - loss: 153.5362 - mae: 153.5362 - mse: 107565.5391 - val_loss: 693.8392 - val_mae: 693.8392 - val_mse: 1623731.1250
Epoch 56/100
18/18 - 0s - loss: 148.4650 - mae: 148.4650 - mse: 102947.1719 - val_loss: 729.9684 - val_mae: 729.9684 - val_mse: 1659686.7500
Epoch 57/100
18/18 - 0s - loss: 123.2489 - mae: 123.2489 - mse: 84317.9922 - val_loss: 861.3878 - val_mae: 861.3877 - val_mse: 2070437.1250
Epoch 58/100
18/18 - 0s - loss: 127.9409 - mae: 127.9409 - mse: 88744.2500 - val_loss: 825.7232 - val_mae: 825.7232 - val_mse: 2120679.5000
Epoch 59/100
18/18 - 0s - loss: 157.1189 - mae: 157.1189 - mse: 111553.3438 - val_loss: 669.5355 - val_mae: 669.5354 - val_mse: 1496313.7500
Epoch 60/100
18/18 - 0s - loss: 120.1312 - mae: 120.1312 - mse: 80341.3828 - val_loss: 665.9472 - val_mae: 665.9472 - val_mse: 1481153.0000
Epoch 61/100
18/18 - 0s - loss: 124.5078 - mae: 124.5078 - mse: 83976.0000 - val_loss: 778.6351 - val_mae: 778.6351 - val_mse: 1787652.8750
Epoch 62/100
18/18 - 0s - loss: 126.0302 - mae: 126.0302 - mse: 86020.7266 - val_loss: 702.2830 - val_mae: 702.2830 - val_mse: 1652214.8750
Epoch 63/100
18/18 - 0s - loss: 122.4109 - mae: 122.4109 - mse: 83719.1250 - val_loss: 787.6045 - val_mae: 787.6045 - val_mse: 1812753.5000
Epoch 64/100
18/18 - 0s - loss: 129.5605 - mae: 129.5605 - mse: 85518.0859 - val_loss: 787.3113 - val_mae: 787.3113 - val_mse: 1814413.2500
Epoch 65/100
18/18 - 0s - loss: 136.5015 - mae: 136.5015 - mse: 88721.4297 - val_loss: 667.1804 - val_mae: 667.1804 - val_mse: 1501129.1250
Epoch 66/100
18/18 - 0s - loss: 127.5995 - mae: 127.5995 - mse: 84135.8594 - val_loss: 654.6960 - val_mae: 654.6960 - val_mse: 1440211.3750
Epoch 67/100
18/18 - 0s - loss: 121.8008 - mae: 121.8008 - mse: 82105.2891 - val_loss: 723.2723 - val_mae: 723.2723 - val_mse: 1617300.2500
Epoch 68/100
18/18 - 0s - loss: 120.6548 - mae: 120.6548 - mse: 81256.9297 - val_loss: 684.0710 - val_mae: 684.0710 - val_mse: 1506772.6250
Epoch 69/100
18/18 - 0s - loss: 119.6972 - mae: 119.6972 - mse: 81724.3984 - val_loss: 903.0092 - val_mae: 903.0092 - val_mse: 2199499.2500
Epoch 70/100
18/18 - 0s - loss: 128.6144 - mae: 128.6144 - mse: 89796.1484 - val_loss: 944.8315 - val_mae: 944.8315 - val_mse: 2342692.7500
Epoch 71/100
18/18 - 0s - loss: 129.7489 - mae: 129.7489 - mse: 87492.1016 - val_loss: 721.9616 - val_mae: 721.9616 - val_mse: 1606992.7500
Epoch 72/100
18/18 - 0s - loss: 123.3250 - mae: 123.3250 - mse: 81573.7031 - val_loss: 650.5718 - val_mae: 650.5718 - val_mse: 1429445.1250
Epoch 73/100
18/18 - 0s - loss: 123.5879 - mae: 123.5879 - mse: 83936.9453 - val_loss: 645.4161 - val_mae: 645.4161 - val_mse: 1402206.6250
Epoch 74/100
18/18 - 0s - loss: 122.9045 - mae: 122.9045 - mse: 83319.4219 - val_loss: 747.9774 - val_mae: 747.9774 - val_mse: 1765844.5000
Epoch 75/100
18/18 - 0s - loss: 134.2200 - mae: 134.2200 - mse: 90682.7734 - val_loss: 866.6031 - val_mae: 866.6031 - val_mse: 2196192.5000
Epoch 76/100
18/18 - 0s - loss: 131.9078 - mae: 131.9078 - mse: 86328.6406 - val_loss: 647.4508 - val_mae: 647.4508 - val_mse: 1400256.0000
Epoch 77/100
18/18 - 0s - loss: 120.3552 - mae: 120.3552 - mse: 79625.6484 - val_loss: 670.3330 - val_mae: 670.3330 - val_mse: 1451186.3750
Epoch 78/100
18/18 - 0s - loss: 125.4967 - mae: 125.4967 - mse: 84167.5703 - val_loss: 650.5820 - val_mae: 650.5820 - val_mse: 1393965.5000
Epoch 79/100
18/18 - 0s - loss: 116.7350 - mae: 116.7350 - mse: 76861.9922 - val_loss: 632.2787 - val_mae: 632.2787 - val_mse: 1355685.2500
Epoch 80/100
18/18 - 0s - loss: 118.3060 - mae: 118.3060 - mse: 80544.5859 - val_loss: 703.6965 - val_mae: 703.6965 - val_mse: 1540885.1250
Epoch 81/100
18/18 - 0s - loss: 118.0251 - mae: 118.0251 - mse: 78647.0156 - val_loss: 677.6970 - val_mae: 677.6970 - val_mse: 1483939.0000
Epoch 82/100
18/18 - 0s - loss: 116.9648 - mae: 116.9648 - mse: 78396.1172 - val_loss: 650.3576 - val_mae: 650.3576 - val_mse: 1396891.8750
Epoch 83/100
18/18 - 0s - loss: 121.8472 - mae: 121.8472 - mse: 81421.5703 - val_loss: 630.2685 - val_mae: 630.2685 - val_mse: 1356015.7500
Epoch 84/100
18/18 - 0s - loss: 121.6728 - mae: 121.6728 - mse: 78449.5312 - val_loss: 860.6125 - val_mae: 860.6125 - val_mse: 2029816.6250
Epoch 85/100
18/18 - 0s - loss: 140.1627 - mae: 140.1627 - mse: 94851.5234 - val_loss: 705.2924 - val_mae: 705.2924 - val_mse: 1531940.2500
Epoch 86/100
18/18 - 0s - loss: 116.5682 - mae: 116.5682 - mse: 77107.2812 - val_loss: 624.7366 - val_mae: 624.7366 - val_mse: 1331648.5000
Epoch 87/100
18/18 - 0s - loss: 124.6737 - mae: 124.6737 - mse: 80804.6562 - val_loss: 772.4962 - val_mae: 772.4962 - val_mse: 1815354.6250
Epoch 88/100
18/18 - 0s - loss: 123.6211 - mae: 123.6211 - mse: 83258.6797 - val_loss: 641.7990 - val_mae: 641.7990 - val_mse: 1365035.5000
Epoch 89/100
18/18 - 0s - loss: 116.4994 - mae: 116.4994 - mse: 78429.4844 - val_loss: 900.3015 - val_mae: 900.3014 - val_mse: 2154833.7500
Epoch 90/100
18/18 - 0s - loss: 127.5882 - mae: 127.5882 - mse: 83474.6641 - val_loss: 619.5011 - val_mae: 619.5011 - val_mse: 1311055.3750
Epoch 91/100
18/18 - 0s - loss: 121.2121 - mae: 121.2121 - mse: 79298.7109 - val_loss: 625.0393 - val_mae: 625.0393 - val_mse: 1331968.6250
Epoch 92/100
18/18 - 0s - loss: 113.5901 - mae: 113.5901 - mse: 76837.0703 - val_loss: 673.1014 - val_mae: 673.1014 - val_mse: 1441791.8750
Epoch 93/100
18/18 - 0s - loss: 133.3135 - mae: 133.3135 - mse: 89133.9297 - val_loss: 795.4928 - val_mae: 795.4928 - val_mse: 1805004.7500
Epoch 94/100
18/18 - 0s - loss: 147.2184 - mae: 147.2184 - mse: 97619.3438 - val_loss: 618.8826 - val_mae: 618.8826 - val_mse: 1304848.5000
Epoch 95/100
18/18 - 0s - loss: 119.7697 - mae: 119.7697 - mse: 77600.6641 - val_loss: 644.5519 - val_mae: 644.5519 - val_mse: 1362269.6250
Epoch 96/100
18/18 - 0s - loss: 113.6073 - mae: 113.6073 - mse: 75779.3203 - val_loss: 617.8556 - val_mae: 617.8556 - val_mse: 1301616.0000
Epoch 97/100
18/18 - 0s - loss: 116.3852 - mae: 116.3852 - mse: 76848.8203 - val_loss: 809.9261 - val_mae: 809.9261 - val_mse: 1927936.0000
Epoch 98/100
18/18 - 0s - loss: 132.5368 - mae: 132.5368 - mse: 86505.9844 - val_loss: 659.9005 - val_mae: 659.9005 - val_mse: 1428808.3750
Epoch 99/100
18/18 - 0s - loss: 121.6266 - mae: 121.6266 - mse: 77631.1484 - val_loss: 704.9631 - val_mae: 704.9631 - val_mse: 1581656.5000
Epoch 100/100
18/18 - 0s - loss: 115.6346 - mae: 115.6346 - mse: 76560.7891 - val_loss: 622.6181 - val_mae: 622.6181 - val_mse: 1320723.0000

Model 2 Results:

{'MAE': 617.8556,
 'MAPE': 2.7566392,
 'MASE': 1.0800177,
 'MSE': 1301616.0,
 'RMSE': 1140.8839}
